number,value,datetime_start,datetime_complete,duration,params_Q10,params_SPAN,params_TDWI,params_TSUM1,params_TSUM2,state
1081,1750.9715190034253,2024-03-04 11:46:34.449899,2024-03-04 11:46:34.495228,0 days 00:00:00.045329,2.011546647888998,33.02057981414094,0.5566647818696491,682.4802361232781,1324.9958779085093,COMPLETE
1082,242.03386934617876,2024-03-04 11:46:34.683132,2024-03-04 11:46:34.728811,0 days 00:00:00.045679,2.0574449646499198,35.02387707015068,0.5763672196729709,539.3168083062635,1368.6739412604604,COMPLETE
1083,454.3861335647319,2024-03-04 11:46:34.910433,2024-03-04 11:46:34.955855,0 days 00:00:00.045422,1.8975448501104606,34.27426147986224,0.4061537853718633,529.373578649402,1339.1122883000203,COMPLETE
1084,927.9654090615743,2024-03-04 11:46:35.143286,2024-03-04 11:46:35.189185,0 days 00:00:00.045899,2.0959043312139727,30.13043231500347,0.4229823665197596,635.7661741507162,1358.8818744281818,COMPLETE
1085,2322.941138778423,2024-03-04 11:46:35.386898,2024-03-04 11:46:35.436410,0 days 00:00:00.049512,1.948995416837945,33.31430146567798,0.5661073020335989,725.4573498739184,1395.9406335305832,COMPLETE
1086,1049.3808988091803,2024-03-04 11:46:35.636022,2024-03-04 11:46:35.684797,0 days 00:00:00.048775,1.8197091102555478,32.574191723890905,0.43779541460788546,662.4340256048222,1307.9297678158607,COMPLETE
1087,413.1650335417888,2024-03-04 11:46:35.884644,2024-03-04 11:46:35.938590,0 days 00:00:00.053946,1.865694511108536,31.209288286790805,0.5858714613892624,591.8759573554527,1228.6328710105622,COMPLETE
1088,1817.6157812186518,2024-03-04 11:46:36.149131,2024-03-04 11:46:36.206538,0 days 00:00:00.057407,2.199334896600089,33.551184215338694,0.5999213091486203,675.4191064093881,1345.6171366995616,COMPLETE
1089,1405.8994063111431,2024-03-04 11:46:36.423890,2024-03-04 11:46:36.479152,0 days 00:00:00.055262,2.0820940488192115,32.82713692346663,0.5340115203160073,652.1122286891896,1320.4759469049236,COMPLETE
1090,1768.695459063,2024-03-04 11:46:36.684563,2024-03-04 11:46:36.733996,0 days 00:00:00.049433,1.8494327692408143,35.36237638266937,0.5679985082855462,690.463987310554,1335.7209446801505,COMPLETE
1091,2248.4366727882843,2024-03-04 11:46:36.933342,2024-03-04 11:46:36.986889,0 days 00:00:00.053547,2.113086411386973,34.70239955497773,0.5956131282978822,709.5026854181095,1378.8801404713606,COMPLETE
1092,233.80650616784905,2024-03-04 11:46:37.177199,2024-03-04 11:46:37.223018,0 days 00:00:00.045819,1.9651173728718843,30.463405047913568,0.5507033397353887,522.1113993792346,1350.348129029179,COMPLETE
1093,71.00058079291858,2024-03-04 11:46:37.418863,2024-03-04 11:46:37.469404,0 days 00:00:00.050541,2.0724561184432244,33.281161263364034,0.5712998763156113,547.5668839961995,1258.8789368120354,COMPLETE
1094,451.2893041908322,2024-03-04 11:46:37.667995,2024-03-04 11:46:37.714557,0 days 00:00:00.046562,2.1008104440187823,32.324056467200094,0.5893458429237343,575.7251621602018,1262.1927154613281,COMPLETE
1095,38.26639047962097,2024-03-04 11:46:37.909207,2024-03-04 11:46:37.954487,0 days 00:00:00.045280,1.9901875092962067,33.0114819783756,0.5624365669658852,531.61058459519,1362.4392487416483,COMPLETE
1096,536.5234967282513,2024-03-04 11:46:38.142536,2024-03-04 11:46:38.195311,0 days 00:00:00.052775,1.9769501181877478,33.40161965389077,0.4983794970596186,590.3378280836387,1297.9572374289369,COMPLETE
1097,209.6251299352739,2024-03-04 11:46:38.396191,2024-03-04 11:46:38.442215,0 days 00:00:00.046024,2.0616783213191234,31.734040623727626,0.5778267290588469,518.7026459352419,1524.8134011435825,COMPLETE
1098,157.44106949264156,2024-03-04 11:46:38.638248,2024-03-04 11:46:38.683755,0 days 00:00:00.045507,2.032076507136751,34.50049887164106,0.5829753282362036,540.7358599338487,1326.4238945811496,COMPLETE
1099,650.7626193077821,2024-03-04 11:46:38.870937,2024-03-04 11:46:38.917296,0 days 00:00:00.046359,2.019441338115754,33.852551032837674,0.4934596086941503,613.5361297237823,1219.8292511693305,COMPLETE
1100,27.1123578458445,2024-03-04 11:46:39.101431,2024-03-04 11:46:39.147224,0 days 00:00:00.045793,2.046298687006101,35.56908869691322,0.5588889916161982,525.6889605838518,1340.6890165400955,COMPLETE
1101,277.03886048342497,2024-03-04 11:46:39.339514,2024-03-04 11:46:39.395650,0 days 00:00:00.056136,1.95505183729517,32.058295225130294,0.522060597289622,500.77497835604714,1450.5077006825372,COMPLETE
1102,207.66176447237837,2024-03-04 11:46:39.597004,2024-03-04 11:46:39.643437,0 days 00:00:00.046433,2.0865985299058334,35.869363708059396,0.4863655150435303,509.1755500706312,1412.297140799278,COMPLETE
1103,31.11554075157819,2024-03-04 11:46:39.841495,2024-03-04 11:46:39.887022,0 days 00:00:00.045527,1.9692264663774233,33.677478096977346,0.5916749633243619,532.9858312482481,1328.7867969466158,COMPLETE
1104,2388.124332272609,2024-03-04 11:46:40.075295,2024-03-04 11:46:40.125267,0 days 00:00:00.049972,1.9255652394204006,29.841483741572414,0.5082396715011456,770.0630674242243,1312.894427844325,COMPLETE
1105,2491.5211140757724,2024-03-04 11:46:40.332140,2024-03-04 11:46:40.379903,0 days 00:00:00.047763,1.8240146731453835,35.14693447193041,0.5731456435601145,763.364499234352,1352.0665365633913,COMPLETE
1106,124.94195419967757,2024-03-04 11:46:40.569100,2024-03-04 11:46:40.623400,0 days 00:00:00.054300,1.9850046598270932,33.19426102580435,0.4558286303665732,516.9296177590649,1495.2381398844714,COMPLETE
1107,197.14393234790944,2024-03-04 11:46:40.815899,2024-03-04 11:46:40.863328,0 days 00:00:00.047429,2.121265390442041,28.221290822565642,0.5423703218455248,525.9390736568319,1370.1457672408987,COMPLETE
1108,1102.9306459758652,2024-03-04 11:46:41.049831,2024-03-04 11:46:41.096777,0 days 00:00:00.046946,1.9059108281268748,32.75124145861141,0.5642824010546033,624.4517993488486,1341.4100819421767,COMPLETE
1109,185.38951532097144,2024-03-04 11:46:41.297333,2024-03-04 11:46:41.343593,0 days 00:00:00.046260,1.9378499694165503,32.46909967472579,0.5121917338384212,538.9674625302038,1288.3047705840145,COMPLETE
1110,718.7711340023134,2024-03-04 11:46:41.532233,2024-03-04 11:46:41.578657,0 days 00:00:00.046424,2.163100629000465,32.9476507803576,0.5539257125956457,550.462986274817,1577.206219175376,COMPLETE
1111,1437.0806928162785,2024-03-04 11:46:41.766282,2024-03-04 11:46:41.813538,0 days 00:00:00.047256,1.9176632825251958,29.619058748734076,0.5967398217453089,643.2669955349387,1441.8668566936678,COMPLETE
1112,274.7853223185488,2024-03-04 11:46:42.003269,2024-03-04 11:46:42.055144,0 days 00:00:00.051875,2.0020282479138194,34.808236306776074,0.5681782867132734,528.7343791301184,1469.6514861082997,COMPLETE
1113,95.8595958959941,2024-03-04 11:46:42.243175,2024-03-04 11:46:42.291423,0 days 00:00:00.048248,2.0760267298481874,33.49130220207015,0.5805050968219199,535.5160662476295,1333.7293129405257,COMPLETE
1114,1634.3999276205452,2024-03-04 11:46:42.491738,2024-03-04 11:46:42.538597,0 days 00:00:00.046859,2.067110816631389,29.37041015051761,0.5477877594198157,670.6299202390792,1385.9099379490026,COMPLETE
1115,1925.4327917782564,2024-03-04 11:46:42.730678,2024-03-04 11:46:42.779265,0 days 00:00:00.048587,1.8724096896510238,34.20794110865192,0.5298424993445225,704.3039112723494,1360.8356391047005,COMPLETE
1116,2569.5391221731757,2024-03-04 11:46:42.974160,2024-03-04 11:46:43.020123,0 days 00:00:00.045963,1.8303114509027472,34.002643607611695,0.5168105158077944,787.2286316270178,1320.4040335874938,COMPLETE
1117,1283.8801249291096,2024-03-04 11:46:43.209564,2024-03-04 11:46:43.255448,0 days 00:00:00.045884,2.1044340912560573,33.17236283671749,0.5850471796038647,607.1794408029012,1451.157829108532,COMPLETE
1118,2030.4438901217356,2024-03-04 11:46:43.450532,2024-03-04 11:46:43.496967,0 days 00:00:00.046435,2.0519794083052023,36.48944888432692,0.4705434029213777,716.2469248307407,1346.79247272108,COMPLETE
1119,2790.3608629278783,2024-03-04 11:46:43.684117,2024-03-04 11:46:43.730378,0 days 00:00:00.046261,1.9612287456618538,31.160147198865303,0.5754070781914378,798.4631314565094,1354.2336027786387,COMPLETE
1120,107.40480292012565,2024-03-04 11:46:43.915839,2024-03-04 11:46:43.962147,0 days 00:00:00.046308,2.1880838537619725,32.612746877403104,0.5015569960730707,522.1839030960018,1491.6336388895509,COMPLETE
1121,136.22659018570283,2024-03-04 11:46:44.150410,2024-03-04 11:46:44.196515,0 days 00:00:00.046105,2.1338834010938847,33.6598008436088,0.4628931606368748,514.6693206857688,1460.8745730061373,COMPLETE
1122,129.53814865866815,2024-03-04 11:46:44.382743,2024-03-04 11:46:44.428774,0 days 00:00:00.046031,1.979141993685197,33.330162321578264,0.4442689450767635,544.3053341638443,1337.63026818128,COMPLETE
1123,201.42810422342507,2024-03-04 11:46:44.628840,2024-03-04 11:46:44.675838,0 days 00:00:00.046998,1.993677732022546,34.99144285702317,0.4003628351079768,531.3784296790175,1423.6052809279206,COMPLETE
1124,166.563282272878,2024-03-04 11:46:44.861694,2024-03-04 11:46:44.907796,0 days 00:00:00.046102,2.0379408485115844,33.0470460993795,0.4485801428740387,557.637470014575,1374.527367319221,COMPLETE
1125,264.75141184836707,2024-03-04 11:46:45.096315,2024-03-04 11:46:45.142732,0 days 00:00:00.046417,2.0930866131702985,35.28154036631251,0.5249468043557673,523.7278334552982,1518.8035097958375,COMPLETE
1126,1501.6233862787335,2024-03-04 11:46:45.330284,2024-03-04 11:46:45.377146,0 days 00:00:00.046862,2.149997922433851,33.821545230200805,0.5927545941050432,648.1413310908458,1329.4659029287418,COMPLETE
1127,2512.552098877783,2024-03-04 11:46:45.570286,2024-03-04 11:46:45.623146,0 days 00:00:00.052860,1.8030673320429724,31.101814293097874,0.5661242812810471,778.198042328838,1344.5137917065192,COMPLETE
1128,2308.724439420853,2024-03-04 11:46:45.853345,2024-03-04 11:46:45.914652,0 days 00:00:00.061307,1.8223876327109332,34.57684143614256,0.588419023958394,750.8668280253328,1318.7285634820757,COMPLETE
1129,31.391287855214923,2024-03-04 11:46:46.109076,2024-03-04 11:46:46.155616,0 days 00:00:00.046540,1.8513562968519615,32.87731777975393,0.5601379823274616,538.0799518759575,1362.521753471325,COMPLETE
1130,167.51419738951674,2024-03-04 11:46:46.344342,2024-03-04 11:46:46.390904,0 days 00:00:00.046562,1.9745862598405477,36.20894533957785,0.48088044735306257,529.7916451127829,1337.1116806450366,COMPLETE
1131,186.37556543520756,2024-03-04 11:46:46.580785,2024-03-04 11:46:46.633209,0 days 00:00:00.052424,2.0160814633590554,32.33439435490391,0.5691251512942361,544.0534775355692,1354.6656697312733,COMPLETE
1132,380.65551349341393,2024-03-04 11:46:46.829597,2024-03-04 11:46:46.880545,0 days 00:00:00.050948,2.0778450809252957,35.71381935486427,0.4889141504354627,581.7156442176721,1253.4911830505873,COMPLETE
1133,163.47360929019862,2024-03-04 11:46:47.081679,2024-03-04 11:46:47.129630,0 days 00:00:00.047951,1.8642146787885434,31.92721113894211,0.555797376927014,534.9728685085408,1312.3166725586616,COMPLETE
1134,457.81788459884075,2024-03-04 11:46:47.321763,2024-03-04 11:46:47.368040,0 days 00:00:00.046277,1.9471642770818258,28.61463438037363,0.5632274053700156,509.4641080265326,1347.6673199643612,COMPLETE
1135,297.45829120983507,2024-03-04 11:46:47.571879,2024-03-04 11:46:47.624420,0 days 00:00:00.052541,2.063970753947968,33.52059298153951,0.5707423397356741,518.0495690313737,1560.240742172338,COMPLETE
1136,1793.6274135184144,2024-03-04 11:46:47.811902,2024-03-04 11:46:47.857871,0 days 00:00:00.045969,2.0856650263818812,33.17726231483746,0.5956990094624843,678.7629856213375,1327.4631535477129,COMPLETE
1137,97.24911001862831,2024-03-04 11:46:48.041820,2024-03-04 11:46:48.089503,0 days 00:00:00.047683,1.883500792367273,30.92817165580095,0.5748836478941922,525.7092285580427,1391.5559546878696,COMPLETE
1138,259.8217789160425,2024-03-04 11:46:48.278191,2024-03-04 11:46:48.325227,0 days 00:00:00.047036,1.8930428010567801,33.33919598478342,0.5816664790176784,564.4077990306107,1280.7161573666901,COMPLETE
1139,184.32357878116258,2024-03-04 11:46:48.512413,2024-03-04 11:46:48.559584,0 days 00:00:00.047171,2.0087695527240497,32.125367330330256,0.5895125056198464,540.5208273082059,1366.109978410807,COMPLETE
1140,95.49019516421592,2024-03-04 11:46:48.752394,2024-03-04 11:46:48.806375,0 days 00:00:00.053981,2.158155704477819,35.414236918385974,0.4226374036650976,574.6430008994587,1233.3850191496922,COMPLETE
1141,19.542106688278622,2024-03-04 11:46:49.001066,2024-03-04 11:46:49.052008,0 days 00:00:00.050942,2.1834403978590307,32.676623091744254,0.5510996274665476,531.564221217574,1333.4479773355254,COMPLETE
1142,1227.4141685515835,2024-03-04 11:46:49.246572,2024-03-04 11:46:49.295486,0 days 00:00:00.048914,2.1847325204323815,32.731084528783285,0.54433313898551,630.3032775677495,1331.948365614285,COMPLETE
1143,769.589830142911,2024-03-04 11:46:49.501281,2024-03-04 11:46:49.551267,0 days 00:00:00.049986,2.1654200318214705,32.65087384964608,0.5511136363331532,592.278780255028,1321.9045187838271,COMPLETE
1144,114.65317467532999,2024-03-04 11:46:49.781175,2024-03-04 11:46:49.840385,0 days 00:00:00.059210,2.1708596324175433,32.48660678713027,0.5483977320125479,523.1865736016476,1340.4043276095367,COMPLETE
1145,29.663085697414317,2024-03-04 11:46:50.059594,2024-03-04 11:46:50.116176,0 days 00:00:00.056582,2.1145231241558147,32.84755636657496,0.5537244517595977,530.351353736933,1333.1103655535333,COMPLETE
1146,3096.624468714876,2024-03-04 11:46:50.332581,2024-03-04 11:46:50.389334,0 days 00:00:00.056753,2.186992738769131,32.49821541402175,0.5586624348033145,798.6187197919273,1484.4144549975742,COMPLETE
1147,1509.275729328867,2024-03-04 11:46:50.595144,2024-03-04 11:46:50.648570,0 days 00:00:00.053426,2.143105092762058,32.653508735900424,0.5582352226008547,656.3323811452901,1324.982612916049,COMPLETE
1148,388.3380594841084,2024-03-04 11:46:50.849135,2024-03-04 11:46:50.902226,0 days 00:00:00.053091,2.1712797602683778,32.285305918648966,0.47626345243901796,514.3036075164188,1338.626143059268,COMPLETE
1149,225.6464119576232,2024-03-04 11:46:51.098894,2024-03-04 11:46:51.149202,0 days 00:00:00.050308,2.1582311650170785,33.01212518468892,0.5354609437343545,520.0229940969308,1313.6716746129534,COMPLETE
1150,2535.682382268973,2024-03-04 11:46:51.352348,2024-03-04 11:46:51.400868,0 days 00:00:00.048520,2.139070910303882,31.46112808652257,0.5428131943461723,737.9942653156161,1437.7397509142322,COMPLETE
1151,17.469469281642493,2024-03-04 11:46:51.587840,2024-03-04 11:46:51.634626,0 days 00:00:00.046786,2.175841471147988,32.82956913755327,0.5515573607159729,529.329550578195,1345.7237449830368,COMPLETE
1152,2259.962183183801,2024-03-04 11:46:51.834120,2024-03-04 11:46:51.881923,0 days 00:00:00.047803,2.1898369067900423,32.8259801435331,0.5539433634694488,723.1611656177286,1347.5058053388905,COMPLETE
1153,315.0395660060076,2024-03-04 11:46:52.076054,2024-03-04 11:46:52.126014,0 days 00:00:00.049960,2.183222552680001,32.72642335608108,0.5522037628046575,507.6191800988595,1329.536197703645,COMPLETE
1154,2019.4937919495087,2024-03-04 11:46:52.312709,2024-03-04 11:46:52.362899,0 days 00:00:00.050190,2.181816462793995,32.84700989595902,0.547768110917583,671.2980099845848,1516.0872561821336,COMPLETE
1155,61.577963120996756,2024-03-04 11:46:52.551096,2024-03-04 11:46:52.597707,0 days 00:00:00.046611,2.1974306724860106,33.073179370723544,0.5460177471456755,526.1710855432414,1341.606873661248,COMPLETE
1156,219.15070302431258,2024-03-04 11:46:52.796574,2024-03-04 11:46:52.844003,0 days 00:00:00.047429,2.1836220762794527,32.954082697259814,0.5558817112201097,516.4354144677926,1320.15743347481,COMPLETE
1157,1370.8931321294488,2024-03-04 11:46:53.042440,2024-03-04 11:46:53.093447,0 days 00:00:00.051007,2.1733665555702557,33.0965027815393,0.538348579168978,608.2833343369599,1533.9192437032636,COMPLETE
1158,111.64228401571745,2024-03-04 11:46:53.284727,2024-03-04 11:46:53.333521,0 days 00:00:00.048794,2.1609432698497355,32.90332604531227,0.5512772507104029,528.1439195199644,1306.750685280035,COMPLETE
1159,189.65840252948257,2024-03-04 11:46:53.519665,2024-03-04 11:46:53.566530,0 days 00:00:00.046865,2.1757891761963553,32.628624126289964,0.5456444027954611,521.2908030585492,1496.7999729554194,COMPLETE
1160,1784.631866522278,2024-03-04 11:46:53.751502,2024-03-04 11:46:53.798478,0 days 00:00:00.046976,2.176607324890255,33.25237302358332,0.41139548292777145,713.1691218025135,1334.17129962621,COMPLETE
1161,117.95317478029229,2024-03-04 11:46:53.994763,2024-03-04 11:46:54.044604,0 days 00:00:00.049841,2.1689784475668366,33.45821503323367,0.4743483970532025,531.8108967844652,1349.5761395821849,COMPLETE
1162,1908.2142570140927,2024-03-04 11:46:54.239960,2024-03-04 11:46:54.287034,0 days 00:00:00.047074,2.178731632867596,32.9995845658292,0.5521704157311556,694.1417466019665,1324.3197862182126,COMPLETE
1163,127.99216779982531,2024-03-04 11:46:54.474496,2024-03-04 11:46:54.521737,0 days 00:00:00.047241,2.1545653234202677,33.685032465196905,0.5946709979228922,511.8621193023246,1354.5255361053928,COMPLETE
1164,1629.2719497870344,2024-03-04 11:46:54.716781,2024-03-04 11:46:54.763910,0 days 00:00:00.047129,2.191361584154964,34.05948080178128,0.5433468851350676,663.5976764833794,1341.0915113443104,COMPLETE
1165,2842.8662098027526,2024-03-04 11:46:54.950472,2024-03-04 11:46:55.004251,0 days 00:00:00.053779,2.1777160268390277,32.731666296531785,0.5479063998934031,794.7910883755278,1333.7277360305393,COMPLETE
1166,61.330976684551985,2024-03-04 11:46:55.205780,2024-03-04 11:46:55.253573,0 days 00:00:00.047793,2.194396347662585,33.21144875121942,0.557062582770457,523.883489182895,1344.9690429699492,COMPLETE
1167,22.09879917709086,2024-03-04 11:46:55.444599,2024-03-04 11:46:55.495509,0 days 00:00:00.050910,2.1341906394114623,33.46347146649807,0.585896991968419,533.2994885770815,1300.2702737864574,COMPLETE
1168,1021.4162031707134,2024-03-04 11:46:55.685057,2024-03-04 11:46:55.737463,0 days 00:00:00.052406,2.1476931300664335,33.66345675795967,0.5788738801430091,600.8218343066799,1356.240745823341,COMPLETE
1169,152.88702477933734,2024-03-04 11:46:55.923097,2024-03-04 11:46:55.977958,0 days 00:00:00.054861,2.1300480537941655,33.76376813487526,0.5507778356068793,550.0812279489428,1286.8068870383997,COMPLETE
1170,26.025371041631857,2024-03-04 11:46:56.164953,2024-03-04 11:46:56.229530,0 days 00:00:00.064577,2.1104043110883133,33.45603058973672,0.5846033036157549,535.8887705487547,1285.411664562714,COMPLETE
1171,71.28145148769772,2024-03-04 11:46:56.422257,2024-03-04 11:46:56.469200,0 days 00:00:00.046943,2.1749498014272306,33.97958866008269,0.5393587178445427,530.7075852113919,1307.7477327390975,COMPLETE
1172,2086.189380415243,2024-03-04 11:46:56.659494,2024-03-04 11:46:56.706461,0 days 00:00:00.046967,2.1373765472691213,34.409373017470394,0.4834217828080278,728.7822589951481,1290.3599844557373,COMPLETE
1173,96.03477328982319,2024-03-04 11:46:56.887172,2024-03-04 11:46:56.935678,0 days 00:00:00.048506,2.153030754498358,33.53310993318264,0.5618658861196187,541.3691868388925,1305.006364966982,COMPLETE
1174,342.2937587611268,2024-03-04 11:46:57.124389,2024-03-04 11:46:57.171574,0 days 00:00:00.047185,2.1219060648282024,33.87473172136373,0.5852889688204613,560.3395445645841,1286.3720448151869,COMPLETE
1175,212.93837784751216,2024-03-04 11:46:57.366399,2024-03-04 11:46:57.415259,0 days 00:00:00.048860,2.1329717413434484,32.532191036749275,0.5997589537471324,520.0621140209829,1283.0149278433303,COMPLETE
1176,2326.861252977748,2024-03-04 11:46:57.616345,2024-03-04 11:46:57.667831,0 days 00:00:00.051486,2.1493697190158016,36.74145041056657,0.5777571240134055,740.5255399076194,1280.4490298089406,COMPLETE
1177,108.60056923637845,2024-03-04 11:46:57.860300,2024-03-04 11:46:57.908621,0 days 00:00:00.048321,2.159601383865851,33.39897215837618,0.5715121697526644,526.9439433968274,1295.3527630546776,COMPLETE
1178,303.08126584742325,2024-03-04 11:46:58.108203,2024-03-04 11:46:58.156111,0 days 00:00:00.047908,2.1614530421324822,28.784430214470916,0.49669707977281147,535.0344860153537,1297.7435056878044,COMPLETE
1179,344.3512726242537,2024-03-04 11:46:58.342754,2024-03-04 11:46:58.392700,0 days 00:00:00.049946,2.1847087658405835,30.108905311525625,0.4261166662683139,545.8806389699241,1275.4005333611833,COMPLETE
1180,400.75530444054306,2024-03-04 11:46:58.585677,2024-03-04 11:46:58.633951,0 days 00:00:00.048274,2.0905116081328745,34.174286604773414,0.5921765674328053,504.9918968860347,1269.806784357316,COMPLETE
1181,444.1902492817426,2024-03-04 11:46:58.817577,2024-03-04 11:46:58.864797,0 days 00:00:00.047220,2.16745316961432,33.09435340912319,0.4584729453075658,515.8357872808676,1315.9085888065895,COMPLETE
1182,2735.4220059762292,2024-03-04 11:46:59.050916,2024-03-04 11:46:59.100365,0 days 00:00:00.049449,2.1056705207133017,33.6198826229248,0.5640125848637679,780.5393120945846,1300.826143377318,COMPLETE
1183,413.3433867165778,2024-03-04 11:46:59.283181,2024-03-04 11:46:59.335492,0 days 00:00:00.052311,2.1262277402720287,32.88721278808646,0.4661584983484613,525.6992109137399,1272.6473975336737,COMPLETE
1184,172.11452824899274,2024-03-04 11:46:59.539046,2024-03-04 11:46:59.592474,0 days 00:00:00.053428,2.1511155219834492,33.333367960069765,0.442535621293617,569.0360477574757,1299.7666268170099,COMPLETE
1185,334.997845082425,2024-03-04 11:46:59.783026,2024-03-04 11:46:59.841906,0 days 00:00:00.058880,2.1464686472963916,34.8238780868626,0.5326378860037168,533.3611947651713,1479.562694466639,COMPLETE
1186,628.0542495617057,2024-03-04 11:47:00.034203,2024-03-04 11:47:00.086792,0 days 00:00:00.052589,2.0968799628726007,32.60058148790142,0.5574246935491473,576.5001122913663,1350.5440386472087,COMPLETE
1187,214.84456918686885,2024-03-04 11:47:00.287237,2024-03-04 11:47:00.338470,0 days 00:00:00.051233,2.1692108228436813,33.88518414902597,0.5803927617404557,553.3675220100631,1272.059130142373,COMPLETE
1188,52.142819468366014,2024-03-04 11:47:00.535180,2024-03-04 11:47:00.586555,0 days 00:00:00.051375,2.190085476549647,33.161706160478865,0.5472414490330697,540.7888631291869,1301.6851524775068,COMPLETE
