number,value,datetime_start,datetime_complete,duration,params_Q10,params_SPAN,params_TDWI,params_TSUM1,params_TSUM2,state
540,21.371470717340145,2024-03-04 11:44:26.524985,2024-03-04 11:44:26.556981,0 days 00:00:00.031996,2.0790314138252435,32.458566138245004,0.5699231202557808,530.6051254007568,1334.340300178244,COMPLETE
541,1725.0243055358965,2024-03-04 11:44:26.740290,2024-03-04 11:44:26.772895,0 days 00:00:00.032605,1.9854703145903108,32.396387607511464,0.5703924564130715,679.5507310838625,1333.3873540249538,COMPLETE
542,888.8593886285065,2024-03-04 11:44:26.959779,2024-03-04 11:44:26.992925,0 days 00:00:00.033146,2.0386793515917847,32.16694143274712,0.5778166036389362,601.4530365577292,1324.6266777545045,COMPLETE
543,153.5703237925579,2024-03-04 11:44:27.175072,2024-03-04 11:44:27.207131,0 days 00:00:00.032059,1.9979725110402276,32.460751651823614,0.5977638805742614,518.4276933274086,1338.1420510466198,COMPLETE
544,253.74076607862577,2024-03-04 11:44:27.399242,2024-03-04 11:44:27.437457,0 days 00:00:00.038215,2.043237686674089,36.732059050262336,0.583117452657067,526.4066592280108,1445.0768000191063,COMPLETE
545,127.74043481309471,2024-03-04 11:44:27.630959,2024-03-04 11:44:27.664066,0 days 00:00:00.033107,2.143483956554452,32.55230437862235,0.5025613453578757,530.8616240235423,1332.1796116680707,COMPLETE
546,78.64868947735708,2024-03-04 11:44:27.851938,2024-03-04 11:44:27.884117,0 days 00:00:00.032179,2.034326254909283,32.27819644693515,0.472219385985946,521.4084180446013,1536.934405055955,COMPLETE
547,280.4968730162708,2024-03-04 11:44:28.071077,2024-03-04 11:44:28.103066,0 days 00:00:00.031989,2.1019814531372703,35.040687166873525,0.5680393598888616,507.17580168200567,1318.461156513111,COMPLETE
548,139.28075440336946,2024-03-04 11:44:28.280119,2024-03-04 11:44:28.312000,0 days 00:00:00.031881,2.052332357349132,32.70648873287819,0.5735263440064486,539.4199569528714,1346.8502677862598,COMPLETE
549,2423.7690961826956,2024-03-04 11:44:28.506124,2024-03-04 11:44:28.543511,0 days 00:00:00.037387,2.085610710524122,32.09124974562708,0.5907838521890159,730.3109208456085,1389.4398515918213,COMPLETE
550,1914.2691449894694,2024-03-04 11:44:28.728816,2024-03-04 11:44:28.760619,0 days 00:00:00.031803,2.102956456719358,33.48197103329611,0.559281998437797,696.8168049154383,1308.780117032637,COMPLETE
551,2633.932212391981,2024-03-04 11:44:28.941292,2024-03-04 11:44:28.973398,0 days 00:00:00.032106,1.9922368388667768,33.93250485339168,0.517511679072581,771.6741381277243,1335.5645193689397,COMPLETE
552,995.8144694154619,2024-03-04 11:44:29.151682,2024-03-04 11:44:29.184070,0 days 00:00:00.032388,2.0762499370872236,35.92835127373519,0.5641284179332289,589.8880622524772,1408.7083900006137,COMPLETE
553,216.73678698680973,2024-03-04 11:44:29.378068,2024-03-04 11:44:29.412126,0 days 00:00:00.034058,2.137988434718947,34.95923409924628,0.5209116823809078,568.4797684680188,1224.8206000713906,COMPLETE
554,22.943505880374776,2024-03-04 11:44:29.605661,2024-03-04 11:44:29.639529,0 days 00:00:00.033868,2.0696906508606334,33.25192560881774,0.588942189938295,530.5338379377076,1326.2801437197743,COMPLETE
555,24.13142685034715,2024-03-04 11:44:29.823418,2024-03-04 11:44:29.856853,0 days 00:00:00.033435,2.1760443179790707,33.22200460799174,0.5854402305503722,527.0764674760123,1342.1942009655613,COMPLETE
556,32.48475296812557,2024-03-04 11:44:30.050648,2024-03-04 11:44:30.084042,0 days 00:00:00.033394,2.0567868532121323,33.244599906113386,0.5984603194229281,527.7440763627706,1344.6918356418853,COMPLETE
557,2533.5556574285483,2024-03-04 11:44:30.265163,2024-03-04 11:44:30.297952,0 days 00:00:00.032789,2.045192533316741,33.2620541502994,0.5892832484808622,753.0850623733176,1329.676920858029,COMPLETE
558,59.28313053430287,2024-03-04 11:44:30.478729,2024-03-04 11:44:30.514983,0 days 00:00:00.036254,2.121504432953935,33.05691129140392,0.5895937123350595,549.6159425703669,1207.2346204322876,COMPLETE
559,275.7733029319835,2024-03-04 11:44:30.718575,2024-03-04 11:44:30.751215,0 days 00:00:00.032640,2.072135105647396,32.869311818066116,0.5830634351965461,534.7823276857603,1427.112269699368,COMPLETE
560,18.27105792965313,2024-03-04 11:44:30.930569,2024-03-04 11:44:30.962683,0 days 00:00:00.032114,2.0261834819531326,32.79894271235994,0.588120653473501,528.5909131896028,1341.7630708693946,COMPLETE
561,28.223250278590555,2024-03-04 11:44:31.154348,2024-03-04 11:44:31.186663,0 days 00:00:00.032315,2.0244888304287416,32.757693229461836,0.5906462652054656,527.7965695485937,1337.6763265722202,COMPLETE
562,164.3202695010593,2024-03-04 11:44:31.365653,2024-03-04 11:44:31.398039,0 days 00:00:00.032386,2.104470416910242,32.94326124999544,0.5866640857544573,514.2629650454016,1340.6590804064783,COMPLETE
563,172.3112751100583,2024-03-04 11:44:31.576011,2024-03-04 11:44:31.608388,0 days 00:00:00.032377,2.0698018867419643,33.15218596434361,0.5878019141581411,542.4733533425074,1326.880718441247,COMPLETE
564,2885.3241929011997,2024-03-04 11:44:31.792795,2024-03-04 11:44:31.825562,0 days 00:00:00.032767,2.0768659315343907,32.74151068899888,0.595276262104449,797.9737852085406,1349.0010892061318,COMPLETE
565,94.32000890429369,2024-03-04 11:44:32.009559,2024-03-04 11:44:32.042033,0 days 00:00:00.032474,2.0252804179588586,32.56240163177104,0.5856647579558417,537.572810074893,1336.1132468890971,COMPLETE
566,1212.137492936436,2024-03-04 11:44:32.233773,2024-03-04 11:44:32.269432,0 days 00:00:00.035659,2.1777070906247507,32.89138881331035,0.5921861301942437,619.4239532500912,1346.2134873695586,COMPLETE
567,87.3810452393595,2024-03-04 11:44:32.467533,2024-03-04 11:44:32.504088,0 days 00:00:00.036555,2.161091168923513,31.15999073316485,0.5998122043684367,522.5209191888891,1342.4533254320174,COMPLETE
568,23.777875005462565,2024-03-04 11:44:32.702863,2024-03-04 11:44:32.739980,0 days 00:00:00.037117,2.0787152813698713,33.14759536366807,0.5892770820019773,530.3020099299185,1328.0013577726854,COMPLETE
569,1920.9581192849903,2024-03-04 11:44:32.931657,2024-03-04 11:44:32.964773,0 days 00:00:00.033116,2.0879243621257224,33.24122731328817,0.589318539304993,709.3037212029077,1248.4962036461382,COMPLETE
570,2747.810611718715,2024-03-04 11:44:33.152822,2024-03-04 11:44:33.186969,0 days 00:00:00.034147,2.0676591888649827,33.43073346305686,0.5947923588450582,775.7430549433192,1324.1240591955413,COMPLETE
571,16.745032494747825,2024-03-04 11:44:33.365754,2024-03-04 11:44:33.398290,0 days 00:00:00.032536,2.078416625850022,33.089663324786265,0.5832516233279367,529.4785116115199,1330.3131173906654,COMPLETE
572,149.85389630649016,2024-03-04 11:44:33.596084,2024-03-04 11:44:33.630295,0 days 00:00:00.034211,2.0812504215629644,33.076906676866386,0.5860681816650735,518.0404065426331,1327.4122348076996,COMPLETE
573,1891.8986349904576,2024-03-04 11:44:33.822334,2024-03-04 11:44:33.856274,0 days 00:00:00.033940,2.0952770595437413,33.314164627491074,0.5930473016517087,686.5340184241086,1333.7730482635416,COMPLETE
574,1250.8025172509354,2024-03-04 11:44:34.050422,2024-03-04 11:44:34.084363,0 days 00:00:00.033941,2.0754377031656213,33.08650514354292,0.5878938332637607,627.5591876519813,1330.1654820830934,COMPLETE
575,43.69631260471352,2024-03-04 11:44:34.273248,2024-03-04 11:44:34.306869,0 days 00:00:00.033621,2.0608338862054185,33.412679544223806,0.5825568866032118,527.9028803805604,1320.3413260004802,COMPLETE
576,655.9376080708278,2024-03-04 11:44:34.490291,2024-03-04 11:44:34.523144,0 days 00:00:00.032853,2.0971122495117727,32.95539727007233,0.5826838897778872,576.7515854894026,1340.1624850592518,COMPLETE
577,229.42433667973972,2024-03-04 11:44:34.709451,2024-03-04 11:44:34.742400,0 days 00:00:00.032949,2.0849872440511406,33.157990869026,0.5927903021960244,512.5473058520461,1316.9327648615063,COMPLETE
578,131.2875063402735,2024-03-04 11:44:34.940624,2024-03-04 11:44:34.974289,0 days 00:00:00.033665,2.0798612151777474,29.156571002318984,0.5809287752012966,529.9165789914683,1333.4692047852352,COMPLETE
579,1744.9971462869057,2024-03-04 11:44:35.156423,2024-03-04 11:44:35.189594,0 days 00:00:00.033171,2.0710642941884494,33.60105353052838,0.5868788311764964,669.0904098814541,1352.164929279007,COMPLETE
580,2023.9411979638712,2024-03-04 11:44:35.372444,2024-03-04 11:44:35.405454,0 days 00:00:00.033010,2.1996750224348824,32.773603408538584,0.584867061883898,702.5850713919432,1324.2112121955342,COMPLETE
581,217.3111784843455,2024-03-04 11:44:35.588630,2024-03-04 11:44:35.621862,0 days 00:00:00.033232,2.0659756251729897,33.22928819128747,0.5959850002049651,523.8821459364164,1261.3757876676473,COMPLETE
582,2261.8575552313937,2024-03-04 11:44:35.812685,2024-03-04 11:44:35.847930,0 days 00:00:00.035245,2.0372087714838374,32.96868213948147,0.5899676018136618,724.0406613567538,1339.8676693852349,COMPLETE
583,680.7440248650668,2024-03-04 11:44:36.039307,2024-03-04 11:44:36.072859,0 days 00:00:00.033552,2.136879886349951,33.37006638274468,0.4899604845976675,597.2620528682734,1306.4342382878433,COMPLETE
584,192.88223423213518,2024-03-04 11:44:36.255145,2024-03-04 11:44:36.288042,0 days 00:00:00.032897,2.0984920063539514,33.774602215118065,0.5793470369050018,519.8406820637016,1293.6314073097817,COMPLETE
585,37.82121571450149,2024-03-04 11:44:36.467681,2024-03-04 11:44:36.500680,0 days 00:00:00.032999,2.0633350198906557,33.16695321201153,0.5809947261861184,532.2049376700031,1331.2146575135305,COMPLETE
586,19.843901149956235,2024-03-04 11:44:36.684346,2024-03-04 11:44:36.717516,0 days 00:00:00.033170,2.084270868256389,32.64246225323299,0.5882118293699887,525.6142663960932,1349.8901303121847,COMPLETE
587,730.2885481139003,2024-03-04 11:44:36.928024,2024-03-04 11:44:36.962156,0 days 00:00:00.034132,2.075966014065715,32.48807763918253,0.5906233394835505,581.7664310652766,1347.565452042688,COMPLETE
588,20.526242819001773,2024-03-04 11:44:37.166222,2024-03-04 11:44:37.198762,0 days 00:00:00.032540,2.0838076695716685,32.737817628282485,0.5970430647305379,525.0512111446038,1355.2501442523983,COMPLETE
589,253.33999089859952,2024-03-04 11:44:37.385826,2024-03-04 11:44:37.421797,0 days 00:00:00.035971,2.07154148543682,32.65929960416415,0.5921996994324367,505.2202639515223,1351.9704639506745,COMPLETE
590,1995.053511201714,2024-03-04 11:44:37.620213,2024-03-04 11:44:37.654794,0 days 00:00:00.034581,2.093364688320615,32.76150792973415,0.595473785562085,692.5549107887492,1357.6483767369155,COMPLETE
591,223.71273626562794,2024-03-04 11:44:37.848513,2024-03-04 11:44:37.884157,0 days 00:00:00.035644,2.0859242474131823,29.521150725664537,0.5953441896124417,516.4797703975757,1351.7412472800856,COMPLETE
592,1718.3720978403492,2024-03-04 11:44:38.076704,2024-03-04 11:44:38.110996,0 days 00:00:00.034292,2.0847586708195043,32.514140553341534,0.5995563074573806,666.3130900550542,1358.2265841999197,COMPLETE
593,1951.569710304865,2024-03-04 11:44:38.303496,2024-03-04 11:44:38.337278,0 days 00:00:00.033782,2.061783181763858,32.641472800604724,0.5895356594314028,692.2864177479973,1346.599372141537,COMPLETE
594,59.905484290437734,2024-03-04 11:44:38.554701,2024-03-04 11:44:38.595328,0 days 00:00:00.040627,2.078038295429741,32.39446798778625,0.5855174438287296,523.9973744985142,1343.2410181571584,COMPLETE
595,158.50024820713534,2024-03-04 11:44:38.804797,2024-03-04 11:44:38.843228,0 days 00:00:00.038431,2.084497231861525,32.90153086903395,0.5936683993196143,510.9869198493961,1360.0725978075648,COMPLETE
596,30.2663589967285,2024-03-04 11:44:39.058959,2024-03-04 11:44:39.097572,0 days 00:00:00.038613,2.1473943946259046,32.801271996665875,0.5875759337712688,522.7705764050577,1352.712413805189,COMPLETE
597,427.50270746282126,2024-03-04 11:44:39.306253,2024-03-04 11:44:39.344888,0 days 00:00:00.038635,2.186670120113507,32.614805564692325,0.5843972261517213,517.0915240556943,1213.645485420595,COMPLETE
598,1693.3158980852725,2024-03-04 11:44:39.549758,2024-03-04 11:44:39.589223,0 days 00:00:00.039465,2.0957418833922925,32.32692042323249,0.596089979375705,668.1789082177523,1340.1347854778717,COMPLETE
599,42.18367457913397,2024-03-04 11:44:39.787025,2024-03-04 11:44:39.822856,0 days 00:00:00.035831,2.125223783553439,32.9013324866253,0.5905153379857925,529.210420764662,1341.7233473421627,COMPLETE
600,1282.0533716569842,2024-03-04 11:44:40.011835,2024-03-04 11:44:40.052313,0 days 00:00:00.040478,2.087302495282742,33.03338907625627,0.47609022622414165,646.479174592545,1349.3705223695526,COMPLETE
601,194.71831224940382,2024-03-04 11:44:40.298168,2024-03-04 11:44:40.342663,0 days 00:00:00.044495,2.0975415110882873,32.77206617038695,0.4959726897911628,526.5604862172099,1335.0707526655715,COMPLETE
602,34.12491599071315,2024-03-04 11:44:40.599870,2024-03-04 11:44:40.646643,0 days 00:00:00.046773,2.105108990682571,32.564629725040454,0.5990515464075422,521.0024265627825,1361.16915798326,COMPLETE
603,1742.784028828295,2024-03-04 11:44:40.882488,2024-03-04 11:44:40.921281,0 days 00:00:00.038793,2.046785500598903,33.01385271560392,0.5518695100438339,641.170020604618,1548.490798917997,COMPLETE
604,417.9137605375494,2024-03-04 11:44:41.109307,2024-03-04 11:44:41.143438,0 days 00:00:00.034131,2.1734443504275442,31.318158692165223,0.5869523498367907,530.6050196379007,1553.104273368067,COMPLETE
605,2434.632039721316,2024-03-04 11:44:41.346625,2024-03-04 11:44:41.387683,0 days 00:00:00.041058,2.115651237331226,32.37787291189269,0.5592462145111011,739.713301810385,1353.3746764230793,COMPLETE
606,332.46769064146736,2024-03-04 11:44:41.593786,2024-03-04 11:44:41.630789,0 days 00:00:00.037003,2.0426430146172243,36.065578587731466,0.49215976776981796,512.24202460809,1335.9976411571045,COMPLETE
607,1724.208744028892,2024-03-04 11:44:41.812810,2024-03-04 11:44:41.847109,0 days 00:00:00.034299,2.05303376997995,33.550996374505964,0.4829036475018135,686.8571995187928,1344.1741105877118,COMPLETE
608,18.535735546102938,2024-03-04 11:44:42.057094,2024-03-04 11:44:42.108674,0 days 00:00:00.051580,2.077635035314965,34.0375837672315,0.5941503280084333,527.5051021574361,1330.3521948996188,COMPLETE
609,2237.9294815487683,2024-03-04 11:44:42.306416,2024-03-04 11:44:42.340040,0 days 00:00:00.033624,2.07436532413959,34.3889094527074,0.5947948141439565,719.3065615687703,1332.9365698601232,COMPLETE
610,769.796606970711,2024-03-04 11:44:42.536643,2024-03-04 11:44:42.582479,0 days 00:00:00.045836,2.060794894889678,32.769272577588175,0.5913156227905486,585.2274916551727,1343.262542239583,COMPLETE
611,1309.7204261429524,2024-03-04 11:44:42.834336,2024-03-04 11:44:42.882277,0 days 00:00:00.047941,2.0784798864703564,33.090546400358654,0.5949487552853628,632.7941312750894,1327.739922204902,COMPLETE
612,39.52514980533547,2024-03-04 11:44:43.148311,2024-03-04 11:44:43.192534,0 days 00:00:00.044223,2.0664343367664615,34.169706224740914,0.597643931866462,518.2692528255186,1361.7097902268342,COMPLETE
613,1627.8215838639278,2024-03-04 11:44:43.383454,2024-03-04 11:44:43.420539,0 days 00:00:00.037085,2.0907760705513216,32.96634621249171,0.5890569564279037,679.9306144780589,1255.8111127787458,COMPLETE
614,1650.9289089074434,2024-03-04 11:44:43.620632,2024-03-04 11:44:43.662242,0 days 00:00:00.041610,2.1680445147105716,34.001984844076276,0.586282608436608,658.4040464445488,1349.763623340576,COMPLETE
615,449.71275115886243,2024-03-04 11:44:43.872931,2024-03-04 11:44:43.907235,0 days 00:00:00.034304,2.0151676051404386,33.21142115065499,0.5837006246485809,563.3860876169988,1337.0514537060258,COMPLETE
616,38.586330582939816,2024-03-04 11:44:44.092197,2024-03-04 11:44:44.126915,0 days 00:00:00.034718,2.0276978759669966,33.88789374376121,0.599965511263928,525.1786291461399,1328.8999296885397,COMPLETE
617,812.6224697842285,2024-03-04 11:44:44.319051,2024-03-04 11:44:44.353509,0 days 00:00:00.034458,2.077645918696128,33.373372360500746,0.5923574363286134,607.6236895497553,1235.301604231799,COMPLETE
618,2647.625970620035,2024-03-04 11:44:44.538642,2024-03-04 11:44:44.577436,0 days 00:00:00.038794,2.1600656714109103,32.57291998194498,0.5531021170363741,731.9728372898443,1523.3352367267064,COMPLETE
619,457.2397285498685,2024-03-04 11:44:44.775053,2024-03-04 11:44:44.813494,0 days 00:00:00.038441,2.0667336902492766,32.834946409247216,0.4853345919422821,503.3252027274225,1355.9365863596443,COMPLETE
620,493.3464828725577,2024-03-04 11:44:45.006878,2024-03-04 11:44:45.041407,0 days 00:00:00.034529,2.0805649595313613,30.305571129204452,0.5559838644914625,574.446945519113,1341.8389791291993,COMPLETE
621,26.869688867976574,2024-03-04 11:44:45.228948,2024-03-04 11:44:45.263864,0 days 00:00:00.034916,2.113747149371641,32.29986666443127,0.58090147419242,528.5692301862128,1351.2286633296792,COMPLETE
622,263.9638408118816,2024-03-04 11:44:45.448721,2024-03-04 11:44:45.483145,0 days 00:00:00.034424,2.0338743262523478,30.67500587693826,0.589178985740545,508.97038625962165,1364.6932879156536,COMPLETE
623,189.97844769498843,2024-03-04 11:44:45.679592,2024-03-04 11:44:45.713576,0 days 00:00:00.033984,2.102057658275155,34.11952953957711,0.5086753196634559,522.1604127173572,1334.3886871231098,COMPLETE
624,518.5682430637705,2024-03-04 11:44:45.898300,2024-03-04 11:44:45.932315,0 days 00:00:00.034015,2.0915101565549743,30.405315375728403,0.4709662324961282,532.1017891039543,1225.453271089192,COMPLETE
625,116.12598882947029,2024-03-04 11:44:46.111353,2024-03-04 11:44:46.146178,0 days 00:00:00.034825,2.0502121071071446,34.23802719155517,0.5940166147798429,515.3648612039582,1345.5390740810474,COMPLETE
626,2525.9670955148863,2024-03-04 11:44:46.331146,2024-03-04 11:44:46.365376,0 days 00:00:00.034230,2.1793134504597957,33.171158350225255,0.5611534832722026,753.5235586579489,1323.8575311372738,COMPLETE
627,157.27872798881373,2024-03-04 11:44:46.549844,2024-03-04 11:44:46.584083,0 days 00:00:00.034239,2.155582285138364,33.4640194499028,0.5820361436079139,538.3878957244364,1337.0519466905812,COMPLETE
628,1615.8137809974066,2024-03-04 11:44:46.766460,2024-03-04 11:44:46.800925,0 days 00:00:00.034465,2.1419123865442224,34.58982265724326,0.5641190211960609,654.9341712821283,1358.3785124579397,COMPLETE
629,114.93112598457896,2024-03-04 11:44:46.985299,2024-03-04 11:44:47.019736,0 days 00:00:00.034437,2.0559476775649026,30.515786332548956,0.549894098491767,525.3558647091509,1367.3036149012628,COMPLETE
630,994.1860478854056,2024-03-04 11:44:47.202181,2024-03-04 11:44:47.236770,0 days 00:00:00.034589,2.107933919062932,36.37738195373143,0.44693548500972247,623.3196673434275,1348.5833477881597,COMPLETE
631,83.14326766452567,2024-03-04 11:44:47.430609,2024-03-04 11:44:47.469644,0 days 00:00:00.039035,2.0709423303233963,30.816270664539122,0.5791667221761168,541.6090833881084,1328.7010169239982,COMPLETE
632,1896.615776727505,2024-03-04 11:44:47.674722,2024-03-04 11:44:47.718051,0 days 00:00:00.043329,2.1336354184598325,32.67452309069763,0.5453152143304033,662.6951437794434,1498.7295550974268,COMPLETE
633,2818.771822356212,2024-03-04 11:44:47.908004,2024-03-04 11:44:47.942373,0 days 00:00:00.034369,2.182078991353594,32.986040587966585,0.5849113306482039,780.2966314856435,1339.7829903148772,COMPLETE
634,90.4148059760373,2024-03-04 11:44:48.145469,2024-03-04 11:44:48.184031,0 days 00:00:00.038562,2.193056809300623,32.48892820620786,0.46719263132356753,533.584999677915,1371.4199655508055,COMPLETE
635,2403.4961594321676,2024-03-04 11:44:48.374201,2024-03-04 11:44:48.409357,0 days 00:00:00.035156,2.126601536156042,33.76876556750076,0.5033831435534363,742.0918799330327,1355.0947709746833,COMPLETE
636,302.5126260734571,2024-03-04 11:44:48.601062,2024-03-04 11:44:48.639912,0 days 00:00:00.038850,2.0971324307305896,33.327446785717285,0.5583192103882583,553.9112246508714,1331.2937011049573,COMPLETE
637,104.50699847702501,2024-03-04 11:44:48.843734,2024-03-04 11:44:48.878630,0 days 00:00:00.034896,2.008268478182911,32.843263118796976,0.5894097434660377,520.7710534652748,1344.839228972238,COMPLETE
638,1703.4113980873055,2024-03-04 11:44:49.068189,2024-03-04 11:44:49.105572,0 days 00:00:00.037383,2.081579746444726,32.22497494859319,0.5968689958158961,673.8384983925384,1321.1245160779476,COMPLETE
639,726.7116001151505,2024-03-04 11:44:49.310581,2024-03-04 11:44:49.350562,0 days 00:00:00.039981,2.1706691313958064,30.886154226644116,0.5659320650252885,588.5754371522313,1339.1313456209928,COMPLETE
640,60.47179409450017,2024-03-04 11:44:49.554838,2024-03-04 11:44:49.591325,0 days 00:00:00.036487,2.152370216751195,36.57047814743948,0.5614867191544708,527.5802325582832,1350.0721468512927,COMPLETE
641,134.90310248638622,2024-03-04 11:44:49.783602,2024-03-04 11:44:49.821387,0 days 00:00:00.037785,2.043726863402766,29.798800178990845,0.5777738818011758,545.7630652027605,1242.0450983052656,COMPLETE
642,122.9293428844973,2024-03-04 11:44:50.006088,2024-03-04 11:44:50.043949,0 days 00:00:00.037861,2.138572638177425,29.218011734566545,0.43665819180241683,532.1850523114007,1467.586921438094,COMPLETE
643,530.8102145810826,2024-03-04 11:44:50.230183,2024-03-04 11:44:50.265429,0 days 00:00:00.035246,2.087505527154846,33.09335137053304,0.5548823984697567,566.7554944393909,1362.2479820349847,COMPLETE
644,549.6288090918637,2024-03-04 11:44:50.450571,2024-03-04 11:44:50.498682,0 days 00:00:00.048111,2.0706426963768356,32.683281309388455,0.4199968845225096,516.1837798313865,1328.5812979622144,COMPLETE
645,3071.829320817916,2024-03-04 11:44:50.703520,2024-03-04 11:44:50.742059,0 days 00:00:00.038539,2.058479004019999,33.573556953635766,0.5933697233300393,794.0652681711724,1446.0584874949873,COMPLETE
646,71.29430687605895,2024-03-04 11:44:50.936796,2024-03-04 11:44:50.973122,0 days 00:00:00.036326,2.164630672755543,35.69797731946899,0.5678419185239745,523.8235989567047,1375.3729261276878,COMPLETE
647,748.470624772268,2024-03-04 11:44:51.165806,2024-03-04 11:44:51.202514,0 days 00:00:00.036708,2.0333182525170126,28.53498042885911,0.5843254254621038,599.9779361375644,1335.1794306631673,COMPLETE
