number,value,datetime_start,datetime_complete,duration,params_Q10,params_SPAN,params_TDWI,params_TSUM1,params_TSUM2,state
1189,125.83058712894905,2024-03-04 11:47:00.777599,2024-03-04 11:47:00.826016,0 days 00:00:00.048417,2.198948649991976,32.78801120313449,0.5358068463349182,520.186752824789,1358.9376606639007,COMPLETE
1190,728.3172176446063,2024-03-04 11:47:01.013788,2024-03-04 11:47:01.067953,0 days 00:00:00.054165,2.0831180262190654,34.255047576436226,0.5276179439377955,586.5578169409882,1345.3361739274085,COMPLETE
1191,1036.4235229870187,2024-03-04 11:47:01.270562,2024-03-04 11:47:01.320055,0 days 00:00:00.049493,2.136278976367881,30.549900672892477,0.5878920958536449,618.1633878937731,1312.8032716019113,COMPLETE
1192,205.3245842530776,2024-03-04 11:47:01.513847,2024-03-04 11:47:01.569610,0 days 00:00:00.055763,2.1806957128234603,33.686695412789206,0.5729271022751534,529.1947290691731,1417.9166397216038,COMPLETE
1193,53.711551385808605,2024-03-04 11:47:01.761902,2024-03-04 11:47:01.811560,0 days 00:00:00.049658,2.1297277986805456,32.46042842394099,0.5607194617043058,534.9456671504933,1337.7727874175537,COMPLETE
1194,1832.9794090300738,2024-03-04 11:47:02.000873,2024-03-04 11:47:02.050169,0 days 00:00:00.049296,2.144808441163806,32.97892938293088,0.48843917525065655,659.5444916052219,1555.3696607819818,COMPLETE
1195,911.880017028308,2024-03-04 11:47:02.235567,2024-03-04 11:47:02.285304,0 days 00:00:00.049737,2.116388456000013,33.411894963989624,0.5670144377436181,594.9865982144715,1351.4554435844857,COMPLETE
1196,1517.8838776287337,2024-03-04 11:47:02.479174,2024-03-04 11:47:02.527219,0 days 00:00:00.048045,2.076490122557945,33.26960401788702,0.5832052680239552,653.0686917534953,1329.1026099551113,COMPLETE
1197,2250.805103508361,2024-03-04 11:47:02.711394,2024-03-04 11:47:02.759031,0 days 00:00:00.047637,2.1623914362434324,33.60430708224288,0.541295420683516,689.1335150851593,1547.536034140132,COMPLETE
1198,585.8004528341512,2024-03-04 11:47:02.944540,2024-03-04 11:47:02.992335,0 days 00:00:00.047795,2.1035810262833037,29.124226913491295,0.4941432081188962,512.508229062542,1296.4303895768446,COMPLETE
1199,700.574416952226,2024-03-04 11:47:03.182457,2024-03-04 11:47:03.234798,0 days 00:00:00.052341,2.091214824731452,28.44840109089238,0.45151246936240846,525.519567966551,1236.7205017830347,COMPLETE
1200,328.4529435220123,2024-03-04 11:47:03.419175,2024-03-04 11:47:03.467151,0 days 00:00:00.047976,1.9849654255106308,28.114706078033663,0.5541016215179355,540.8495716205887,1563.3668660196722,COMPLETE
1201,2720.9871485952067,2024-03-04 11:47:03.662017,2024-03-04 11:47:03.715154,0 days 00:00:00.053137,2.0584203581239824,32.70995777475066,0.5969985404711198,766.237724809562,1360.5374143543984,COMPLETE
1202,1727.449738452335,2024-03-04 11:47:03.899159,2024-03-04 11:47:03.947725,0 days 00:00:00.048566,2.0710517849992063,34.58664914921231,0.5914302035773039,667.8510919153834,1341.1890535617615,COMPLETE
1203,30.399027435037816,2024-03-04 11:47:04.135530,2024-03-04 11:47:04.192033,0 days 00:00:00.056503,2.0793175773999173,35.110239238152296,0.5233737462771866,520.8448905498233,1402.4074223314615,COMPLETE
1204,429.88748236824574,2024-03-04 11:47:04.374215,2024-03-04 11:47:04.422420,0 days 00:00:00.048205,2.1249601899001562,33.041824863921505,0.42024676818626483,547.3038999301435,1203.2545100982734,COMPLETE
1205,948.204877718849,2024-03-04 11:47:04.613740,2024-03-04 11:47:04.661877,0 days 00:00:00.048137,2.1420457067728713,33.43826330539436,0.5408097631202062,627.4708392892591,1224.9394041399592,COMPLETE
1206,423.61114346648935,2024-03-04 11:47:04.843353,2024-03-04 11:47:04.891343,0 days 00:00:00.047990,1.9654340792827443,30.853846021423692,0.47410095643469147,531.6557887526357,1279.8203125237833,COMPLETE
1207,1336.4247597004278,2024-03-04 11:47:05.072833,2024-03-04 11:47:05.120414,0 days 00:00:00.047581,1.971319151945259,33.75473103949601,0.5768444998463,648.3620857072161,1293.272823640639,COMPLETE
1208,2286.251129686719,2024-03-04 11:47:05.311656,2024-03-04 11:47:05.359993,0 days 00:00:00.048337,1.979900514995079,29.393892327567084,0.5288477891822443,752.9350077908073,1319.1787933026333,COMPLETE
1209,109.4299637543651,2024-03-04 11:47:05.541133,2024-03-04 11:47:05.589142,0 days 00:00:00.048009,2.0971532404301843,36.95184107652002,0.5683350057076819,538.1334272780888,1308.6475684762138,COMPLETE
1210,186.8434266345364,2024-03-04 11:47:05.778715,2024-03-04 11:47:05.833083,0 days 00:00:00.054368,2.1590045852314397,28.589002642845436,0.5503877997511167,527.5009313585774,1348.5583848762346,COMPLETE
1211,987.612294084049,2024-03-04 11:47:06.027885,2024-03-04 11:47:06.076820,0 days 00:00:00.048935,2.178923127463339,34.02244617408331,0.4295669852952504,632.2426236071893,1334.7377844382643,COMPLETE
1212,299.43726199243997,2024-03-04 11:47:06.260219,2024-03-04 11:47:06.308557,0 days 00:00:00.048338,2.0446651026214653,28.425770958332322,0.5739821896188481,517.1732199423828,1354.5788538725242,COMPLETE
1213,1021.008943547067,2024-03-04 11:47:06.496392,2024-03-04 11:47:06.547328,0 days 00:00:00.050936,2.0847104615705527,33.203674307471644,0.5652671577924543,609.9448684927032,1326.3115498743023,COMPLETE
1214,2789.6162198730394,2024-03-04 11:47:06.732155,2024-03-04 11:47:06.780846,0 days 00:00:00.048691,2.026280291054154,32.80059561374841,0.5562037238436089,781.1670415329049,1343.8548591919637,COMPLETE
1215,1875.030421246537,2024-03-04 11:47:06.967131,2024-03-04 11:47:07.018477,0 days 00:00:00.051346,2.115243229534233,32.46488287863124,0.46791533752075143,700.9220178305748,1364.8034245783113,COMPLETE
1216,1293.111362780034,2024-03-04 11:47:07.201512,2024-03-04 11:47:07.251580,0 days 00:00:00.050068,1.9959019363086705,31.41029792591927,0.5611770913557099,641.8310656072794,1335.0773825409137,COMPLETE
1217,492.01189655536706,2024-03-04 11:47:07.446401,2024-03-04 11:47:07.498799,0 days 00:00:00.052398,2.066326233026272,34.94759097271907,0.5863805433013134,533.253837497634,1529.965656270408,COMPLETE
1218,659.5828082797294,2024-03-04 11:47:07.698103,2024-03-04 11:47:07.755116,0 days 00:00:00.057013,1.972966166309143,33.5072806288278,0.43972529592313486,505.6478729467542,1315.6277589855074,COMPLETE
1219,1160.0662564829656,2024-03-04 11:47:07.950894,2024-03-04 11:47:07.999598,0 days 00:00:00.048704,2.165313610039364,33.049826876390945,0.5922765265733073,636.0040829025812,1246.6313947747021,COMPLETE
1220,62.13380820945702,2024-03-04 11:47:08.190269,2024-03-04 11:47:08.245696,0 days 00:00:00.055427,1.9878084483184228,33.84018157981987,0.569928179644013,522.870061572127,1358.1026226866763,COMPLETE
1221,1881.9702723102732,2024-03-04 11:47:08.429463,2024-03-04 11:47:08.478009,0 days 00:00:00.048546,2.107537374525704,34.356364220397644,0.579587227408941,682.699381580632,1343.344477184291,COMPLETE
1222,310.67751797229306,2024-03-04 11:47:08.693500,2024-03-04 11:47:08.743736,0 days 00:00:00.050236,2.1929251910231304,32.92043611999331,0.4029542131478961,544.0865688386092,1291.2260602248448,COMPLETE
1223,2229.031739738931,2024-03-04 11:47:08.927967,2024-03-04 11:47:08.976981,0 days 00:00:00.049014,2.1378032698957634,33.24850855694101,0.4085585028290009,758.3707386779803,1327.0971629128435,COMPLETE
1224,684.1311983863967,2024-03-04 11:47:09.168346,2024-03-04 11:47:09.216981,0 days 00:00:00.048635,2.051120261559737,30.00122566169984,0.5945595817892768,598.517489028907,1275.9401281690123,COMPLETE
1225,2354.1671641393655,2024-03-04 11:47:09.413213,2024-03-04 11:47:09.468609,0 days 00:00:00.055396,2.077101526527186,32.41854329471555,0.5643383331443902,720.7167777911712,1410.6526583089474,COMPLETE
1226,1948.2958454803397,2024-03-04 11:47:09.669774,2024-03-04 11:47:09.719481,0 days 00:00:00.049707,2.0919247484505816,32.65448896627692,0.5887182104273846,686.7264634643195,1367.8293202641803,COMPLETE
1227,1851.6614009105983,2024-03-04 11:47:09.921582,2024-03-04 11:47:09.971612,0 days 00:00:00.050030,1.9568153556380148,34.725455919746494,0.498557658987823,697.6848347899337,1349.815597478079,COMPLETE
1228,205.5435391778346,2024-03-04 11:47:10.172127,2024-03-04 11:47:10.224040,0 days 00:00:00.051913,2.06114326021099,30.320007515105196,0.5465330684492334,555.3563845376085,1336.5015552504549,COMPLETE
1229,2472.061652103889,2024-03-04 11:47:10.413033,2024-03-04 11:47:10.462046,0 days 00:00:00.049013,2.0695966519380913,33.36235784919925,0.5318250487504451,772.4538925021953,1240.802613172761,COMPLETE
1230,1648.0152564428915,2024-03-04 11:47:10.653926,2024-03-04 11:47:10.705221,0 days 00:00:00.051295,2.1714307938283204,28.818546310184743,0.582397948110993,680.0687283632138,1329.7889306652075,COMPLETE
1231,135.81265065311788,2024-03-04 11:47:10.887507,2024-03-04 11:47:10.936193,0 days 00:00:00.048686,1.9771443308270478,33.60234533299885,0.5589541972219845,528.4859370952466,1305.7595804760135,COMPLETE
1232,77.22318766526784,2024-03-04 11:47:11.124427,2024-03-04 11:47:11.176318,0 days 00:00:00.051891,2.155070668652775,31.602254400698875,0.5966319387384745,537.7314386016421,1319.4002878772117,COMPLETE
1233,98.57842752667035,2024-03-04 11:47:11.371187,2024-03-04 11:47:11.420197,0 days 00:00:00.049010,2.0826995729967814,34.136488554978676,0.5999782106662043,513.7456557113283,1356.1414902861507,COMPLETE
1234,588.499282560457,2024-03-04 11:47:11.605839,2024-03-04 11:47:11.654635,0 days 00:00:00.048796,2.1005636036462363,31.088062604044172,0.5744204045433706,564.2444702813472,1418.4132855421556,COMPLETE
1235,168.3708697201202,2024-03-04 11:47:11.838739,2024-03-04 11:47:11.888609,0 days 00:00:00.049870,2.037665315923419,32.897657773948126,0.5433867955844265,521.019285897942,1341.084717045582,COMPLETE
1236,166.25950383769307,2024-03-04 11:47:12.073251,2024-03-04 11:47:12.136954,0 days 00:00:00.063703,1.9907141883710506,28.18748356397162,0.5665131543384688,532.6874990388109,1347.4060113390974,COMPLETE
1237,365.63047770607136,2024-03-04 11:47:12.342606,2024-03-04 11:47:12.400258,0 days 00:00:00.057652,1.9655744790488603,33.15476742203377,0.44579131470153716,526.5868852794151,1335.3598551814318,COMPLETE
1238,229.83014877930003,2024-03-04 11:47:12.586330,2024-03-04 11:47:12.637316,0 days 00:00:00.050986,2.057234229463065,30.61974015963388,0.5703930426743794,549.1663726612223,1361.8769379304783,COMPLETE
1239,31.195058264342883,2024-03-04 11:47:12.827355,2024-03-04 11:47:12.878504,0 days 00:00:00.051149,2.001322698876394,32.28378258710684,0.5521561061511909,536.9093148314897,1322.707362872909,COMPLETE
1240,129.50193333359562,2024-03-04 11:47:13.069459,2024-03-04 11:47:13.122539,0 days 00:00:00.053080,1.982228788343997,36.7162872603875,0.5213163470934192,522.4298073583626,1351.174223448926,COMPLETE
1241,557.1120225390422,2024-03-04 11:47:13.320202,2024-03-04 11:47:13.374054,0 days 00:00:00.053852,2.1167891806538037,32.67538244984022,0.4325617137098338,511.03874306078467,1330.512341915926,COMPLETE
1242,185.89930897134764,2024-03-04 11:47:13.569158,2024-03-04 11:47:13.618880,0 days 00:00:00.049722,2.0292639005276496,33.36813781392377,0.5852781722014316,542.1294037710046,1340.450557280753,COMPLETE
1243,27.560228193421096,2024-03-04 11:47:13.804013,2024-03-04 11:47:13.853078,0 days 00:00:00.049065,2.073697412135065,35.25518873547089,0.5630194490890642,530.4812788271701,1308.852769760456,COMPLETE
1244,1120.5223442047152,2024-03-04 11:47:14.035924,2024-03-04 11:47:14.085378,0 days 00:00:00.049454,2.086916450903106,33.934016384811216,0.5555880497728289,579.031228033838,1586.0897354451567,COMPLETE
1245,1395.704750610052,2024-03-04 11:47:14.286979,2024-03-04 11:47:14.345972,0 days 00:00:00.058993,2.1406199429859614,33.61351010356603,0.4899852663458292,620.8841125228112,1520.8930316335927,COMPLETE
1246,2605.0074916633043,2024-03-04 11:47:14.544894,2024-03-04 11:47:14.600317,0 days 00:00:00.055423,2.18155926266668,33.11536703758461,0.5049930024308601,788.116382672939,1259.6759684636063,COMPLETE
1247,1452.726535294746,2024-03-04 11:47:14.804465,2024-03-04 11:47:14.857976,0 days 00:00:00.053511,1.9697997850105124,36.446109305677226,0.5775324058692632,616.4943014683678,1503.2799289117972,COMPLETE
1248,26.137560141231837,2024-03-04 11:47:15.053909,2024-03-04 11:47:15.103817,0 days 00:00:00.049908,1.958702479970681,33.7774721143493,0.5905857823105776,525.4508489757395,1372.4585893551293,COMPLETE
1249,2035.8754766095624,2024-03-04 11:47:15.295104,2024-03-04 11:47:15.347235,0 days 00:00:00.052131,2.1897676086504947,32.84542515452425,0.538142989219828,701.8046872043574,1357.1697305736136,COMPLETE
1250,436.34043696234414,2024-03-04 11:47:15.546873,2024-03-04 11:47:15.604670,0 days 00:00:00.057797,2.1288811374398766,32.573736768281876,0.4558177002343911,517.6217424473087,1321.6099087923421,COMPLETE
1251,76.60672865627431,2024-03-04 11:47:15.804081,2024-03-04 11:47:15.856679,0 days 00:00:00.052598,2.016359214891655,33.52356655026738,0.5728373966869688,534.5100385096772,1345.161176148304,COMPLETE
1252,770.8892042860305,2024-03-04 11:47:16.043229,2024-03-04 11:47:16.094708,0 days 00:00:00.051479,1.989072322852064,35.100079892532484,0.5598066832168717,583.2350915250388,1368.5760805790565,COMPLETE
1253,2372.145985965722,2024-03-04 11:47:16.300866,2024-03-04 11:47:16.363926,0 days 00:00:00.063060,2.0437073125404464,34.49012201923008,0.5252766196029113,708.6371416365962,1516.529644427178,COMPLETE
1254,206.32514707661878,2024-03-04 11:47:16.596418,2024-03-04 11:47:16.658442,0 days 00:00:00.062024,2.1240343987322254,33.310304399831224,0.4595414303277969,541.6564373606192,1464.1513056144574,COMPLETE
1255,440.98569139458164,2024-03-04 11:47:16.916733,2024-03-04 11:47:16.977501,0 days 00:00:00.060768,2.095118748475561,33.0351779520438,0.5936325545059532,560.6362148995163,1333.4173983156427,COMPLETE
1256,501.1870746973031,2024-03-04 11:47:17.173890,2024-03-04 11:47:17.237024,0 days 00:00:00.063134,2.0726545186784833,29.71765024205723,0.419096182754366,530.9965346780817,1313.859535018419,COMPLETE
1257,548.8149413004336,2024-03-04 11:47:17.446016,2024-03-04 11:47:17.499219,0 days 00:00:00.053203,1.9979969260880308,34.95059465030173,0.5817652228502653,505.4335896043451,1218.5981004078812,COMPLETE
1258,416.9693471586838,2024-03-04 11:47:17.713851,2024-03-04 11:47:17.775934,0 days 00:00:00.062083,1.9799368346088932,34.064485089520794,0.41290524314782695,500.8681816058147,1486.7298476394656,COMPLETE
1259,43.95383341807133,2024-03-04 11:47:17.970602,2024-03-04 11:47:18.022849,0 days 00:00:00.052247,2.0819802072727702,31.78072537480785,0.4855589982958562,523.8396265645933,1475.656905974506,COMPLETE
1260,225.2164258394205,2024-03-04 11:47:18.219344,2024-03-04 11:47:18.273837,0 days 00:00:00.054493,2.1500413006888484,29.277335173339083,0.5686750967199431,537.8139013327507,1248.714420826746,COMPLETE
1261,1852.5930864227769,2024-03-04 11:47:18.472364,2024-03-04 11:47:18.533069,0 days 00:00:00.060705,2.0531820227369337,34.82616090809517,0.5022325376637584,659.0791871323881,1539.656410072244,COMPLETE
1262,258.7336924733594,2024-03-04 11:47:18.736553,2024-03-04 11:47:18.790887,0 days 00:00:00.054334,2.0641810590086687,32.37460476955506,0.5871831111540663,546.758588747838,1350.4865810133256,COMPLETE
1263,2382.478778969936,2024-03-04 11:47:18.982640,2024-03-04 11:47:19.036845,0 days 00:00:00.054205,2.174415608062751,34.293882906146116,0.5654702115116432,733.3054891253279,1339.5022893588166,COMPLETE
1264,359.3989898440454,2024-03-04 11:47:19.233389,2024-03-04 11:47:19.291099,0 days 00:00:00.057710,1.9662488947230927,32.92367673261201,0.5999603862550054,517.410302366483,1254.4234571694087,COMPLETE
1265,241.39735065719162,2024-03-04 11:47:19.497538,2024-03-04 11:47:19.558043,0 days 00:00:00.060505,2.1036001564975524,33.76743297576596,0.46245583667359047,528.5500151480966,1328.5849618530103,COMPLETE
1266,1076.8988346029214,2024-03-04 11:47:19.760800,2024-03-04 11:47:19.812466,0 days 00:00:00.051666,2.1680181388656488,33.20859376015333,0.4716995749374298,637.1460868741683,1301.2725427211328,COMPLETE
1267,120.82882664774829,2024-03-04 11:47:20.011439,2024-03-04 11:47:20.064753,0 days 00:00:00.053314,2.0065415342305446,33.546724983929224,0.5501824650023978,534.7738155019956,1382.2324772754832,COMPLETE
1268,1077.6360912324008,2024-03-04 11:47:20.267370,2024-03-04 11:47:20.320408,0 days 00:00:00.053038,2.156932233390024,32.77593598148602,0.47985005465362807,623.9578612522992,1360.836606621153,COMPLETE
1269,1778.8872980288934,2024-03-04 11:47:20.519566,2024-03-04 11:47:20.576333,0 days 00:00:00.056767,2.021599134687317,36.84345388856009,0.5613162829007138,666.5207504242535,1393.8369038125459,COMPLETE
1270,2858.7380674428373,2024-03-04 11:47:20.796073,2024-03-04 11:47:20.848557,0 days 00:00:00.052484,2.0882400523551983,33.39813955158884,0.5762627376865076,745.1539690577383,1581.5829314252567,COMPLETE
1271,2050.729576927619,2024-03-04 11:47:21.040497,2024-03-04 11:47:21.097888,0 days 00:00:00.057391,1.9529090376153966,32.11477454320047,0.5201468753247577,718.1262568423023,1344.3089545363707,COMPLETE
1272,1961.4413566655671,2024-03-04 11:47:21.316729,2024-03-04 11:47:21.369183,0 days 00:00:00.052454,2.1986256835329514,32.55231150142798,0.5956912685987367,696.4638175764451,1323.6664063777723,COMPLETE
1273,1604.6188782290678,2024-03-04 11:47:21.571832,2024-03-04 11:47:21.630957,0 days 00:00:00.059125,1.9737465617346854,33.0998969646644,0.4029469628382362,671.0129017224909,1546.7954855994963,COMPLETE
1274,286.2872762299852,2024-03-04 11:47:21.846428,2024-03-04 11:47:21.910749,0 days 00:00:00.064321,2.069627446658484,34.68214798957629,0.5073685987567138,522.7262899916349,1572.4113568413168,COMPLETE
1275,436.9420478850469,2024-03-04 11:47:22.127082,2024-03-04 11:47:22.184715,0 days 00:00:00.057633,1.9819821345986295,33.95004776934,0.5554887278366704,512.1942104704452,1262.0221142831765,COMPLETE
1276,50.49889210939799,2024-03-04 11:47:22.400990,2024-03-04 11:47:22.464875,0 days 00:00:00.063885,2.078740202267476,35.214955769562735,0.5447968964543373,530.5040739800439,1353.499235977981,COMPLETE
1277,123.42048781819848,2024-03-04 11:47:22.663321,2024-03-04 11:47:22.714946,0 days 00:00:00.051625,2.035920802135396,33.3062726894165,0.43836392367167326,550.7568678592575,1408.0422001185266,COMPLETE
1278,2002.2915944151337,2024-03-04 11:47:22.918316,2024-03-04 11:47:22.968728,0 days 00:00:00.050412,2.14434533213144,32.77455232957872,0.5299396409957409,685.145263428816,1436.3262999572457,COMPLETE
1279,25.376054808594333,2024-03-04 11:47:23.152089,2024-03-04 11:47:23.206153,0 days 00:00:00.054064,1.9955337301561156,33.63540404831251,0.4954370257431956,541.4748845334752,1337.8507894330037,COMPLETE
1280,790.914569629742,2024-03-04 11:47:23.399773,2024-03-04 11:47:23.450030,0 days 00:00:00.050257,1.9629027046026308,32.979676784683285,0.5892728090572824,595.0656211922255,1317.2821857067024,COMPLETE
1281,141.5625926770704,2024-03-04 11:47:23.645279,2024-03-04 11:47:23.703904,0 days 00:00:00.058625,2.061381535289512,33.44855354947432,0.57159188026704,500.0099779765005,1588.7399401825774,COMPLETE
1282,275.6225694234285,2024-03-04 11:47:23.896657,2024-03-04 11:47:23.955901,0 days 00:00:00.059244,2.1177383540807946,32.34012132801545,0.4343349813109939,570.5348536272046,1364.2236830069546,COMPLETE
1283,257.4523634720278,2024-03-04 11:47:24.147210,2024-03-04 11:47:24.199049,0 days 00:00:00.051839,2.0482819788699356,30.119808333021624,0.5827828183935013,517.5913157064687,1331.636316360935,COMPLETE
1284,238.31641407834766,2024-03-04 11:47:24.384421,2024-03-04 11:47:24.434731,0 days 00:00:00.050310,2.1089702709195994,31.34751468738478,0.47619316271255757,528.1595807450952,1346.250582835822,COMPLETE
1285,887.4335264754733,2024-03-04 11:47:24.628320,2024-03-04 11:47:24.683539,0 days 00:00:00.055219,2.095739281484243,33.1901029442358,0.566905608811668,593.0390635987958,1355.9847847311344,COMPLETE
1286,1471.617311002415,2024-03-04 11:47:24.870722,2024-03-04 11:47:24.929987,0 days 00:00:00.059265,1.9874127797971246,32.63782187369972,0.5615024964731306,647.9490267516776,1371.2304810426942,COMPLETE
1287,2196.594089355527,2024-03-04 11:47:25.124140,2024-03-04 11:47:25.174603,0 days 00:00:00.050463,2.010496564039326,33.81987143954344,0.4479424011117859,753.7350060967908,1289.4829271411754,COMPLETE
1288,1619.5996068444535,2024-03-04 11:47:25.369301,2024-03-04 11:47:25.425348,0 days 00:00:00.056047,2.1321386201345636,28.255145048679577,0.4246671955751218,710.0788922980503,1337.7631230855623,COMPLETE
1289,53.3136724101587,2024-03-04 11:47:25.617275,2024-03-04 11:47:25.674658,0 days 00:00:00.057383,2.1641766140601324,34.20080814215352,0.4915364747511872,536.6573908047665,1325.1650552539866,COMPLETE
1290,344.90643971369366,2024-03-04 11:47:25.881155,2024-03-04 11:47:25.932115,0 days 00:00:00.050960,2.181397420984782,34.49825852950948,0.5787520707822383,523.873504445976,1515.6815902228507,COMPLETE
1291,913.3946604029223,2024-03-04 11:47:26.121109,2024-03-04 11:47:26.172082,0 days 00:00:00.050973,1.9735904745062154,36.9220268028901,0.593677354544914,609.6059672789019,1268.8060344926066,COMPLETE
1292,150.50871917007387,2024-03-04 11:47:26.358958,2024-03-04 11:47:26.409931,0 days 00:00:00.050973,2.0741557906398453,32.97258199530303,0.5173986586031509,532.191388478474,1436.4198162871294,COMPLETE
1293,94.73709574335635,2024-03-04 11:47:26.601956,2024-03-04 11:47:26.653448,0 days 00:00:00.051492,2.086775695955612,35.39990034605798,0.5374596198376347,542.4150613059435,1307.7162690828955,COMPLETE
1294,564.6897744895728,2024-03-04 11:47:26.838307,2024-03-04 11:47:26.890177,0 days 00:00:00.051870,2.0568184109122623,33.534876261510064,0.5335655835270208,509.8257549770951,1227.3777608521018,COMPLETE
1295,815.8519456074031,2024-03-04 11:47:27.088072,2024-03-04 11:47:27.147518,0 days 00:00:00.059446,2.027800118420716,33.29867568775109,0.574048910833719,589.7670491617404,1347.4002665926018,COMPLETE
1296,566.3131086735353,2024-03-04 11:47:27.342408,2024-03-04 11:47:27.394145,0 days 00:00:00.051737,1.9565200408770458,32.79048056134557,0.5500619286498966,553.5829936798613,1503.5458740128681,COMPLETE
