number,value,datetime_start,datetime_complete,duration,params_Q10,params_SPAN,params_TDWI,params_TSUM1,params_TSUM2,state
1297,2492.151041810256,2024-03-04 11:47:27.598209,2024-03-04 11:47:27.654856,0 days 00:00:00.056647,2.0653180767388286,36.114557835783586,0.5868728135611264,727.1282669428881,1422.9811166002019,COMPLETE
1298,192.83102842903023,2024-03-04 11:47:27.855654,2024-03-04 11:47:27.913594,0 days 00:00:00.057940,2.0026349585392955,33.721211433654545,0.5578162796423888,518.3845333843801,1331.2127181785079,COMPLETE
1299,75.96029177924399,2024-03-04 11:47:28.130636,2024-03-04 11:47:28.187011,0 days 00:00:00.056375,2.188653906489496,29.011312543562035,0.5690189602808926,526.3344175686841,1452.3921883766368,COMPLETE
1300,2381.590008420845,2024-03-04 11:47:28.400956,2024-03-04 11:47:28.468077,0 days 00:00:00.067121,1.9787191008341127,30.35875564817306,0.5638395630385009,749.50654095908,1339.8159193181582,COMPLETE
1301,249.54723644643192,2024-03-04 11:47:28.703957,2024-03-04 11:47:28.764891,0 days 00:00:00.060934,1.96833665511474,31.941626911577604,0.5900650428872465,536.9598424451603,1431.2887765222317,COMPLETE
1302,2986.501387146415,2024-03-04 11:47:28.969523,2024-03-04 11:47:29.033498,0 days 00:00:00.063975,2.1012162810029795,32.48876031565573,0.5432219369370936,765.6676548375451,1557.602281827899,COMPLETE
1303,147.38063885504508,2024-03-04 11:47:29.239350,2024-03-04 11:47:29.299526,0 days 00:00:00.060176,2.1507515974088975,33.135774188592386,0.46447716209636974,531.6186639427663,1353.487037173129,COMPLETE
1304,367.69281217785607,2024-03-04 11:47:29.517630,2024-03-04 11:47:29.580609,0 days 00:00:00.062979,2.078322254508496,34.94880042642516,0.5810315176545595,522.4393481429128,1542.0153859954696,COMPLETE
1305,2070.8032463858576,2024-03-04 11:47:29.769718,2024-03-04 11:47:29.821342,0 days 00:00:00.051624,1.9922979986414346,31.020274605164257,0.40545718998501107,760.8862428842804,1296.1385674453425,COMPLETE
1306,73.90624902736867,2024-03-04 11:47:30.003648,2024-03-04 11:47:30.056277,0 days 00:00:00.052629,2.1096864358786296,32.24235634278505,0.5248018287117945,546.1811911960828,1314.364622484485,COMPLETE
1307,2019.5367067632433,2024-03-04 11:47:30.264196,2024-03-04 11:47:30.317833,0 days 00:00:00.053637,2.0403265989189228,33.43235991398599,0.49878871219371673,676.9354005753761,1553.0018105342224,COMPLETE
1308,314.5659532441364,2024-03-04 11:47:30.515501,2024-03-04 11:47:30.568659,0 days 00:00:00.053158,2.1748481103014985,34.08314591752909,0.5960069904572808,537.7583227594532,1398.1855743245912,COMPLETE
1309,428.9315504067037,2024-03-04 11:47:30.764792,2024-03-04 11:47:30.818838,0 days 00:00:00.054046,1.9500697770100888,32.922259654838484,0.5543143111360191,527.8600043391588,1203.0809344075496,COMPLETE
1310,406.16399366315153,2024-03-04 11:47:31.025482,2024-03-04 11:47:31.084097,0 days 00:00:00.058615,1.98471923960924,31.71292552901929,0.5135305452628912,514.6358376289843,1322.9797637555719,COMPLETE
1311,901.3242640058623,2024-03-04 11:47:31.289223,2024-03-04 11:47:31.365208,0 days 00:00:00.075985,2.1395508391652083,35.13154938080737,0.5724500698424022,564.5328335488276,1528.0086760110476,COMPLETE
1312,1050.6098846566172,2024-03-04 11:47:31.573574,2024-03-04 11:47:31.630697,0 days 00:00:00.057123,2.090464751129397,32.660645261191405,0.566203688585546,606.4716736313808,1362.4596174745436,COMPLETE
1313,1244.9865350189261,2024-03-04 11:47:31.829040,2024-03-04 11:47:31.885673,0 days 00:00:00.056633,2.0668199228752333,35.46845138946746,0.4829327885509987,638.906638904338,1345.9801548543826,COMPLETE
1314,111.81230792266805,2024-03-04 11:47:32.082032,2024-03-04 11:47:32.144545,0 days 00:00:00.062513,1.9724268830967633,33.139921505632365,0.5843180323166716,532.1795729718991,1381.6523030062212,COMPLETE
1315,113.50419390054604,2024-03-04 11:47:32.355972,2024-03-04 11:47:32.418487,0 days 00:00:00.062515,1.9626507202958685,34.34504353674465,0.5762769955889732,522.5193836851208,1333.5392765650463,COMPLETE
1316,242.24732134015977,2024-03-04 11:47:32.618339,2024-03-04 11:47:32.675566,0 days 00:00:00.057227,2.0173275898311367,33.66371525086008,0.5587835160627563,544.4966297083438,1368.7567383317405,COMPLETE
1317,390.49061473501587,2024-03-04 11:47:32.878905,2024-03-04 11:47:32.935734,0 days 00:00:00.056829,2.050168992509486,33.365076502360004,0.5919563349235812,569.5963371550473,1263.9631912775592,COMPLETE
1318,29.278557583818387,2024-03-04 11:47:33.117251,2024-03-04 11:47:33.167751,0 days 00:00:00.050500,2.0819404161839987,33.03275602035806,0.5078937484467686,536.6956656875127,1339.0945449781495,COMPLETE
1319,636.4338214432248,2024-03-04 11:47:33.355222,2024-03-04 11:47:33.426207,0 days 00:00:00.070985,2.1650782627798826,33.942012250459165,0.54095794307839,575.7497743022873,1352.7154772929944,COMPLETE
1320,236.5235482259904,2024-03-04 11:47:33.617496,2024-03-04 11:47:33.672283,0 days 00:00:00.054787,2.0576353209211433,31.267494619864447,0.5622403053392632,527.8926691773446,1496.4560696759922,COMPLETE
1321,413.59777505951484,2024-03-04 11:47:33.879983,2024-03-04 11:47:33.938805,0 days 00:00:00.058822,1.9976386161887467,34.8423775469829,0.5474310624061173,517.2196019896289,1241.8734057175097,COMPLETE
1322,511.1070687135242,2024-03-04 11:47:34.125928,2024-03-04 11:47:34.178833,0 days 00:00:00.052905,2.07217118815022,32.78401596436147,0.5278176213654924,555.1560167875581,1456.6254493878387,COMPLETE
1323,2048.50679182477,2024-03-04 11:47:34.376651,2024-03-04 11:47:34.429160,0 days 00:00:00.052509,2.029419323640683,33.52103812544467,0.501485683823691,691.0839719118677,1469.4255203738685,COMPLETE
1324,100.79181602952622,2024-03-04 11:47:34.664898,2024-03-04 11:47:34.747339,0 days 00:00:00.082441,1.9770240855651748,33.28262150672363,0.40067321991323995,523.1400253167641,1568.4365291362237,COMPLETE
1325,1227.0676230660729,2024-03-04 11:47:34.973523,2024-03-04 11:47:35.050096,0 days 00:00:00.076573,2.1233653488177953,32.43040824394308,0.5688371104247397,604.8944809927435,1455.3229740355616,COMPLETE
1326,80.29076618802148,2024-03-04 11:47:35.274121,2024-03-04 11:47:35.345643,0 days 00:00:00.071522,2.156824305121425,32.01071319016246,0.5955094989731364,533.4811490180982,1275.2055892575934,COMPLETE
1327,37.36167222597537,2024-03-04 11:47:35.552315,2024-03-04 11:47:35.623459,0 days 00:00:00.071144,2.1357881972672326,29.589583779907375,0.5526603193573306,540.4852054505915,1326.7807463981349,COMPLETE
1328,198.43239937656716,2024-03-04 11:47:35.811185,2024-03-04 11:47:35.865730,0 days 00:00:00.054545,1.9890824825537339,33.72335958161258,0.599735164528221,508.2857515550813,1359.8035518410072,COMPLETE
1329,2616.721444100448,2024-03-04 11:47:36.051373,2024-03-04 11:47:36.112592,0 days 00:00:00.061219,2.0088375086903296,29.375183612913705,0.5189019802194024,799.0999227634128,1316.1879890368111,COMPLETE
1330,1621.0902768672224,2024-03-04 11:47:36.322573,2024-03-04 11:47:36.381096,0 days 00:00:00.058523,2.0963833325835743,34.502319637664144,0.5789569161366811,651.2080221909315,1374.26049503197,COMPLETE
1331,48.92994908281286,2024-03-04 11:47:36.584780,2024-03-04 11:47:36.638825,0 days 00:00:00.054045,1.9618277634253372,32.96027151903219,0.5848879410711545,527.4387492868441,1343.984551962643,COMPLETE
1332,1016.1427690434646,2024-03-04 11:47:36.825686,2024-03-04 11:47:36.877562,0 days 00:00:00.051876,2.081290274974247,32.582043551022736,0.534558036690047,614.2412769332279,1333.608140893062,COMPLETE
1333,1319.5485809984914,2024-03-04 11:47:37.061504,2024-03-04 11:47:37.114793,0 days 00:00:00.053289,2.187266160473558,36.594264633292084,0.5650861528573154,619.5122691669008,1388.5436489129404,COMPLETE
1334,142.36803717555037,2024-03-04 11:47:37.306469,2024-03-04 11:47:37.358866,0 days 00:00:00.052397,2.1197328467377003,33.24832451722891,0.493268712114453,548.5023752039739,1350.6157906847864,COMPLETE
1335,2308.4159555492374,2024-03-04 11:47:37.549065,2024-03-04 11:47:37.617577,0 days 00:00:00.068512,1.9442583885161142,30.707413181327194,0.5717704520395942,746.6515538737394,1321.636710299245,COMPLETE
1336,2094.9465318664757,2024-03-04 11:47:37.824463,2024-03-04 11:47:37.879987,0 days 00:00:00.055524,2.174173274791095,33.499117261054266,0.5050508797972955,721.9699159967154,1308.6391793746136,COMPLETE
1337,334.8686943101904,2024-03-04 11:47:38.064615,2024-03-04 11:47:38.117757,0 days 00:00:00.053142,2.0442804950043385,32.2409447279572,0.5572088303519686,558.5807506580109,1339.2073701143722,COMPLETE
1338,447.48248108378044,2024-03-04 11:47:38.306772,2024-03-04 11:47:38.360906,0 days 00:00:00.054134,1.9829492123094863,30.764157813436114,0.4784620907948416,518.8809763376886,1332.1258655211068,COMPLETE
1339,130.4954483769197,2024-03-04 11:47:38.544779,2024-03-04 11:47:38.597360,0 days 00:00:00.052581,2.06768292139496,33.85867717719903,0.5898244791260313,532.7857099266058,1357.2222788740796,COMPLETE
1340,70.21994088426989,2024-03-04 11:47:38.781525,2024-03-04 11:47:38.835323,0 days 00:00:00.053798,2.0911941835205408,35.166966025956214,0.4515601450326273,539.3236348416315,1346.5358695565055,COMPLETE
1341,1916.2070360424282,2024-03-04 11:47:39.025610,2024-03-04 11:47:39.079027,0 days 00:00:00.053417,2.1943260693634157,30.259717261418185,0.5751924390885174,706.3909162389509,1299.0059586680109,COMPLETE
1342,224.40337670123262,2024-03-04 11:47:39.261431,2024-03-04 11:47:39.313484,0 days 00:00:00.052053,1.8058212939549894,33.105783442921435,0.5692461327134228,526.9689063086627,1327.4015341804113,COMPLETE
1343,2599.5698051688887,2024-03-04 11:47:39.524409,2024-03-04 11:47:39.579226,0 days 00:00:00.054817,1.9710023590334862,28.03005063357959,0.5617032001891307,779.7977614513964,1365.0433876320603,COMPLETE
1344,102.63457681724213,2024-03-04 11:47:39.781846,2024-03-04 11:47:39.843380,0 days 00:00:00.061534,2.021591914882712,34.672790027696685,0.5880181233133784,533.7937041733524,1340.3378698349852,COMPLETE
1345,1567.3075858121063,2024-03-04 11:47:40.030462,2024-03-04 11:47:40.088009,0 days 00:00:00.057547,2.1496166925222977,32.779763340184175,0.47225392802952093,658.2446616466954,1428.777278144345,COMPLETE
1346,67.49092071927159,2024-03-04 11:47:40.287012,2024-03-04 11:47:40.339711,0 days 00:00:00.052699,2.0350020120246466,29.80209367137026,0.5106696581032478,513.3926396649651,1570.0530169830017,COMPLETE
1347,566.4774764128858,2024-03-04 11:47:40.530524,2024-03-04 11:47:40.582390,0 days 00:00:00.051866,2.05295909307548,33.37664383400047,0.45448244368077007,585.4188730107338,1376.3558891035073,COMPLETE
1348,235.44210021006393,2024-03-04 11:47:40.772258,2024-03-04 11:47:40.823660,0 days 00:00:00.051402,1.955190873634328,33.59304938758648,0.5484234920025085,520.7980740003678,1318.2729438763213,COMPLETE
1349,150.7992603118215,2024-03-04 11:47:41.014066,2024-03-04 11:47:41.065283,0 days 00:00:00.051217,2.102499673457211,28.014920231758175,0.5814945103714815,542.8623264736161,1405.234718751666,COMPLETE
1350,1693.0043247794395,2024-03-04 11:47:41.263488,2024-03-04 11:47:41.319625,0 days 00:00:00.056137,2.0777112093982777,32.96763431010192,0.5918873197572121,625.8593118578538,1593.219933757728,COMPLETE
1351,79.93136804230004,2024-03-04 11:47:41.516176,2024-03-04 11:47:41.568403,0 days 00:00:00.052227,2.1120963130047525,34.01989198137979,0.5960882220722074,528.3432089117608,1350.7194555160918,COMPLETE
1352,118.44906545280655,2024-03-04 11:47:41.759412,2024-03-04 11:47:41.823334,0 days 00:00:00.063922,2.084948895054135,33.178429780810866,0.46905048400893534,537.8427858969461,1331.1533009752343,COMPLETE
1353,222.6485351756673,2024-03-04 11:47:42.022788,2024-03-04 11:47:42.083632,0 days 00:00:00.060844,2.181734164799329,35.54250312455367,0.5161322185393332,523.2590550566051,1291.4938856697295,COMPLETE
1354,534.9655729651624,2024-03-04 11:47:42.272328,2024-03-04 11:47:42.325443,0 days 00:00:00.053115,2.003078173042791,35.009576190687554,0.5660246264309065,549.602444033657,1461.6758938434352,COMPLETE
1355,230.06967353136272,2024-03-04 11:47:42.525058,2024-03-04 11:47:42.577931,0 days 00:00:00.052873,1.965264378416291,32.55497491348445,0.5535612410423426,514.701135775638,1360.1136646585694,COMPLETE
1356,2588.287877963224,2024-03-04 11:47:42.765170,2024-03-04 11:47:42.816954,0 days 00:00:00.051784,1.9798828981453864,33.73237481430102,0.5722836808610553,759.8549478257987,1342.9933156596392,COMPLETE
1357,2679.485359548951,2024-03-04 11:47:43.004959,2024-03-04 11:47:43.056727,0 days 00:00:00.051768,2.0609289668733566,31.536646922356763,0.5236906685256049,783.411162647348,1310.6151418549362,COMPLETE
1358,114.06715098447711,2024-03-04 11:47:43.250621,2024-03-04 11:47:43.302602,0 days 00:00:00.051981,2.132617119598233,32.777095047380364,0.5596573167000085,532.4989290982186,1278.9714106661208,COMPLETE
1359,73.40725183634666,2024-03-04 11:47:43.490836,2024-03-04 11:47:43.542981,0 days 00:00:00.052145,1.9904917499619177,33.36182258032882,0.5849744837473027,526.9125792930821,1324.237272467137,COMPLETE
1360,370.3043450873362,2024-03-04 11:47:43.729873,2024-03-04 11:47:43.782591,0 days 00:00:00.052718,2.068658501791235,35.30237353292549,0.5763639020554053,577.0517447645055,1206.96255223945,COMPLETE
1361,1244.0148280857916,2024-03-04 11:47:43.967097,2024-03-04 11:47:44.025145,0 days 00:00:00.058048,2.013582552299991,28.94159987131911,0.4986082519439494,626.3305156126721,1509.1358243199325,COMPLETE
1362,456.9177622617463,2024-03-04 11:47:44.219623,2024-03-04 11:47:44.272051,0 days 00:00:00.052428,2.074377229449329,34.150025940195576,0.5310014031414294,544.5397818458291,1481.1438438795751,COMPLETE
1363,347.84592300777996,2024-03-04 11:47:44.457558,2024-03-04 11:47:44.509671,0 days 00:00:00.052113,2.157804424571328,32.208750330823406,0.5389195160276797,506.9159171250091,1336.2316612190727,COMPLETE
1364,2925.4018973987313,2024-03-04 11:47:44.694634,2024-03-04 11:47:44.746977,0 days 00:00:00.052343,2.144370664465171,34.33451848446927,0.5642683107126881,767.9557272431014,1450.7008626869663,COMPLETE
1365,1792.7536562145565,2024-03-04 11:47:44.943455,2024-03-04 11:47:44.998707,0 days 00:00:00.055252,2.1656185592760244,32.9179067826646,0.5936576336950694,669.7819684771355,1368.2790297184436,COMPLETE
1366,2072.490124128485,2024-03-04 11:47:45.196362,2024-03-04 11:47:45.248420,0 days 00:00:00.052058,1.9713822249202138,32.428973504260675,0.5437796269891035,712.8271584692984,1351.7425221227752,COMPLETE
1367,480.8496426997536,2024-03-04 11:47:45.438687,2024-03-04 11:47:45.491832,0 days 00:00:00.053145,1.9967117375030754,28.5273484227234,0.48631764744213135,519.2494139345858,1344.2135488608883,COMPLETE
1368,1929.8237102958333,2024-03-04 11:47:45.690738,2024-03-04 11:47:45.744347,0 days 00:00:00.053609,2.0918076431614008,35.90054418806413,0.5689715146365105,696.4257488276423,1303.7703600326327,COMPLETE
1369,367.2228007304278,2024-03-04 11:47:45.935973,2024-03-04 11:47:45.989205,0 days 00:00:00.053232,1.9551224563771528,33.519022399795844,0.4079331870726539,536.0555016487488,1330.0253509757888,COMPLETE
1370,110.3549625176745,2024-03-04 11:47:46.184524,2024-03-04 11:47:46.245155,0 days 00:00:00.060631,2.046076106956577,33.13913010824647,0.5806436396105559,529.8174580392141,1382.074791299677,COMPLETE
1371,2027.7121245032147,2024-03-04 11:47:46.430601,2024-03-04 11:47:46.482615,0 days 00:00:00.052014,1.981314934346547,29.21001762605433,0.5581959032612408,739.3746078856518,1253.1119119574148,COMPLETE
1372,1816.3519551643615,2024-03-04 11:47:46.674496,2024-03-04 11:47:46.738760,0 days 00:00:00.064264,2.0826174744226824,30.9083965505736,0.5858217695961647,681.9442927082556,1358.1544753799094,COMPLETE
1373,907.1087097419079,2024-03-04 11:47:46.945793,2024-03-04 11:47:46.998761,0 days 00:00:00.052968,1.9444183874119538,29.477133601887136,0.5968821578897284,612.0656051091813,1337.8276902446407,COMPLETE
1374,976.9129755343029,2024-03-04 11:47:47.209214,2024-03-04 11:47:47.263846,0 days 00:00:00.054632,2.1234588459996164,36.36355848148334,0.4915850369985293,597.6773697593794,1418.4369433802008,COMPLETE
1375,368.5111360512754,2024-03-04 11:47:47.454295,2024-03-04 11:47:47.506934,0 days 00:00:00.052639,2.1723899091257293,33.86026428414334,0.549314156007133,523.0261434066689,1572.7088716015396,COMPLETE
1376,286.4436368183774,2024-03-04 11:47:47.717901,2024-03-04 11:47:47.772534,0 days 00:00:00.054633,2.098653597697296,28.423213980786116,0.5899847000334434,539.8765797149173,1219.6180284980262,COMPLETE
1377,25.4784413232822,2024-03-04 11:47:47.956180,2024-03-04 11:47:48.013001,0 days 00:00:00.056821,2.060102508041868,34.60655079424577,0.571719413256036,532.2931981933627,1317.632813810805,COMPLETE
1378,709.1356979550949,2024-03-04 11:47:48.198183,2024-03-04 11:47:48.250609,0 days 00:00:00.052426,2.0338234590026154,32.701384055294525,0.5653228224031274,563.9006859082804,1471.9752049762244,COMPLETE
1379,1101.2058290004488,2024-03-04 11:47:48.445072,2024-03-04 11:47:48.498057,0 days 00:00:00.052985,2.1983478499497155,29.623700168985163,0.5036543470817755,646.9340986267957,1284.5460526517345,COMPLETE
1380,134.3865769531314,2024-03-04 11:47:48.692901,2024-03-04 11:47:48.748407,0 days 00:00:00.055506,1.9644135935760032,29.841613158657765,0.5765396156411238,513.8798401294641,1440.736766529488,COMPLETE
1381,422.6237970051497,2024-03-04 11:47:48.937197,2024-03-04 11:47:48.993214,0 days 00:00:00.056017,2.072872972898367,34.83329770268456,0.5111904948260594,526.452749269186,1208.2149221916907,COMPLETE
1382,357.07770231442555,2024-03-04 11:47:49.186882,2024-03-04 11:47:49.242929,0 days 00:00:00.056047,1.992882784807943,33.35565164519958,0.5534323176129579,536.3849313615859,1490.420622420231,COMPLETE
1383,55.383030277067796,2024-03-04 11:47:49.447223,2024-03-04 11:47:49.509132,0 days 00:00:00.061909,2.1095322914910675,33.060573729255545,0.44214543477613144,545.2938681372009,1349.9483042537945,COMPLETE
1384,257.1562856176872,2024-03-04 11:47:49.722558,2024-03-04 11:47:49.778673,0 days 00:00:00.056115,1.9732258049622762,33.63123127487047,0.5681354118909191,553.4418937295084,1325.8005627993261,COMPLETE
1385,87.68018144208942,2024-03-04 11:47:49.982423,2024-03-04 11:47:50.041751,0 days 00:00:00.059328,1.984713249383546,32.88641079088271,0.599712477263827,518.6134777854498,1364.06136559229,COMPLETE
1386,86.42149381762206,2024-03-04 11:47:50.242991,2024-03-04 11:47:50.302142,0 days 00:00:00.059151,2.0218861241015316,31.917166465100635,0.5623507841075187,528.8696218690504,1333.8816672772882,COMPLETE
1387,1441.4279231620046,2024-03-04 11:47:50.511767,2024-03-04 11:47:50.572767,0 days 00:00:00.061000,2.17953447985166,33.22504328099983,0.46592447823929106,653.2348508158391,1395.68243102598,COMPLETE
1388,365.2044316010412,2024-03-04 11:47:50.784359,2024-03-04 11:47:50.841534,0 days 00:00:00.057175,2.009233134561663,32.45450675501242,0.520787993725739,509.5644487853997,1346.0273651822718,COMPLETE
1389,173.09002083740882,2024-03-04 11:47:51.036787,2024-03-04 11:47:51.093417,0 days 00:00:00.056630,2.1997268204819345,32.619553696435645,0.5457962675271031,533.4007342591857,1258.8001000537806,COMPLETE
1390,1787.229023739724,2024-03-04 11:47:51.297834,2024-03-04 11:47:51.354082,0 days 00:00:00.056248,2.0863628364119142,33.48891091703879,0.5821594517275039,672.6951906943322,1355.2622408017105,COMPLETE
1391,60.00106625571599,2024-03-04 11:47:51.552527,2024-03-04 11:47:51.611148,0 days 00:00:00.058621,2.063477853353174,30.70245815465439,0.5920431053187167,522.9274401779574,1374.329611566103,COMPLETE
1392,2846.316749145293,2024-03-04 11:47:51.802661,2024-03-04 11:47:51.861097,0 days 00:00:00.058436,2.129120485769445,31.375419750431547,0.587496640066786,755.1915317651045,1514.3507592460205,COMPLETE
1393,1298.3304720470535,2024-03-04 11:47:52.054810,2024-03-04 11:47:52.121196,0 days 00:00:00.066386,2.053012691175523,33.828494226246946,0.5366050439976746,636.4670027440203,1339.059980146772,COMPLETE
1394,141.5373774015854,2024-03-04 11:47:52.324092,2024-03-04 11:47:52.378809,0 days 00:00:00.054717,1.9757879808082233,32.11869843222955,0.4810355002445354,541.3684363991667,1320.7076282285457,COMPLETE
1395,1634.5422132731312,2024-03-04 11:47:52.570949,2024-03-04 11:47:52.632334,0 days 00:00:00.061385,2.1445291023314756,36.02764571409256,0.5554993999740461,662.3317165768985,1332.8402058313538,COMPLETE
1396,28.027184947038055,2024-03-04 11:47:52.814648,2024-03-04 11:47:52.869186,0 days 00:00:00.054538,2.077609144220319,34.24519921428834,0.5731986205814619,524.5083343905305,1342.7191811546854,COMPLETE
1397,1951.7729982667552,2024-03-04 11:47:53.063059,2024-03-04 11:47:53.118014,0 days 00:00:00.054955,2.1028958512834435,35.343604735557584,0.5291243338743422,702.3494812341565,1310.432683145509,COMPLETE
1398,380.24680915904617,2024-03-04 11:47:53.305055,2024-03-04 11:47:53.360914,0 days 00:00:00.055859,1.9504963165996267,33.22460717935165,0.5788770319173054,536.7133206574744,1494.9184027345557,COMPLETE
1399,2612.2935042504864,2024-03-04 11:47:53.564377,2024-03-04 11:47:53.648742,0 days 00:00:00.084365,2.1882369066847214,36.585720865714215,0.419528405883793,796.1645656421948,1357.3646315988942,COMPLETE
1400,2130.721032460999,2024-03-04 11:47:53.851955,2024-03-04 11:47:53.913162,0 days 00:00:00.061207,1.8432103462040248,29.80419062290528,0.5600678218804988,730.550737048794,1386.601854186281,COMPLETE
1401,557.8830859711251,2024-03-04 11:47:54.117272,2024-03-04 11:47:54.182566,0 days 00:00:00.065294,1.9595644674127775,31.144376915024278,0.5688043364554201,582.2850359094989,1325.5045190268613,COMPLETE
1402,282.49327714962493,2024-03-04 11:47:54.392161,2024-03-04 11:47:54.448896,0 days 00:00:00.056735,2.0042053517865464,33.01492223373702,0.5161072518468688,530.4117708191388,1533.856528829607,COMPLETE
1403,407.5980506931851,2024-03-04 11:47:54.635407,2024-03-04 11:47:54.699989,0 days 00:00:00.064582,2.0404514408041297,33.96664016610715,0.429100760684992,517.2474597192552,1366.1124234356068,COMPLETE
1404,2914.9602219026447,2024-03-04 11:47:54.895821,2024-03-04 11:47:54.949864,0 days 00:00:00.054043,2.1516994070432522,35.56443823537154,0.5959298807166139,792.3469260787381,1349.2088905762444,COMPLETE
