number,value,datetime_start,datetime_complete,duration,params_Q10,params_SPAN,params_TDWI,params_TSUM1,params_TSUM2,state
648,1848.050002114599,2024-03-04 11:44:51.390739,2024-03-04 11:44:51.426781,0 days 00:00:00.036042,2.078082283995033,34.666488768635695,0.4631040637154159,701.0049988792431,1344.1480115297068,COMPLETE
649,239.65897768863286,2024-03-04 11:44:51.611360,2024-03-04 11:44:51.646465,0 days 00:00:00.035105,2.024345990577294,28.465498652380976,0.5053093164332615,539.2449573860349,1316.2892919859482,COMPLETE
650,195.1394270664582,2024-03-04 11:44:51.824715,2024-03-04 11:44:51.859833,0 days 00:00:00.035118,2.1117489939742877,33.244732821920806,0.5624447494555278,511.2244019534461,1355.2360141624913,COMPLETE
651,474.37757737500704,2024-03-04 11:44:52.054362,2024-03-04 11:44:52.094125,0 days 00:00:00.039763,2.018282748021031,36.86456148891881,0.49908184079824536,500.63195504687434,1322.1082713632052,COMPLETE
652,917.5525685221701,2024-03-04 11:44:52.284717,2024-03-04 11:44:52.320608,0 days 00:00:00.035891,2.009569533850672,28.843910811592526,0.4289873940712578,618.1845457781207,1491.0300784532938,COMPLETE
653,397.8216554072303,2024-03-04 11:44:52.511574,2024-03-04 11:44:52.548113,0 days 00:00:00.036539,2.0924573075528623,31.029029967129784,0.5883930190852091,529.8461213012276,1557.6367462384205,COMPLETE
654,280.378303572977,2024-03-04 11:44:52.742634,2024-03-04 11:44:52.778116,0 days 00:00:00.035482,2.125188889835034,32.46572866268225,0.5773135138958184,535.0488097884205,1431.2112805490221,COMPLETE
655,206.77049525807013,2024-03-04 11:44:52.971759,2024-03-04 11:44:53.007738,0 days 00:00:00.035979,2.002370349500221,32.92152746715287,0.54886211115382,519.3155896675469,1335.5253271353586,COMPLETE
656,1706.8057863427546,2024-03-04 11:44:53.202844,2024-03-04 11:44:53.240141,0 days 00:00:00.037297,2.1458917329610863,33.644214170145254,0.5561792032403552,637.8243973141564,1516.5404669310349,COMPLETE
657,273.02872960619436,2024-03-04 11:44:53.437899,2024-03-04 11:44:53.477352,0 days 00:00:00.039453,2.190575678356411,33.435750366986724,0.5661754007526253,547.2161621468654,1346.3443967709795,COMPLETE
658,2683.2790000125433,2024-03-04 11:44:53.672094,2024-03-04 11:44:53.709021,0 days 00:00:00.036927,2.041260407228214,33.09724419748621,0.44199218700271437,792.75258917515,1366.0857001196862,COMPLETE
659,262.6131792136174,2024-03-04 11:44:53.896338,2024-03-04 11:44:53.931386,0 days 00:00:00.035048,2.1339076243784523,32.16169769613953,0.5107401006874845,560.3901446986853,1327.8512013052796,COMPLETE
660,164.21314764032874,2024-03-04 11:44:54.143369,2024-03-04 11:44:54.187107,0 days 00:00:00.043738,2.0661833812912054,34.45152166755726,0.4787154922663865,526.16906066661,1356.1343527002261,COMPLETE
661,192.2700323805213,2024-03-04 11:44:54.397898,2024-03-04 11:44:54.443281,0 days 00:00:00.045383,2.1011142452710083,34.30868204168714,0.5826497555182159,539.8858629472784,1339.110880625704,COMPLETE
662,2207.3450017627047,2024-03-04 11:44:54.659048,2024-03-04 11:44:54.702016,0 days 00:00:00.042968,2.0503859477518738,35.387237994341525,0.5922391598453836,712.7181862772591,1351.4225683716759,COMPLETE
663,331.6200421072366,2024-03-04 11:44:54.905838,2024-03-04 11:44:54.941318,0 days 00:00:00.035480,2.0858019426515577,33.923957019580385,0.5601522514761843,533.7645623994875,1463.7491405335581,COMPLETE
664,201.33576995705488,2024-03-04 11:44:55.121024,2024-03-04 11:44:55.155787,0 days 00:00:00.034763,1.9959543581272061,32.66597827237932,0.4873036852340452,524.1259531250661,1373.663678051405,COMPLETE
665,2251.881980598105,2024-03-04 11:44:55.334671,2024-03-04 11:44:55.369398,0 days 00:00:00.034727,2.0587438036885297,32.9833436183297,0.568468600621432,725.4827247261002,1331.649270605529,COMPLETE
666,29.940441033273846,2024-03-04 11:44:55.549989,2024-03-04 11:44:55.586680,0 days 00:00:00.036691,2.1593336897853592,32.452949648971725,0.5747906881291538,529.9059818327269,1344.5292081634063,COMPLETE
667,2433.1967409299587,2024-03-04 11:44:55.776513,2024-03-04 11:44:55.811988,0 days 00:00:00.035475,2.0700815527938556,33.35213965959904,0.5965193453362648,704.6519433415535,1539.579755221107,COMPLETE
668,326.21203633257596,2024-03-04 11:44:56.010763,2024-03-04 11:44:56.047879,0 days 00:00:00.037116,2.183793579378287,33.23383419511915,0.5640509266108977,518.5720824876026,1576.8634693753459,COMPLETE
669,71.05234169928961,2024-03-04 11:44:56.249458,2024-03-04 11:44:56.286335,0 days 00:00:00.036877,2.0159544746217137,32.7555502362886,0.44960014657492514,543.4170741693894,1361.3412369405157,COMPLETE
670,564.8825436085268,2024-03-04 11:44:56.465291,2024-03-04 11:44:56.500286,0 days 00:00:00.034995,2.0771765040699437,30.586172560734095,0.5810137086256281,580.1388714171366,1318.6803350869675,COMPLETE
671,227.15900316286795,2024-03-04 11:44:56.687104,2024-03-04 11:44:56.722711,0 days 00:00:00.035607,2.1134941205319815,33.7246385326105,0.5871468804625916,506.7880395472824,1578.7940653140345,COMPLETE
672,34.682029668520734,2024-03-04 11:44:56.919820,2024-03-04 11:44:56.955529,0 days 00:00:00.035709,2.0922351970275934,35.47292534297618,0.4145984429056311,554.0798475650039,1338.966098631778,COMPLETE
673,378.9380652589743,2024-03-04 11:44:57.144157,2024-03-04 11:44:57.179180,0 days 00:00:00.035023,2.027988751050783,32.90560463257132,0.5581416268058114,536.0975231071913,1497.4979533892533,COMPLETE
674,256.3893994941726,2024-03-04 11:44:57.365059,2024-03-04 11:44:57.407004,0 days 00:00:00.041945,2.001371404665166,32.34700395821858,0.4933288450133706,527.4259347821904,1326.4919421716409,COMPLETE
675,648.4940433471428,2024-03-04 11:44:57.613047,2024-03-04 11:44:57.648483,0 days 00:00:00.035436,1.9880045361830168,31.167734928899126,0.5159170224011463,607.2652351293439,1265.0258343352461,COMPLETE
676,1532.308277465626,2024-03-04 11:44:57.849292,2024-03-04 11:44:57.898110,0 days 00:00:00.048818,2.171879584175067,33.1568807399817,0.5444965103145072,654.2303315701067,1348.699543609295,COMPLETE
677,88.78467355187269,2024-03-04 11:44:58.101490,2024-03-04 11:44:58.139542,0 days 00:00:00.038052,2.11801011871803,34.78069682415419,0.569923854287113,515.9835796631639,1357.1923848906767,COMPLETE
678,263.7494414649657,2024-03-04 11:44:58.347985,2024-03-04 11:44:58.386655,0 days 00:00:00.038670,1.9714909320037075,33.44302636213323,0.5766283785814055,521.7128710213484,1278.9082645727988,COMPLETE
679,1345.6728590888197,2024-03-04 11:44:58.575026,2024-03-04 11:44:58.610773,0 days 00:00:00.035747,2.199752145967341,33.04577425871535,0.5537410932601589,615.7311285121849,1454.7529555100948,COMPLETE
680,410.3532617487952,2024-03-04 11:44:58.801224,2024-03-04 11:44:58.837056,0 days 00:00:00.035832,2.082438209021819,34.025665981355125,0.5908739847538941,532.7941968646072,1489.3671660252335,COMPLETE
681,642.3559126222062,2024-03-04 11:44:59.020253,2024-03-04 11:44:59.055338,0 days 00:00:00.035085,2.1001104423039254,32.59535506877985,0.45810526172989935,597.0277464194697,1341.1846996664453,COMPLETE
682,42.1289427334935,2024-03-04 11:44:59.239337,2024-03-04 11:44:59.277230,0 days 00:00:00.037893,1.9784809197851219,31.37913854122541,0.5651841761458606,540.545254184572,1331.8605403812976,COMPLETE
683,1724.03149781506,2024-03-04 11:44:59.480205,2024-03-04 11:44:59.521040,0 days 00:00:00.040835,2.1481758188463527,32.05097863784635,0.5731709401047257,667.5888958406342,1367.3865130951115,COMPLETE
684,1772.3202366795306,2024-03-04 11:44:59.704405,2024-03-04 11:44:59.741357,0 days 00:00:00.036952,2.036885143107527,32.8042044522887,0.5483083067293634,679.938163648914,1348.7321814244706,COMPLETE
685,204.45514533964047,2024-03-04 11:44:59.932582,2024-03-04 11:44:59.970326,0 days 00:00:00.037744,2.180460509657048,36.70374743147371,0.4720402247232252,547.7343776978473,1380.8890746133052,COMPLETE
686,298.0654626674624,2024-03-04 11:45:00.157995,2024-03-04 11:45:00.193288,0 days 00:00:00.035293,2.0737143272179077,33.517547105745194,0.5798478751040086,527.8928552420764,1477.8328789396028,COMPLETE
687,267.728694824959,2024-03-04 11:45:00.382249,2024-03-04 11:45:00.422566,0 days 00:00:00.040317,1.991990280080252,33.249623732963265,0.56110617079494,536.7789260775261,1206.0396740375536,COMPLETE
688,63.03121536728654,2024-03-04 11:45:00.621170,2024-03-04 11:45:00.657061,0 days 00:00:00.035891,2.1642049093128244,30.109655116365822,0.45651549296926197,521.5274312378846,1569.696486499977,COMPLETE
689,2334.530657008821,2024-03-04 11:45:00.846983,2024-03-04 11:45:00.886015,0 days 00:00:00.039032,2.019684541705096,32.22054024898039,0.5865177565131247,738.016830521396,1322.24019944396,COMPLETE
690,104.64134814865282,2024-03-04 11:45:01.102127,2024-03-04 11:45:01.155593,0 days 00:00:00.053466,2.066326424086581,35.85099318040717,0.5999038543638675,530.6375553325929,1338.9633651784818,COMPLETE
691,456.1303369306272,2024-03-04 11:45:01.371017,2024-03-04 11:45:01.412095,0 days 00:00:00.041078,2.126108314423104,28.147199447018515,0.5680937409782212,574.6039672600582,1356.580886264907,COMPLETE
692,222.743983621806,2024-03-04 11:45:01.624732,2024-03-04 11:45:01.663389,0 days 00:00:00.038657,2.057464815915196,32.90877159116996,0.5928038640259231,514.6937671187142,1314.7436737979358,COMPLETE
693,289.8708408364984,2024-03-04 11:45:01.877409,2024-03-04 11:45:01.916337,0 days 00:00:00.038928,2.1085851810298504,29.552799946611334,0.5114213272906276,525.4045818246176,1332.5114914944966,COMPLETE
694,2043.2233345026932,2024-03-04 11:45:02.106315,2024-03-04 11:45:02.143100,0 days 00:00:00.036785,1.9672830086142226,34.547505110685044,0.4994034727389198,715.460904363299,1347.4179393771967,COMPLETE
695,2935.219623697892,2024-03-04 11:45:02.361477,2024-03-04 11:45:02.399023,0 days 00:00:00.037546,1.9761575558777553,33.84485794043202,0.5067741963296686,780.9512243369136,1473.357429986907,COMPLETE
696,112.70604930597155,2024-03-04 11:45:02.610118,2024-03-04 11:45:02.649113,0 days 00:00:00.038995,1.986240575701507,29.087584200009644,0.5716602411842967,537.1535867926191,1324.9557963984341,COMPLETE
697,1538.8737645266967,2024-03-04 11:45:02.837943,2024-03-04 11:45:02.876075,0 days 00:00:00.038132,2.0070832306763737,33.124495709704654,0.4288903621846343,688.0411698780929,1341.2819278712823,COMPLETE
698,436.05782133534814,2024-03-04 11:45:03.066946,2024-03-04 11:45:03.104980,0 days 00:00:00.038034,2.087686762224311,28.834566352450132,0.56320320541757,544.3260679340494,1544.5868912457856,COMPLETE
699,2762.976736363768,2024-03-04 11:45:03.289460,2024-03-04 11:45:03.327029,0 days 00:00:00.037569,2.0492575744494483,35.13363974119404,0.575752931339157,766.7069183956143,1371.9813969723095,COMPLETE
700,1007.4296342039424,2024-03-04 11:45:03.521588,2024-03-04 11:45:03.558215,0 days 00:00:00.036627,2.1348051818264993,32.44992410878818,0.4530265626606934,648.2371518319281,1253.0428017174515,COMPLETE
701,2743.2686073198633,2024-03-04 11:45:03.748452,2024-03-04 11:45:03.787474,0 days 00:00:00.039022,1.9987386484506313,33.623357700494516,0.5566126919440383,771.9015987142441,1362.2262888101818,COMPLETE
702,434.19933897475687,2024-03-04 11:45:03.973444,2024-03-04 11:45:04.012001,0 days 00:00:00.038557,2.1534893876137944,30.46136810027022,0.4962873927404673,509.24239570401596,1351.413004106342,COMPLETE
703,122.96248808907167,2024-03-04 11:45:04.209602,2024-03-04 11:45:04.245756,0 days 00:00:00.036154,2.177681531293249,33.41087184068042,0.46715055075383105,532.8311233129978,1464.4208600635056,COMPLETE
704,1922.2990499306322,2024-03-04 11:45:04.429601,2024-03-04 11:45:04.465530,0 days 00:00:00.035929,1.9613088700007097,36.116604049060335,0.5680980282562266,695.3972997683708,1334.4203512741067,COMPLETE
705,2747.7777329697215,2024-03-04 11:45:04.647528,2024-03-04 11:45:04.690519,0 days 00:00:00.042991,1.9837887429043177,32.7160974931578,0.5834866845954823,758.1462484379556,1440.3634536321613,COMPLETE
706,1849.9401580385527,2024-03-04 11:45:04.884434,2024-03-04 11:45:04.920847,0 days 00:00:00.036413,2.083775736440673,33.01155381961153,0.5942610647879336,643.5062351838446,1567.1368375660934,COMPLETE
707,98.98749625187487,2024-03-04 11:45:05.102915,2024-03-04 11:45:05.141384,0 days 00:00:00.038469,1.9692283668362576,29.699322310984968,0.5516762791000167,523.6415725127399,1418.5724337405106,COMPLETE
708,29.240027985485106,2024-03-04 11:45:05.339936,2024-03-04 11:45:05.378249,0 days 00:00:00.038313,2.0966563027888996,33.2179405977259,0.5421944149568754,529.7968600433087,1342.9131800661473,COMPLETE
709,70.23000213441397,2024-03-04 11:45:05.581926,2024-03-04 11:45:05.622785,0 days 00:00:00.040859,2.0728757483003455,34.83902696453638,0.4334198481975767,559.7055741628017,1269.1117817760537,COMPLETE
710,573.6141526692245,2024-03-04 11:45:05.832422,2024-03-04 11:45:05.870021,0 days 00:00:00.037599,2.0120671751115284,31.513747411431414,0.5885046309909822,549.5324699759628,1511.8206062144816,COMPLETE
711,626.3402091559914,2024-03-04 11:45:06.068920,2024-03-04 11:45:06.105240,0 days 00:00:00.036320,1.9791837805212673,35.285190323387724,0.5793725732122557,540.0820188181185,1590.3822677173068,COMPLETE
712,205.5408621148414,2024-03-04 11:45:06.288032,2024-03-04 11:45:06.324276,0 days 00:00:00.036244,2.0648005434070726,32.33098115415341,0.5645823794291316,518.1240496424958,1327.4941118133572,COMPLETE
713,898.5280805164292,2024-03-04 11:45:06.506501,2024-03-04 11:45:06.542840,0 days 00:00:00.036339,2.0297508841689753,31.768749244436663,0.5708779679515598,569.9351636215621,1550.4199038833851,COMPLETE
714,240.583575513763,2024-03-04 11:45:06.737398,2024-03-04 11:45:06.775193,0 days 00:00:00.037795,1.9949616250605038,34.10708295100011,0.5604005657250956,535.2829817947253,1423.9272928252963,COMPLETE
715,152.10904785231267,2024-03-04 11:45:06.976360,2024-03-04 11:45:07.016245,0 days 00:00:00.039885,1.9587969310356077,32.66703890087169,0.5760380938625725,525.9977709592257,1315.548222925474,COMPLETE
716,426.8993097368568,2024-03-04 11:45:07.205017,2024-03-04 11:45:07.229001,0 days 00:00:00.023984,2.140393814604323,34.23772307147086,0.5853618590461445,514.0449871575906,1214.7234096865739,COMPLETE
717,2072.2340552838077,2024-03-04 11:45:07.427754,2024-03-04 11:45:07.471542,0 days 00:00:00.043788,2.039862481579415,35.59939346768089,0.476027531000824,744.2032696067121,1235.6088089018797,COMPLETE
718,2248.9662536322735,2024-03-04 11:45:07.671470,2024-03-04 11:45:07.708118,0 days 00:00:00.036648,2.1200044896313197,33.31892538602663,0.5457948969843296,720.443441679837,1355.9054928440742,COMPLETE
719,95.45541067681613,2024-03-04 11:45:07.892371,2024-03-04 11:45:07.930362,0 days 00:00:00.037991,2.105194609544684,32.837963785734814,0.5665865354614239,530.088228758327,1378.846528955583,COMPLETE
720,2425.601108170088,2024-03-04 11:45:08.123379,2024-03-04 11:45:08.159518,0 days 00:00:00.036139,1.9709983336051065,32.12768111687349,0.5734220854102093,748.9115740368627,1333.9901761296571,COMPLETE
721,192.22096451726506,2024-03-04 11:45:08.342309,2024-03-04 11:45:08.378252,0 days 00:00:00.035943,1.9496887373112533,33.04676819375854,0.590955178958211,541.5686545613478,1365.1587770653173,COMPLETE
722,70.30588103185673,2024-03-04 11:45:08.567808,2024-03-04 11:45:08.604245,0 days 00:00:00.036437,2.021288877262251,28.28980468342361,0.5162158197647853,522.0405149474192,1507.7554714495668,COMPLETE
723,16.410191958542356,2024-03-04 11:45:08.790844,2024-03-04 11:45:08.828804,0 days 00:00:00.037960,2.0772000462697093,33.5966647112012,0.5132969654054499,534.8135039056428,1349.0481296153014,COMPLETE
724,263.3518355754113,2024-03-04 11:45:09.042717,2024-03-04 11:45:09.081008,0 days 00:00:00.038291,2.0801362594472788,33.710146265231934,0.5142682613849645,554.8245352903732,1344.7275883476411,COMPLETE
725,2467.8566044133295,2024-03-04 11:45:09.279517,2024-03-04 11:45:09.323308,0 days 00:00:00.043791,2.0724211288943404,33.54704478583519,0.4016112777700481,790.5626156525522,1322.0522412358866,COMPLETE
726,252.5110708169332,2024-03-04 11:45:09.531518,2024-03-04 11:45:09.569697,0 days 00:00:00.038179,2.092213855620229,33.82450246375388,0.5966781924443133,544.0868506651118,1338.320287174053,COMPLETE
727,363.10340557895785,2024-03-04 11:45:09.773511,2024-03-04 11:45:09.811997,0 days 00:00:00.038486,2.0813673050305423,33.46805018819406,0.5056210867302667,535.7713032501124,1530.5174742170393,COMPLETE
728,58.4037961793545,2024-03-04 11:45:10.033452,2024-03-04 11:45:10.075434,0 days 00:00:00.041982,2.0616899027493147,33.58079311671308,0.5880086643040302,528.89279689074,1352.0630175070148,COMPLETE
729,2482.4626901250986,2024-03-04 11:45:10.277190,2024-03-04 11:45:10.316129,0 days 00:00:00.038939,2.0579176872409026,33.36070291055054,0.4951739875788464,759.1568762266397,1330.8896588121452,COMPLETE
730,301.47796951009235,2024-03-04 11:45:10.502967,2024-03-04 11:45:10.548503,0 days 00:00:00.045536,2.0745991565772934,33.68990775070701,0.5087608872959513,509.08644282879345,1363.6386696095728,COMPLETE
731,908.7396971587615,2024-03-04 11:45:10.737836,2024-03-04 11:45:10.776449,0 days 00:00:00.038613,2.0862212584040987,28.579101285598032,0.5375564874119846,598.960590446963,1443.3439551640347,COMPLETE
732,1600.9814641568353,2024-03-04 11:45:10.968605,2024-03-04 11:45:11.009069,0 days 00:00:00.040464,2.0974839373263157,33.981434423353306,0.5828143254786984,655.7787334406548,1344.7751385507484,COMPLETE
733,1310.2429586571127,2024-03-04 11:45:11.213809,2024-03-04 11:45:11.253511,0 days 00:00:00.039702,1.9553685670143044,30.09325642666577,0.40719119913707236,665.3859652310134,1455.2022964494035,COMPLETE
734,1213.196990037493,2024-03-04 11:45:11.445469,2024-03-04 11:45:11.484462,0 days 00:00:00.038993,2.04297627788634,33.28285049233999,0.5583903495688928,631.8405882071636,1314.1599686290738,COMPLETE
735,1689.1061879110257,2024-03-04 11:45:11.671702,2024-03-04 11:45:11.708622,0 days 00:00:00.036920,2.168690776073805,34.61681387942901,0.5222566115166872,639.419226925334,1523.1575513096795,COMPLETE
736,517.7030497534146,2024-03-04 11:45:11.890590,2024-03-04 11:45:11.927715,0 days 00:00:00.037125,1.964394899001872,35.05684217576417,0.48986129228838166,548.8268586932562,1558.1093973810882,COMPLETE
737,691.0659285553351,2024-03-04 11:45:12.109526,2024-03-04 11:45:12.147569,0 days 00:00:00.038043,2.0054007219816623,28.201867254879023,0.45994559014890474,615.7121266846445,1356.984136010919,COMPLETE
738,638.3460708112141,2024-03-04 11:45:12.338882,2024-03-04 11:45:12.376048,0 days 00:00:00.037166,2.0498123691600156,33.40320727349115,0.4817857199845198,608.1904537716126,1250.9186508513417,COMPLETE
739,437.5989981095605,2024-03-04 11:45:12.559938,2024-03-04 11:45:12.596977,0 days 00:00:00.037039,2.0653404693886785,28.98333833908657,0.5014963538571036,584.5656078081731,1335.416789096792,COMPLETE
740,143.3194859143837,2024-03-04 11:45:12.781120,2024-03-04 11:45:12.822409,0 days 00:00:00.041289,2.081865251322113,29.65316839486659,0.5973559665967014,519.0590301864329,1371.2727494180447,COMPLETE
741,27.15156199209846,2024-03-04 11:45:13.010322,2024-03-04 11:45:13.048714,0 days 00:00:00.038392,2.1307126345986322,30.994310893158655,0.46379743369109006,537.7061238970858,1415.057758360109,COMPLETE
742,3050.378481243216,2024-03-04 11:45:13.246070,2024-03-04 11:45:13.283698,0 days 00:00:00.037628,2.111257789498644,31.837641143643655,0.5163700373029007,786.6423460643172,1503.890793551758,COMPLETE
743,213.24185426831164,2024-03-04 11:45:13.464699,2024-03-04 11:45:13.501728,0 days 00:00:00.037029,1.973627862798096,33.17677307223606,0.509775065368937,527.4691197836555,1324.7017447059156,COMPLETE
744,93.77902549154211,2024-03-04 11:45:13.683653,2024-03-04 11:45:13.720875,0 days 00:00:00.037222,2.0292013676185627,35.49735501331018,0.4222031239680941,523.0699723578559,1489.0849068594969,COMPLETE
745,1125.8294451319705,2024-03-04 11:45:13.905629,2024-03-04 11:45:13.956734,0 days 00:00:00.051105,2.089817402030909,32.04765013090283,0.5268420971640754,623.5643923006328,1348.5804439362093,COMPLETE
746,19.97055249045749,2024-03-04 11:45:14.154169,2024-03-04 11:45:14.191697,0 days 00:00:00.037528,2.149971871036642,33.7294812425504,0.5126595359203703,534.4256606486658,1338.3775118950912,COMPLETE
747,183.93542365515248,2024-03-04 11:45:14.375570,2024-03-04 11:45:14.412993,0 days 00:00:00.037423,2.0739604244147904,33.80992307684089,0.5134991632566578,542.35467778325,1229.649433192017,COMPLETE
748,2376.1175771059407,2024-03-04 11:45:14.592610,2024-03-04 11:45:14.629901,0 days 00:00:00.037291,2.054318550549132,33.6602160777655,0.5936122686769371,733.786469211549,1337.7614537885943,COMPLETE
749,48.90770540188473,2024-03-04 11:45:14.808704,2024-03-04 11:45:14.845874,0 days 00:00:00.037170,2.1841553304828927,29.499655446003477,0.579599233800341,534.8809718884075,1331.3308574570274,COMPLETE
750,2736.9491344113753,2024-03-04 11:45:15.029309,2024-03-04 11:45:15.067434,0 days 00:00:00.038125,2.1580875795292207,33.896467889742134,0.5207431423713657,775.4512762269459,1341.2960367730739,COMPLETE
751,209.36077982608936,2024-03-04 11:45:15.253064,2024-03-04 11:45:15.295324,0 days 00:00:00.042260,2.178850311766688,33.55039077420113,0.5101278997321047,549.5893871797538,1350.2818202407313,COMPLETE
752,27.434427683988165,2024-03-04 11:45:15.499261,2024-03-04 11:45:15.538727,0 days 00:00:00.039466,2.197174809592968,34.21844205982037,0.5206064439089959,533.6067388813326,1325.306531527061,COMPLETE
753,518.5838598889301,2024-03-04 11:45:15.735961,2024-03-04 11:45:15.776046,0 days 00:00:00.040085,2.1628480737743914,33.61303847083061,0.4984948036333933,540.0486589538572,1599.8839264398237,COMPLETE
754,2649.7698213402996,2024-03-04 11:45:15.975501,2024-03-04 11:45:16.015894,0 days 00:00:00.040393,2.1471326074212445,33.94476162659596,0.49521912171468446,767.9643761298455,1356.3740398819323,COMPLETE
755,69.19226250713326,2024-03-04 11:45:16.210208,2024-03-04 11:45:16.249157,0 days 00:00:00.038949,2.099798125005205,33.40890983405384,0.5024490298391561,512.552717107054,1517.195526896442,COMPLETE
