number,value,datetime_start,datetime_complete,duration,params_Q10,params_SPAN,params_TDWI,params_TSUM1,params_TSUM2,state
1405,445.5082346871083,2024-03-04 11:47:55.142822,2024-03-04 11:47:55.196232,0 days 00:00:00.053410,1.9367028430574413,29.97340338763178,0.5410429577734225,548.4162075430742,1550.1887720778595,COMPLETE
1406,2383.5190348728547,2024-03-04 11:47:55.386489,2024-03-04 11:47:55.443103,0 days 00:00:00.056614,2.0902415589769108,35.08305536147381,0.5635541174533932,734.4575451764575,1336.5283736049466,COMPLETE
1407,1165.8602043804558,2024-03-04 11:47:55.634024,2024-03-04 11:47:55.688750,0 days 00:00:00.054726,2.0280100419047935,36.284722030332865,0.5250847100086669,629.5382996444691,1316.3154678377896,COMPLETE
1408,62.3793190292988,2024-03-04 11:47:55.877802,2024-03-04 11:47:55.937810,0 days 00:00:00.060008,2.1652418814877428,32.79097782727792,0.5842867233792163,524.6040272464998,1327.4802411503042,COMPLETE
1409,292.80489242611657,2024-03-04 11:47:56.132101,2024-03-04 11:47:56.187983,0 days 00:00:00.055882,1.986927189999,33.602689286859,0.4944713740143273,538.6570337729437,1237.841984410211,COMPLETE
1410,658.856186772782,2024-03-04 11:47:56.377909,2024-03-04 11:47:56.432360,0 days 00:00:00.054451,1.9681924337807628,33.393696189086405,0.4177805290423522,531.2737580006481,1213.694055232258,COMPLETE
1411,439.7837030944244,2024-03-04 11:47:56.622531,2024-03-04 11:47:56.676787,0 days 00:00:00.054256,2.0681035386110618,31.624115549594446,0.44544197642302136,518.4596905364657,1347.8233490976004,COMPLETE
1412,1130.7181508424742,2024-03-04 11:47:56.878175,2024-03-04 11:47:56.934431,0 days 00:00:00.056256,2.113374953207136,32.295162168262294,0.47828980582140673,643.460310401828,1300.3217850881256,COMPLETE
1413,111.8733057184548,2024-03-04 11:47:57.125100,2024-03-04 11:47:57.183792,0 days 00:00:00.058692,2.1369657133049977,28.363069200740497,0.5885295222889527,505.6831190045334,1505.7021321746806,COMPLETE
1414,1841.375432502939,2024-03-04 11:47:57.372740,2024-03-04 11:47:57.434151,0 days 00:00:00.061411,1.9989538471251005,33.09017999749265,0.5332093373707079,688.319570553513,1357.2973613860177,COMPLETE
1415,758.285535199194,2024-03-04 11:47:57.637319,2024-03-04 11:47:57.697716,0 days 00:00:00.060397,2.08063583423756,33.72690299246817,0.40443653760859366,589.3866392210607,1528.23842242987,COMPLETE
1416,416.23165107725123,2024-03-04 11:47:57.891745,2024-03-04 11:47:57.947150,0 days 00:00:00.055405,2.015752113281311,32.597659585563655,0.5517295786678793,543.4392183146037,1478.6657669109213,COMPLETE
1417,2469.671652244594,2024-03-04 11:47:58.142049,2024-03-04 11:47:58.204574,0 days 00:00:00.062525,1.9788637340384487,32.935922264021066,0.5074873402523806,743.7174179658655,1414.1953608466576,COMPLETE
1418,234.43481173497113,2024-03-04 11:47:58.394967,2024-03-04 11:47:58.449508,0 days 00:00:00.054541,2.0727702722707573,33.34664738763448,0.43675135150534194,528.5453420025201,1372.3964067479003,COMPLETE
1419,1940.7980725228886,2024-03-04 11:47:58.639269,2024-03-04 11:47:58.698505,0 days 00:00:00.059236,1.8216424167490795,30.151090166384545,0.573865569277846,720.9893169422099,1338.9186001557898,COMPLETE
1420,2315.915202180647,2024-03-04 11:47:58.892929,2024-03-04 11:47:58.958170,0 days 00:00:00.065241,2.053613701482462,33.24961365098895,0.47380848766591904,774.5821680749997,1218.0415639291496,COMPLETE
1421,316.71781936047927,2024-03-04 11:47:59.149622,2024-03-04 11:47:59.204126,0 days 00:00:00.054504,2.0962973218262646,34.93287931846845,0.4842628437657325,562.3092131630082,1343.7734081081817,COMPLETE
1422,56.84934010892919,2024-03-04 11:47:59.420142,2024-03-04 11:47:59.488233,0 days 00:00:00.068091,1.9598146141290456,34.06054676824828,0.4557393647457819,556.7913037986395,1321.6443382240723,COMPLETE
1423,155.84373591951035,2024-03-04 11:47:59.688486,2024-03-04 11:47:59.750690,0 days 00:00:00.062204,2.1255043331419405,35.25506534684127,0.5930575450160452,511.83043507041566,1331.3114235695884,COMPLETE
1424,23.113131635981308,2024-03-04 11:47:59.941734,2024-03-04 11:47:59.999955,0 days 00:00:00.058221,2.1816297060659773,34.37806088080545,0.5568371185843345,536.2947118634913,1290.1149502600178,COMPLETE
1425,79.51899520034817,2024-03-04 11:48:00.199988,2024-03-04 11:48:00.260986,0 days 00:00:00.060998,2.0626099673931675,33.5196973458988,0.4301461816495885,522.4742612167618,1575.6963758679512,COMPLETE
1426,1100.9329952881121,2024-03-04 11:48:00.456294,2024-03-04 11:48:00.510706,0 days 00:00:00.054412,1.968178197227833,31.812286889375454,0.578354132969022,618.352747073264,1353.342506640568,COMPLETE
1427,77.45214437355379,2024-03-04 11:48:00.712899,2024-03-04 11:48:00.767989,0 days 00:00:00.055090,1.986384451776588,32.734628409854,0.5664240816047109,532.2736285836772,1378.5542930677766,COMPLETE
1428,2932.2569465333468,2024-03-04 11:48:00.956536,2024-03-04 11:48:01.018989,0 days 00:00:00.062453,2.0871644290045808,34.70215544854445,0.5615168969107859,790.5485359107654,1365.5539899585053,COMPLETE
1429,1455.043644143662,2024-03-04 11:48:01.224235,2024-03-04 11:48:01.289045,0 days 00:00:00.064810,2.158303197677674,32.379444939062616,0.5999857994771658,607.1393233615803,1560.7756057329093,COMPLETE
1430,115.32806614911999,2024-03-04 11:48:01.484490,2024-03-04 11:48:01.543597,0 days 00:00:00.059107,1.9468230743908912,36.831376419525036,0.5691796368476137,525.9734747223501,1307.8826367311326,COMPLETE
1431,93.17125203988908,2024-03-04 11:48:01.737337,2024-03-04 11:48:01.795131,0 days 00:00:00.057794,1.992843693460975,33.100657660498506,0.5493475667665391,541.8102797716837,1336.2990105727808,COMPLETE
1432,210.02645014002917,2024-03-04 11:48:01.984373,2024-03-04 11:48:02.038191,0 days 00:00:00.053818,2.0395844686588176,35.76899990651601,0.5031842511666005,550.4230569663508,1348.9319673447972,COMPLETE
1433,1216.799502704613,2024-03-04 11:48:02.227602,2024-03-04 11:48:02.290792,0 days 00:00:00.063190,1.9767909375291757,32.889004641021806,0.5923166180272386,630.09709719882,1324.0497171762545,COMPLETE
1434,204.63039479627182,2024-03-04 11:48:02.487286,2024-03-04 11:48:02.543273,0 days 00:00:00.055987,2.174741861809807,33.70792790027275,0.45882391466550904,500.8255416152911,1510.645753909144,COMPLETE
1435,48.52576071450003,2024-03-04 11:48:02.741537,2024-03-04 11:48:02.797196,0 days 00:00:00.055659,2.0746547659688086,33.431912505828855,0.5821431386982999,515.4777260115834,1424.85476335621,COMPLETE
1436,59.60889031602251,2024-03-04 11:48:02.987657,2024-03-04 11:48:03.044950,0 days 00:00:00.057293,2.1206582617600573,36.97479668485359,0.49814071426508194,534.7278507768426,1312.9993313673594,COMPLETE
1437,968.2914247797428,2024-03-04 11:48:03.249093,2024-03-04 11:48:03.309616,0 days 00:00:00.060523,2.025535970481415,33.90509728242942,0.4896640011119052,578.4610779791532,1597.8501402643385,COMPLETE
1438,2055.8014127584265,2024-03-04 11:48:03.510804,2024-03-04 11:48:03.571293,0 days 00:00:00.060489,1.8131785634439048,34.54181019040623,0.5132574571488953,726.275119558475,1360.8550754519454,COMPLETE
1439,106.42414824433145,2024-03-04 11:48:03.783439,2024-03-04 11:48:03.850853,0 days 00:00:00.067414,2.056885803117525,35.46187820645167,0.41497228842444234,573.9574936889877,1266.955444741696,COMPLETE
1440,84.76374745127728,2024-03-04 11:48:04.055469,2024-03-04 11:48:04.115959,0 days 00:00:00.060490,2.191027372653448,33.24922576602202,0.5753181081211832,520.3914003286125,1341.3384125209886,COMPLETE
1441,52.56190839666877,2024-03-04 11:48:04.317709,2024-03-04 11:48:04.385185,0 days 00:00:00.067476,2.1024182049332647,32.5472476219343,0.5709456228263556,527.3501660428034,1331.8133442754695,COMPLETE
1442,769.7311791967095,2024-03-04 11:48:04.596125,2024-03-04 11:48:04.662543,0 days 00:00:00.066418,1.955081498163226,32.10492179172365,0.545079623429436,566.3304526535534,1543.1828593343691,COMPLETE
1443,729.5120546635223,2024-03-04 11:48:04.886517,2024-03-04 11:48:04.951951,0 days 00:00:00.065434,2.0452500228419126,29.101239867455554,0.5884410503178547,591.7964216561664,1355.0811128425012,COMPLETE
1444,123.53449985667952,2024-03-04 11:48:05.159144,2024-03-04 11:48:05.213956,0 days 00:00:00.054812,2.081733357997095,32.989762902627724,0.5583541125692489,539.7029911504957,1341.4146124484325,COMPLETE
1445,979.248029987626,2024-03-04 11:48:05.424681,2024-03-04 11:48:05.484659,0 days 00:00:00.059978,2.136870039742591,29.667861434473007,0.5645536467422253,603.7234471651991,1394.4510134619309,COMPLETE
1446,60.78159403857556,2024-03-04 11:48:05.682764,2024-03-04 11:48:05.737748,0 days 00:00:00.054984,2.0675603059544483,33.62734267506773,0.5386464244939204,531.6166218082509,1319.9166210435317,COMPLETE
1447,546.9212539738326,2024-03-04 11:48:05.927880,2024-03-04 11:48:05.982883,0 days 00:00:00.055003,1.9652721042230852,35.05547771930065,0.425767547092616,587.6735642111099,1401.7492057050445,COMPLETE
1448,194.00351122559468,2024-03-04 11:48:06.178034,2024-03-04 11:48:06.233963,0 days 00:00:00.055929,2.1596850491934334,32.7135022289766,0.5966799020546759,522.6503186941472,1275.2803861768148,COMPLETE
1449,88.0238271028586,2024-03-04 11:48:06.436790,2024-03-04 11:48:06.493506,0 days 00:00:00.056716,2.090806533316277,33.185006017672016,0.46728471336175165,546.7272300327876,1297.5107154549137,COMPLETE
1450,2035.4869884115099,2024-03-04 11:48:06.695323,2024-03-04 11:48:06.754263,0 days 00:00:00.058940,2.147246131589687,34.09791871885726,0.5207522373942806,708.0782704096349,1329.4264237300215,COMPLETE
1451,2574.1889246710953,2024-03-04 11:48:06.952733,2024-03-04 11:48:07.007531,0 days 00:00:00.054798,2.0065084991302764,33.47864536879831,0.5858868220284937,750.0317910661557,1371.5107526557379,COMPLETE
1452,2421.290712336896,2024-03-04 11:48:07.200698,2024-03-04 11:48:07.248265,0 days 00:00:00.047567,1.9813808230304668,30.64173843679064,0.5089697027631723,757.6233123573775,1350.466863287332,COMPLETE
1453,68.22210025403541,2024-03-04 11:48:07.449100,2024-03-04 11:48:07.513345,0 days 00:00:00.064245,1.9950433428630214,34.788960323968396,0.5671778806903901,513.2822116263897,1405.3791610148417,COMPLETE
1454,663.5281678077843,2024-03-04 11:48:07.737602,2024-03-04 11:48:07.803046,0 days 00:00:00.065444,1.9727632176869732,32.89832243079871,0.5545687741400649,602.5010497928704,1245.0714133305153,COMPLETE
1455,2830.265574858466,2024-03-04 11:48:07.998793,2024-03-04 11:48:08.053973,0 days 00:00:00.055180,2.17230251710822,33.83803890760753,0.5617544441751433,770.6752711565189,1386.2569902403895,COMPLETE
1456,2026.8980846245202,2024-03-04 11:48:08.251442,2024-03-04 11:48:08.315007,0 days 00:00:00.063565,2.117338252405552,32.37536647873701,0.5770990215101329,700.4912462366733,1343.0141427461201,COMPLETE
1457,2259.1447370768606,2024-03-04 11:48:08.511675,2024-03-04 11:48:08.569231,0 days 00:00:00.057556,1.9312139509046837,34.22868946199527,0.44817598128824515,715.2831867995504,1598.6939736717811,COMPLETE
1458,59.75469957640416,2024-03-04 11:48:08.763244,2024-03-04 11:48:08.818103,0 days 00:00:00.054859,2.0785072470915527,33.330227975168064,0.5274354451960107,534.9380187760423,1362.9370756851001,COMPLETE
1459,408.0930982435032,2024-03-04 11:48:09.007574,2024-03-04 11:48:09.063046,0 days 00:00:00.055472,1.940010501344693,33.095344672045876,0.5331064672691445,528.076398527656,1227.0134864321547,COMPLETE
1460,1485.043104219506,2024-03-04 11:48:09.253331,2024-03-04 11:48:09.312222,0 days 00:00:00.058891,2.1083276468568166,31.9994423059697,0.5711345677175873,652.6545871913698,1334.3608116888038,COMPLETE
1461,160.84425324243213,2024-03-04 11:48:09.516204,2024-03-04 11:48:09.586275,0 days 00:00:00.070071,2.0945978577913755,36.12272988598344,0.5923731008050803,519.7437149016085,1284.7343804215818,COMPLETE
1462,25.27661654110556,2024-03-04 11:48:09.783075,2024-03-04 11:48:09.838675,0 days 00:00:00.055600,2.0702627645652965,33.59723625711105,0.5165026330134922,540.9980264591215,1315.278487132917,COMPLETE
1463,1289.2538137769964,2024-03-04 11:48:10.028534,2024-03-04 11:48:10.083807,0 days 00:00:00.055273,1.986286105905791,32.7393283459082,0.5820976116694033,632.5867226020157,1348.638301707214,COMPLETE
1464,1567.1926482148342,2024-03-04 11:48:10.278202,2024-03-04 11:48:10.333390,0 days 00:00:00.055188,2.0121980039432477,35.16429636066631,0.48609217888242073,674.6816623432782,1327.7765287374054,COMPLETE
1465,129.8737476991803,2024-03-04 11:48:10.521219,2024-03-04 11:48:10.577194,0 days 00:00:00.055975,2.0334219408351037,32.55415479516446,0.5008131472638059,528.9673482480235,1357.317709224449,COMPLETE
1466,568.3900193194223,2024-03-04 11:48:10.773141,2024-03-04 11:48:10.828381,0 days 00:00:00.055240,2.0605916605964913,34.43844083482105,0.5639026102676594,554.0733589875681,1442.5034858420038,COMPLETE
1467,1434.8922505349026,2024-03-04 11:48:11.016621,2024-03-04 11:48:11.072049,0 days 00:00:00.055428,2.1291003333989345,33.30183621240186,0.4640944675122883,664.7878580241015,1337.4002483759905,COMPLETE
1468,1111.8444026768714,2024-03-04 11:48:11.264966,2024-03-04 11:48:11.330446,0 days 00:00:00.065480,1.957551617357864,29.415602862921006,0.5892762712811461,638.682685266064,1301.6149245921122,COMPLETE
1469,213.35546038223566,2024-03-04 11:48:11.516845,2024-03-04 11:48:11.571791,0 days 00:00:00.054946,2.0511672122149105,35.6456529237271,0.5505010909912808,506.458329114025,1367.9410170490917,COMPLETE
1470,285.8797425251844,2024-03-04 11:48:11.771886,2024-03-04 11:48:11.827336,0 days 00:00:00.055450,2.085160728364803,33.01617879550165,0.4117929331605994,535.3849571416694,1345.7398225638349,COMPLETE
1471,25.794104224333534,2024-03-04 11:48:12.016214,2024-03-04 11:48:12.071929,0 days 00:00:00.055715,2.189068748539999,31.70305147822935,0.5734778482090584,525.088497462655,1378.5932709352867,COMPLETE
1472,373.4444426644514,2024-03-04 11:48:12.261246,2024-03-04 11:48:12.317183,0 days 00:00:00.055937,2.1535972339453724,33.69418816663228,0.46013603741169307,518.1095512662645,1327.5178437813333,COMPLETE
1473,1884.8930558420027,2024-03-04 11:48:12.502438,2024-03-04 11:48:12.559065,0 days 00:00:00.056627,1.9714088020311027,35.96901488273421,0.5574782593818612,695.4499769167292,1319.7875328501877,COMPLETE
1474,146.63268194912033,2024-03-04 11:48:12.751066,2024-03-04 11:48:12.807779,0 days 00:00:00.056713,2.0000230696685795,28.545538583937812,0.5964976792051986,531.3503357708993,1335.3689002226088,COMPLETE
1475,141.08296948841604,2024-03-04 11:48:12.995898,2024-03-04 11:48:13.052084,0 days 00:00:00.056186,2.023818754289472,30.366442291256345,0.5850007225998967,544.0219571729073,1352.8875525085973,COMPLETE
1476,1784.752037582852,2024-03-04 11:48:13.250905,2024-03-04 11:48:13.308339,0 days 00:00:00.057434,2.1653715837600505,33.451257356401285,0.5692024431077567,682.651216407894,1309.426895823512,COMPLETE
1477,439.18294641956004,2024-03-04 11:48:13.500878,2024-03-04 11:48:13.555741,0 days 00:00:00.054863,1.962932870817231,32.24487052968104,0.49573782289438145,510.79104359133487,1343.7724411831803,COMPLETE
1478,183.09939838275736,2024-03-04 11:48:13.739453,2024-03-04 11:48:13.802104,0 days 00:00:00.062651,1.9791556531924894,32.863589354218696,0.5469337422682765,537.5363549874875,1411.434628745182,COMPLETE
1479,429.8054349480884,2024-03-04 11:48:13.988742,2024-03-04 11:48:14.044213,0 days 00:00:00.055471,2.075293920483234,28.179259738588247,0.5789707924767611,523.3639805471355,1259.9140260699485,COMPLETE
1480,356.81232209382307,2024-03-04 11:48:14.228862,2024-03-04 11:48:14.286380,0 days 00:00:00.057518,1.9499125497692515,33.98435421833859,0.5406435687749389,582.1725733450064,1229.4928309399438,COMPLETE
1481,1825.292216487373,2024-03-04 11:48:14.471582,2024-03-04 11:48:14.529148,0 days 00:00:00.057566,2.140805447974978,33.15938376845439,0.4763119801310051,657.1444271334119,1597.2930245463085,COMPLETE
1482,693.1117562522138,2024-03-04 11:48:14.739438,2024-03-04 11:48:14.800146,0 days 00:00:00.060708,2.065445130341314,34.880554203518436,0.4509927936901157,596.5954860065685,1358.706044466059,COMPLETE
1483,1158.1306432562014,2024-03-04 11:48:14.986936,2024-03-04 11:48:15.042974,0 days 00:00:00.056038,2.046422978197095,35.460092857388055,0.5664368809313847,619.257050509657,1328.4333558262836,COMPLETE
1484,293.8689904605317,2024-03-04 11:48:15.233978,2024-03-04 11:48:15.290684,0 days 00:00:00.056706,2.094927428363825,32.65045675651856,0.4353398169093214,530.8795019203454,1339.1057553194041,COMPLETE
1485,274.7190793102375,2024-03-04 11:48:15.479319,2024-03-04 11:48:15.535427,0 days 00:00:00.056108,2.1805822436940394,33.768131395975395,0.4695133578768168,559.3240185485399,1364.6648633723282,COMPLETE
1486,610.2050132078838,2024-03-04 11:48:15.733507,2024-03-04 11:48:15.790231,0 days 00:00:00.056724,1.9864131414720063,33.529248459195536,0.5358721857717852,549.8254405201143,1553.5893480225816,COMPLETE
1487,108.64317420754747,2024-03-04 11:48:15.992961,2024-03-04 11:48:16.049442,0 days 00:00:00.056481,2.1043797655837073,31.23740525138686,0.5611346106919946,517.125960289995,1492.6780058249267,COMPLETE
1488,49.82848580555969,2024-03-04 11:48:16.238900,2024-03-04 11:48:16.297874,0 days 00:00:00.058974,2.01449196278091,33.29620684070973,0.48896226492250855,538.0758953528012,1348.7212569043938,COMPLETE
1489,1664.964869286433,2024-03-04 11:48:16.488387,2024-03-04 11:48:16.545179,0 days 00:00:00.056792,1.9707066441012544,31.40184263681241,0.5904614236899973,641.805231695621,1520.931819990592,COMPLETE
1490,2092.35377613618,2024-03-04 11:48:16.748832,2024-03-04 11:48:16.822436,0 days 00:00:00.073604,1.8529836190230071,32.832037408397355,0.5247839781707924,691.1294386150191,1591.73101902424,COMPLETE
1491,118.83504880920727,2024-03-04 11:48:17.014307,2024-03-04 11:48:17.070025,0 days 00:00:00.055718,2.0845442752346353,32.40655112583972,0.5752342067085098,524.0047542921859,1322.0571604939116,COMPLETE
1492,747.2512891928461,2024-03-04 11:48:17.261872,2024-03-04 11:48:17.321869,0 days 00:00:00.059997,2.058370276114904,33.06058463693945,0.44186278741857016,622.4135646473486,1278.5288519945486,COMPLETE
1493,15.364855599762118,2024-03-04 11:48:17.509042,2024-03-04 11:48:17.569949,0 days 00:00:00.060907,2.000711018097595,36.645724862948654,0.5526317798081275,529.5272013267431,1333.330223105609,COMPLETE
1494,279.12335126981526,2024-03-04 11:48:17.776537,2024-03-04 11:48:17.834205,0 days 00:00:00.057668,2.0078740198970464,36.28247896985838,0.5518425733463737,511.9093881060246,1313.050252226406,COMPLETE
1495,104.089054428739,2024-03-04 11:48:18.025819,2024-03-04 11:48:18.091414,0 days 00:00:00.065595,1.9975462243595852,34.51990749776073,0.5499991669339147,526.8529031190126,1322.4374215229261,COMPLETE
1496,172.82185788172873,2024-03-04 11:48:18.285432,2024-03-04 11:48:18.341546,0 days 00:00:00.056114,1.9959821826115731,34.706272427122144,0.5542998417610199,519.2305881733766,1330.529765579481,COMPLETE
1497,95.51553007190272,2024-03-04 11:48:18.529826,2024-03-04 11:48:18.585493,0 days 00:00:00.055667,2.0064794687880476,36.47551295257578,0.5445671424433463,531.5366614635481,1291.2770832942483,COMPLETE
1498,336.47199386078785,2024-03-04 11:48:18.776410,2024-03-04 11:48:18.832994,0 days 00:00:00.056584,1.9881850316579057,35.922366418675345,0.5490961469872075,522.7763148105091,1239.2935191160368,COMPLETE
1499,26.101525087415443,2024-03-04 11:48:19.021642,2024-03-04 11:48:19.077542,0 days 00:00:00.055900,2.0196557827335355,36.8049277662601,0.5958850494682498,528.5008883416632,1302.8099522057448,COMPLETE
