number,value,datetime_start,datetime_complete,duration,params_Q10,params_SPAN,params_TDWI,params_TSUM1,params_TSUM2,state
108,144.89759490005903,2024-03-04 11:42:53.424894,2024-03-04 11:42:53.447033,0 days 00:00:00.022139,1.815964411259578,32.280354200582856,0.5016291477227819,554.1066014267981,1399.8942330054385,COMPLETE
109,76.80312847227792,2024-03-04 11:42:53.623438,2024-03-04 11:42:53.646170,0 days 00:00:00.022732,1.8262747206858316,32.53637093787342,0.5181489971379605,546.5768677373732,1387.3897874245806,COMPLETE
110,54.21784612398182,2024-03-04 11:42:53.830039,2024-03-04 11:42:53.852326,0 days 00:00:00.022287,1.8269861609029188,31.79398045652448,0.5118976507090359,535.7801513880568,1415.4023203873242,COMPLETE
111,41.53047281101062,2024-03-04 11:42:54.032879,2024-03-04 11:42:54.057124,0 days 00:00:00.024245,1.8247186877002928,31.69762771125219,0.5104839639576584,535.8473518928652,1427.319234794303,COMPLETE
112,61.95014632095862,2024-03-04 11:42:54.241857,2024-03-04 11:42:54.264309,0 days 00:00:00.022452,1.8174437729518675,31.773447199925354,0.5106675382391265,543.0241075392895,1424.2357528639536,COMPLETE
113,395.2111541088801,2024-03-04 11:42:54.442018,2024-03-04 11:42:54.464080,0 days 00:00:00.022062,1.8278353443945246,32.23308841113183,0.5059272694754013,568.5210712470245,1421.8561808325776,COMPLETE
114,286.0972504111168,2024-03-04 11:42:54.642595,2024-03-04 11:42:54.665662,0 days 00:00:00.023067,1.8082138043503722,31.897484655269146,0.49746773959529367,518.2692207820415,1428.9575090696735,COMPLETE
115,171.44201122047627,2024-03-04 11:42:54.837518,2024-03-04 11:42:54.859643,0 days 00:00:00.022125,1.824316710017771,31.597922786259392,0.5130612800491089,553.2988416767107,1412.197982822395,COMPLETE
116,127.62915346334901,2024-03-04 11:42:55.032027,2024-03-04 11:42:55.054601,0 days 00:00:00.022574,1.8003590712671407,32.18542475256727,0.5035864403297519,533.7900894324481,1404.55542712722,COMPLETE
117,175.9654253249718,2024-03-04 11:42:55.243670,2024-03-04 11:42:55.266490,0 days 00:00:00.022820,1.8124104319853531,32.43026156828371,0.49462556224564164,524.8792828137991,1437.021578980962,COMPLETE
118,112.74409000875548,2024-03-04 11:42:55.445536,2024-03-04 11:42:55.468126,0 days 00:00:00.022590,1.8424367456188977,32.83526364539145,0.5086931878441919,548.2239152787876,1394.4636895160618,COMPLETE
119,360.0967796874196,2024-03-04 11:42:55.644900,2024-03-04 11:42:55.667400,0 days 00:00:00.022500,1.8325863227753272,32.44823902608506,0.5183291353707975,564.006204034642,1414.5483809132004,COMPLETE
120,158.0731513816231,2024-03-04 11:42:55.854912,2024-03-04 11:42:55.879036,0 days 00:00:00.024124,1.8211185878791365,31.87566076574435,0.5144564938984059,557.3403260953012,1375.9159723579542,COMPLETE
121,102.43728592064704,2024-03-04 11:42:56.059287,2024-03-04 11:42:56.082192,0 days 00:00:00.022905,1.8347723221398538,32.72920498032058,0.5043435216875145,538.2390311706043,1367.3600288921832,COMPLETE
122,25.576262942602334,2024-03-04 11:42:56.264163,2024-03-04 11:42:56.286589,0 days 00:00:00.022426,1.8401351170390832,32.90756374664746,0.5189177824141781,536.9590640822115,1400.2905635938494,COMPLETE
123,69.96068984626886,2024-03-04 11:42:56.462602,2024-03-04 11:42:56.485957,0 days 00:00:00.023355,1.844430196108572,32.11734911528326,0.5210735987516092,542.9894275896552,1401.6299899192065,COMPLETE
124,141.22279066419534,2024-03-04 11:42:56.659390,2024-03-04 11:42:56.682069,0 days 00:00:00.022679,1.8182833399872638,32.548186031948944,0.5090557869656729,531.597799195561,1392.4111654209166,COMPLETE
125,114.68692478441314,2024-03-04 11:42:56.856500,2024-03-04 11:42:56.878787,0 days 00:00:00.022287,1.807994268699555,32.90861425510081,0.4992159635299068,550.1104764352706,1408.005202061967,COMPLETE
126,139.32113007824836,2024-03-04 11:42:57.051055,2024-03-04 11:42:57.074232,0 days 00:00:00.023177,1.8256191603807441,32.22270625478559,0.5153215704514151,522.6282386672016,1444.4003763289181,COMPLETE
127,390.5678622945027,2024-03-04 11:42:57.250138,2024-03-04 11:42:57.276247,0 days 00:00:00.026109,1.8357405520857262,31.453754111119967,0.5191556410004369,512.4704604601757,1384.4777871997492,COMPLETE
128,38.3431208739668,2024-03-04 11:42:57.474291,2024-03-04 11:42:57.497466,0 days 00:00:00.023175,1.8451222787603956,31.73452266561186,0.5118369331631775,543.4374553228997,1374.0092820798154,COMPLETE
129,224.92952341529121,2024-03-04 11:42:57.673021,2024-03-04 11:42:57.696687,0 days 00:00:00.023666,1.8475457413033927,31.250451955991842,0.5114975858158173,528.2195315132545,1377.8294920068518,COMPLETE
130,114.92697053049972,2024-03-04 11:42:57.871120,2024-03-04 11:42:57.897565,0 days 00:00:00.026445,1.8146964500012277,31.728923348862153,0.5043488771249877,535.8076852252553,1398.2490301180185,COMPLETE
131,35.213615668710794,2024-03-04 11:42:58.073971,2024-03-04 11:42:58.096710,0 days 00:00:00.022739,1.8255823868939804,31.90877696223998,0.5160359354998345,544.0453427658174,1388.2731928298615,COMPLETE
132,52.36706552542923,2024-03-04 11:42:58.273136,2024-03-04 11:42:58.295747,0 days 00:00:00.022611,1.8255822048701829,31.97585953093671,0.5146107590825009,542.980204211851,1369.1485776181526,COMPLETE
133,43.81174261935437,2024-03-04 11:42:58.475947,2024-03-04 11:42:58.498265,0 days 00:00:00.022318,1.8387055730468171,31.605033486849976,0.5202993776532931,542.5384048466225,1371.5478929558528,COMPLETE
134,37.20034302548373,2024-03-04 11:42:58.677792,2024-03-04 11:42:58.700318,0 days 00:00:00.022526,1.833491562948848,31.668371790263283,0.5212739596899882,543.5349393468614,1371.53886812421,COMPLETE
135,52.40911933514791,2024-03-04 11:42:58.878227,2024-03-04 11:42:58.901460,0 days 00:00:00.023233,1.8375453130800612,31.544063623773507,0.5217717139574104,545.2866685822436,1387.7273818225394,COMPLETE
136,187.32067342651646,2024-03-04 11:42:59.074437,2024-03-04 11:42:59.097112,0 days 00:00:00.022675,1.8565631356884575,31.28450917429023,0.5266071176239854,557.4384556073694,1371.8227910598596,COMPLETE
137,278.1126489148244,2024-03-04 11:42:59.283859,2024-03-04 11:42:59.309286,0 days 00:00:00.025427,1.8445649346879025,31.69695566853645,0.518604163716111,521.6048201953352,1378.9018783107197,COMPLETE
138,346.554618191051,2024-03-04 11:42:59.508809,2024-03-04 11:42:59.531400,0 days 00:00:00.022591,1.8000228486477237,31.97249976878346,0.5309557812121073,573.0539958045565,1361.408174602805,COMPLETE
139,39.285955460485624,2024-03-04 11:42:59.707437,2024-03-04 11:42:59.729769,0 days 00:00:00.022332,1.8509059789606284,31.044864572151106,0.5245519295196541,539.6879038340112,1391.0201251028575,COMPLETE
140,134.84560967445648,2024-03-04 11:42:59.904816,2024-03-04 11:42:59.927271,0 days 00:00:00.022455,1.8606323427090083,31.041083447750527,0.5236020426651027,531.1787728190466,1389.4057955540645,COMPLETE
141,29.062952208439896,2024-03-04 11:43:00.110093,2024-03-04 11:43:00.132521,0 days 00:00:00.022428,1.849832482034649,31.637082358952938,0.5175054087542007,539.9747255243728,1397.6020812175263,COMPLETE
142,86.93882152014405,2024-03-04 11:43:00.307667,2024-03-04 11:43:00.331113,0 days 00:00:00.023446,1.8534521181404018,31.383619943445265,0.5318292931876507,548.0614307811187,1375.5597237753445,COMPLETE
143,93.80892826493402,2024-03-04 11:43:00.513180,2024-03-04 11:43:00.535886,0 days 00:00:00.022706,1.8421208353738971,31.60826638937727,0.5072538242081017,537.9341673375062,1383.2474361464533,COMPLETE
144,261.4631005055553,2024-03-04 11:43:00.716034,2024-03-04 11:43:00.738623,0 days 00:00:00.022589,1.8337473445787853,31.190846056662398,0.5268084361021851,527.6213960836309,1355.828692447082,COMPLETE
145,193.84001622844386,2024-03-04 11:43:00.920016,2024-03-04 11:43:00.942813,0 days 00:00:00.022797,1.8477410393316183,31.813684209243352,0.5215721608370975,558.8815062292158,1366.2734748146847,COMPLETE
146,363.82082094044046,2024-03-04 11:43:01.118293,2024-03-04 11:43:01.140684,0 days 00:00:00.022391,1.8669386154947856,31.429875930379968,0.5384560516936197,564.4314365561654,1394.6796195342804,COMPLETE
147,100.32548111018022,2024-03-04 11:43:01.326818,2024-03-04 11:43:01.352852,0 days 00:00:00.026034,1.8147894992536364,30.995951312978843,0.5165438331199721,550.161376140988,1406.7336557065341,COMPLETE
148,50.20193252759073,2024-03-04 11:43:01.541114,2024-03-04 11:43:01.566353,0 days 00:00:00.025239,1.8334950935361338,31.61585419011318,0.5261830090481805,537.8895421373826,1390.5024748847127,COMPLETE
149,297.4097539627227,2024-03-04 11:43:01.757875,2024-03-04 11:43:01.781224,0 days 00:00:00.023349,1.8487453625419372,32.07496374940411,0.531890066582848,517.7826364059099,1372.422412649405,COMPLETE
150,1158.0010563713106,2024-03-04 11:43:01.983212,2024-03-04 11:43:02.008465,0 days 00:00:00.025253,1.858949183674503,31.830488142462254,0.5003849821994175,639.515708643222,1382.952406929017,COMPLETE
151,60.91572987971856,2024-03-04 11:43:02.196769,2024-03-04 11:43:02.219954,0 days 00:00:00.023185,1.8342783969146599,31.5753017134235,0.521084574201757,537.7563746946039,1390.6544866282293,COMPLETE
152,75.22879892414305,2024-03-04 11:43:02.415552,2024-03-04 11:43:02.439131,0 days 00:00:00.023579,1.8403352801846422,31.520994235700083,0.5269048373675892,534.162486602522,1397.5170983341686,COMPLETE
153,63.35296163141836,2024-03-04 11:43:02.629480,2024-03-04 11:43:02.652823,0 days 00:00:00.023343,1.8093691770266045,31.975737253865255,0.5151184008911655,543.9917675211931,1363.976441992694,COMPLETE
154,243.1347347638352,2024-03-04 11:43:02.827692,2024-03-04 11:43:02.851024,0 days 00:00:00.023332,1.8287265225907867,31.647462236334132,0.5074464384825669,527.3152172421251,1379.8510469847033,COMPLETE
155,77.89264937463365,2024-03-04 11:43:03.037649,2024-03-04 11:43:03.061547,0 days 00:00:00.023898,1.8174693916882108,32.19363847382933,0.5245314770525032,541.6396453060768,1354.2752145469601,COMPLETE
156,128.0448551960349,2024-03-04 11:43:03.253921,2024-03-04 11:43:03.277195,0 days 00:00:00.023274,1.8529961139783149,31.11089449494611,0.5119424052005564,552.8968550354348,1390.2693244661675,COMPLETE
157,368.12136136037236,2024-03-04 11:43:03.459079,2024-03-04 11:43:03.482893,0 days 00:00:00.023814,1.8782360239443354,30.78785954615174,0.5355405637508027,507.00028960259937,1404.976075440244,COMPLETE
158,83.33542384377606,2024-03-04 11:43:03.680765,2024-03-04 11:43:03.707700,0 days 00:00:00.026935,1.838472291455269,31.385456687082897,0.5174858492184902,532.8362494736065,1413.967627155097,COMPLETE
159,76.62279271537348,2024-03-04 11:43:03.909520,2024-03-04 11:43:03.933895,0 days 00:00:00.024375,1.8191539140976378,32.3522939766716,0.528097774695686,547.9505407688952,1374.2541085896364,COMPLETE
160,77.58088787324434,2024-03-04 11:43:04.111414,2024-03-04 11:43:04.135130,0 days 00:00:00.023716,1.8072021296874567,31.71056082789142,0.543400831583233,540.0198381499198,1358.4346285456725,COMPLETE
161,72.37233590917175,2024-03-04 11:43:04.321277,2024-03-04 11:43:04.344456,0 days 00:00:00.023179,1.830595282647135,33.08425595211627,0.519153177139627,543.0858886643858,1397.3526916325902,COMPLETE
162,235.5880790685773,2024-03-04 11:43:04.539426,2024-03-04 11:43:04.563059,0 days 00:00:00.023633,1.8304222896440119,32.65706227958662,0.5155589221275698,556.8847351764321,1400.113250058651,COMPLETE
163,86.87023903179468,2024-03-04 11:43:04.747794,2024-03-04 11:43:04.770957,0 days 00:00:00.023163,1.8474764684558564,33.296143355164844,0.5222795887637285,538.5399303824296,1420.4020846958467,COMPLETE
164,237.3583003547995,2024-03-04 11:43:04.956608,2024-03-04 11:43:04.981158,0 days 00:00:00.024550,1.8229755509679624,32.76633930086324,0.5061636860787694,524.930869135219,1384.6436528029458,COMPLETE
165,153.36092127952102,2024-03-04 11:43:05.161845,2024-03-04 11:43:05.185272,0 days 00:00:00.023427,1.8650296506771131,31.965924243910102,0.5101778184673627,550.0413809679898,1404.2160271350078,COMPLETE
166,123.75824591278533,2024-03-04 11:43:05.367107,2024-03-04 11:43:05.390579,0 days 00:00:00.023472,1.8415992622389752,32.90931555830987,0.5027765717445654,532.1412942020187,1389.8173180416318,COMPLETE
167,34.48665994098468,2024-03-04 11:43:05.578740,2024-03-04 11:43:05.604046,0 days 00:00:00.025306,1.8141365477547222,32.28273005870321,0.5382111843150739,543.362902936715,1369.2032474946739,COMPLETE
168,52.67595282307868,2024-03-04 11:43:05.814674,2024-03-04 11:43:05.845580,0 days 00:00:00.030906,1.8089656036577917,32.12406472531558,0.5376537100239228,546.7076600371075,1366.8003317076832,COMPLETE
169,283.3526502813332,2024-03-04 11:43:06.044868,2024-03-04 11:43:06.070231,0 days 00:00:00.025363,1.816481757544435,31.863849210281565,0.5470505272312286,562.6046623904988,1375.0543486988224,COMPLETE
170,104.83768550508294,2024-03-04 11:43:06.272458,2024-03-04 11:43:06.296523,0 days 00:00:00.024065,1.8321347677557591,32.26473686166637,0.5326447921881977,535.4826074740874,1362.1208039645937,COMPLETE
171,33.55519202583314,2024-03-04 11:43:06.493320,2024-03-04 11:43:06.517479,0 days 00:00:00.024159,1.8223437348206861,32.484912263330585,0.5269888034037217,542.2435761894819,1381.847286378223,COMPLETE
172,173.94565425750923,2024-03-04 11:43:06.705957,2024-03-04 11:43:06.730123,0 days 00:00:00.024166,1.8169876665049387,32.42679054527281,0.5267996998568708,554.8366956510216,1380.8820507460384,COMPLETE
173,44.58280786333833,2024-03-04 11:43:06.906222,2024-03-04 11:43:06.929721,0 days 00:00:00.023499,1.8067247017841261,32.5393049648355,0.5412251204152577,543.3857810424877,1348.594378493979,COMPLETE
174,42.82242116693999,2024-03-04 11:43:07.126977,2024-03-04 11:43:07.151635,0 days 00:00:00.024658,1.8033188595454015,32.23365834960905,0.5375362040214959,544.0262976466668,1355.2252249698167,COMPLETE
175,222.72148331935384,2024-03-04 11:43:07.349248,2024-03-04 11:43:07.375811,0 days 00:00:00.026563,1.809533143720332,32.272516280566954,0.54289463258522,529.5901864520731,1341.997478042922,COMPLETE
176,85.6253456640349,2024-03-04 11:43:07.567983,2024-03-04 11:43:07.592415,0 days 00:00:00.024432,1.8016037495382717,32.484199625720535,0.5389296358735374,551.1240572695007,1354.7803469850098,COMPLETE
177,44.96217081450586,2024-03-04 11:43:07.771939,2024-03-04 11:43:07.795726,0 days 00:00:00.023787,1.8222762035021474,32.14567192747799,0.5455935859109428,542.0410019773437,1350.5320285627727,COMPLETE
178,1721.5937722563106,2024-03-04 11:43:07.990559,2024-03-04 11:43:08.015260,0 days 00:00:00.024701,1.8050362375645257,31.885538395587634,0.5472453040312408,697.3403470134945,1346.32195214235,COMPLETE
179,324.5384507144799,2024-03-04 11:43:08.199315,2024-03-04 11:43:08.222631,0 days 00:00:00.023316,1.8201596502929704,32.05312132514707,0.5516974440463174,518.6914317653848,1349.1310608835884,COMPLETE
180,46.17379842492929,2024-03-04 11:43:08.403859,2024-03-04 11:43:08.430175,0 days 00:00:00.026316,1.8412821118955263,32.17859461585555,0.5402565644699459,545.1073122707222,1330.5146579803657,COMPLETE
181,63.880354835599384,2024-03-04 11:43:08.613209,2024-03-04 11:43:08.637381,0 days 00:00:00.024172,1.839395384503341,32.14818404642335,0.5360190836520373,544.2368708676431,1329.1801473383132,COMPLETE
182,101.28255390289732,2024-03-04 11:43:08.821519,2024-03-04 11:43:08.845656,0 days 00:00:00.024137,1.8539551101617913,33.55263170819555,0.5409568758736505,534.9174017368873,1335.9093322175092,COMPLETE
183,191.14675637997047,2024-03-04 11:43:09.029403,2024-03-04 11:43:09.054115,0 days 00:00:00.024712,1.9825081489524656,31.756476221973138,0.5433495436709767,550.5780606610862,1353.2293569482881,COMPLETE
184,59.850585736633654,2024-03-04 11:43:09.244501,2024-03-04 11:43:09.269970,0 days 00:00:00.025469,1.823633998254499,32.53195996790394,0.5554185856813371,543.3454472755582,1365.8157047173288,COMPLETE
185,83.81122218056123,2024-03-04 11:43:09.471293,2024-03-04 11:43:09.495229,0 days 00:00:00.023936,2.050145775401173,32.99745688141711,0.5337323804595356,527.2663865544768,1348.0831288782979,COMPLETE
186,189.354585620854,2024-03-04 11:43:09.676847,2024-03-04 11:43:09.700881,0 days 00:00:00.024034,1.9494174020126405,31.415188324919853,0.5485833397394942,557.2816074472356,1321.6592088260686,COMPLETE
187,69.80343350838938,2024-03-04 11:43:09.876924,2024-03-04 11:43:09.901008,0 days 00:00:00.024084,1.8002751983034433,32.25629205900691,0.5402738979437156,540.0763871067746,1359.7420927643698,COMPLETE
188,86.24470586938175,2024-03-04 11:43:10.092479,2024-03-04 11:43:10.116524,0 days 00:00:00.024045,1.847884151037098,32.00342350900018,0.5313216105978298,547.9959698282623,1369.023120488648,COMPLETE
189,124.95230699716852,2024-03-04 11:43:10.293201,2024-03-04 11:43:10.316489,0 days 00:00:00.023288,1.8126433375641744,33.30175272949186,0.5451986980467064,534.882135113196,1340.632570373296,COMPLETE
190,549.2022972900571,2024-03-04 11:43:10.498965,2024-03-04 11:43:10.522664,0 days 00:00:00.023699,1.8610720174555402,32.668025245002056,0.5377500008566517,579.3158465506667,1375.155323136161,COMPLETE
191,35.728210220739456,2024-03-04 11:43:10.702793,2024-03-04 11:43:10.726599,0 days 00:00:00.023806,1.8236708520811493,32.349004164795716,0.5301769230159845,541.3183457641097,1369.9621592742749,COMPLETE
192,34.30154036388015,2024-03-04 11:43:10.916984,2024-03-04 11:43:10.941814,0 days 00:00:00.024830,1.8291745283896437,32.15025242186262,0.5292076127152706,544.9846938378105,1359.7629030468502,COMPLETE
193,189.71626969356632,2024-03-04 11:43:11.136244,2024-03-04 11:43:11.161216,0 days 00:00:00.024972,1.8265669744399387,31.850075690407326,0.529659671589207,530.9226462203442,1359.9392444336152,COMPLETE
194,135.96009008748894,2024-03-04 11:43:11.358212,2024-03-04 11:43:11.383127,0 days 00:00:00.024915,1.8196933411061664,32.42643734645484,0.5315923757509451,552.9602014311218,1368.3656532735624,COMPLETE
195,100.34863059972425,2024-03-04 11:43:11.594178,2024-03-04 11:43:11.618651,0 days 00:00:00.024473,1.8361549765835032,31.692606087338543,0.5238649125414787,539.7883901604284,1354.189988537792,COMPLETE
196,391.4192714715084,2024-03-04 11:43:11.833132,2024-03-04 11:43:11.863076,0 days 00:00:00.029944,1.8283027875651687,33.155300892198966,0.5340713670154622,569.5862447445974,1372.1692419471258,COMPLETE
197,290.87065047080193,2024-03-04 11:43:12.069131,2024-03-04 11:43:12.093709,0 days 00:00:00.024578,1.8111157261996431,32.047258932563814,0.5288378560384753,523.2392343141563,1361.862462177709,COMPLETE
198,76.19581867825373,2024-03-04 11:43:12.292403,2024-03-04 11:43:12.317210,0 days 00:00:00.024807,1.817886277269356,31.2036726563436,0.5493079691060002,536.50417710489,1377.879923546738,COMPLETE
199,276.1475884536767,2024-03-04 11:43:12.511319,2024-03-04 11:43:12.536363,0 days 00:00:00.025044,1.910824864241195,32.76094826777462,0.5214163639724185,562.3533008080715,1347.7895231017922,COMPLETE
200,65.32022094594434,2024-03-04 11:43:12.727050,2024-03-04 11:43:12.751370,0 days 00:00:00.024320,1.8341670844761548,32.32554945159072,0.5369168458490203,545.249131354622,1371.14012442932,COMPLETE
201,40.29299881591187,2024-03-04 11:43:12.943749,2024-03-04 11:43:12.968955,0 days 00:00:00.025206,1.8418835100141093,32.10609730219481,0.5424109241299575,544.1626257010972,1357.3116028874676,COMPLETE
202,118.40259204995371,2024-03-04 11:43:13.151948,2024-03-04 11:43:13.175614,0 days 00:00:00.023666,1.8472650718810089,31.959582108184073,0.5426459739242621,551.5513201152378,1353.6718198066387,COMPLETE
203,32.422014747672925,2024-03-04 11:43:13.362681,2024-03-04 11:43:13.387317,0 days 00:00:00.024636,1.8284123056970107,32.56101062124816,0.5550829229280542,540.6415958265402,1362.0900051988026,COMPLETE
204,147.28822423349357,2024-03-04 11:43:13.587185,2024-03-04 11:43:13.611457,0 days 00:00:00.024272,1.8419118935381877,30.492660734242175,0.5635406017667324,531.609861768514,1363.6249933845172,COMPLETE
205,188.74952432587756,2024-03-04 11:43:13.801969,2024-03-04 11:43:13.826034,0 days 00:00:00.024065,1.8718082749771718,32.91159387654215,0.5531294562422241,547.5575452009027,1380.6813161918283,COMPLETE
206,29.412879748802855,2024-03-04 11:43:14.014441,2024-03-04 11:43:14.039620,0 days 00:00:00.025179,1.8554458466804378,32.57460604299922,0.5240894985799311,540.3358671629456,1369.5942318020307,COMPLETE
207,89.06214118473171,2024-03-04 11:43:14.233714,2024-03-04 11:43:14.260268,0 days 00:00:00.026554,1.8531951664334214,31.542026439315254,0.5248073963377771,536.6542754688231,1372.3754157565186,COMPLETE
208,216.32585447831565,2024-03-04 11:43:14.444893,2024-03-04 11:43:14.469486,0 days 00:00:00.024593,1.855281113839693,32.6098424409294,0.5194004962134444,556.2491724591357,1381.1222798138472,COMPLETE
209,212.28601082110524,2024-03-04 11:43:14.652992,2024-03-04 11:43:14.676595,0 days 00:00:00.023603,1.8348011282155627,33.555711650414814,0.5162575502087398,526.2121952655326,1364.6528927676375,COMPLETE
210,32.2352078854374,2024-03-04 11:43:14.860229,2024-03-04 11:43:14.887068,0 days 00:00:00.026839,1.845871350506013,32.37330574446568,0.5284277301920467,539.1986761175253,1391.8080352619638,COMPLETE
211,38.97494461523828,2024-03-04 11:43:15.078111,2024-03-04 11:43:15.102802,0 days 00:00:00.024691,1.862632477563651,32.377676072330544,0.5284742787312201,538.8734049536687,1392.3912474717995,COMPLETE
212,52.041958750938186,2024-03-04 11:43:15.294032,2024-03-04 11:43:15.319536,0 days 00:00:00.025504,1.8662996667262606,32.373443351068424,0.5283628807885646,533.0860552299373,1391.2530011575864,COMPLETE
213,1089.8302340198638,2024-03-04 11:43:15.507947,2024-03-04 11:43:15.532196,0 days 00:00:00.024249,1.859912872135998,32.55653028022718,0.532249265690913,621.8412372127774,1396.8303988488271,COMPLETE
214,72.35947966999764,2024-03-04 11:43:15.712515,2024-03-04 11:43:15.736606,0 days 00:00:00.024091,1.8503184535241406,32.286807321816426,0.5253339592762963,534.6195419599397,1381.9828987792532,COMPLETE
215,105.84783148069783,2024-03-04 11:43:15.909737,2024-03-04 11:43:15.933499,0 days 00:00:00.023762,1.869218014206656,32.776160830599736,0.5349913455734159,539.2160738687248,1411.0659366780535,COMPLETE
