number,value,datetime_start,datetime_complete,duration,params_Q10,params_SPAN,params_TDWI,params_TSUM1,params_TSUM2,state
216,749.5462702852757,2024-03-04 11:43:16.111886,2024-03-04 11:43:16.136642,0 days 00:00:00.024756,1.880918055223044,34.05175759220147,0.5286399155805548,589.6482024970279,1391.5238545476889,COMPLETE
217,52.06319230630141,2024-03-04 11:43:16.317328,2024-03-04 11:43:16.341300,0 days 00:00:00.023972,1.8460874742258604,32.3918789723004,0.49089896682345735,548.2712879332173,1386.3439159608574,COMPLETE
218,148.87764437124844,2024-03-04 11:43:16.529621,2024-03-04 11:43:16.553702,0 days 00:00:00.024081,1.831556580893306,33.073143007180974,0.5213539878514265,529.5506340914138,1376.456440919343,COMPLETE
219,2526.879767412511,2024-03-04 11:43:16.732160,2024-03-04 11:43:16.756856,0 days 00:00:00.024696,1.900881966797358,32.140404836650596,0.5234503243761474,748.3568629403258,1454.3209103286395,COMPLETE
220,128.5399825159498,2024-03-04 11:43:16.932309,2024-03-04 11:43:16.956482,0 days 00:00:00.024173,1.9235521145428807,32.555381929518205,0.5317312177169492,539.5774100052212,1406.6316851895917,COMPLETE
221,34.31689343773155,2024-03-04 11:43:17.134001,2024-03-04 11:43:17.157874,0 days 00:00:00.023873,1.8417107912632595,31.807917112950108,0.5133027370709438,545.9920957354113,1369.4868204116442,COMPLETE
222,149.37970728916102,2024-03-04 11:43:17.344758,2024-03-04 11:43:17.371225,0 days 00:00:00.026467,1.9310212206032549,31.889772515715055,0.5137252002841496,552.5108834218242,1361.8857983630776,COMPLETE
223,150.38714506638354,2024-03-04 11:43:17.558471,2024-03-04 11:43:17.583521,0 days 00:00:00.025050,1.8447792281030453,32.22159498675219,0.5167326200364508,545.1689563749256,1431.1356138924994,COMPLETE
224,1380.611559804355,2024-03-04 11:43:17.758901,2024-03-04 11:43:17.783031,0 days 00:00:00.024130,1.86011881445942,31.764026039048048,0.5117765838873339,660.82504617756,1369.5754841082355,COMPLETE
225,62.36733262319526,2024-03-04 11:43:17.954836,2024-03-04 11:43:17.978992,0 days 00:00:00.024156,1.829335149813315,32.04545004505229,0.5274012698229068,537.5250151684298,1379.9976452093379,COMPLETE
226,70.47385718317696,2024-03-04 11:43:18.161582,2024-03-04 11:43:18.186215,0 days 00:00:00.024633,1.8378654806292842,32.85770403290745,0.5601788956393436,543.4545496968343,1357.2561817895,COMPLETE
227,197.0423550102924,2024-03-04 11:43:18.365761,2024-03-04 11:43:18.389831,0 days 00:00:00.024070,1.854095929994153,30.069421070085056,0.5870422669524009,551.7981063667863,1385.9184494624935,COMPLETE
228,24.285144761827695,2024-03-04 11:43:18.580863,2024-03-04 11:43:18.605243,0 days 00:00:00.024380,1.9615626273408127,32.4413296419272,0.5346098519150423,529.6692770480454,1398.0808459735308,COMPLETE
229,79.08998687972206,2024-03-04 11:43:18.778389,2024-03-04 11:43:18.802333,0 days 00:00:00.023944,2.0056967856618964,32.44262026324817,0.536295782387392,521.697924809259,1397.3360836324612,COMPLETE
230,44.0461559401604,2024-03-04 11:43:18.974323,2024-03-04 11:43:18.998335,0 days 00:00:00.024012,1.9131242381657156,32.29013466769776,0.5335370708420918,528.8826293742378,1401.2794314004789,COMPLETE
231,124.24812755026046,2024-03-04 11:43:19.174531,2024-03-04 11:43:19.198893,0 days 00:00:00.024362,1.8880429811972936,32.642077905804356,0.5248386318887056,539.5845642952879,1422.1516780451864,COMPLETE
232,24.786168550001364,2024-03-04 11:43:19.396529,2024-03-04 11:43:19.421570,0 days 00:00:00.025041,1.894023691071399,32.06122274731819,0.5301711962409869,535.1626439540111,1391.948167198427,COMPLETE
233,24.14065680014314,2024-03-04 11:43:19.605332,2024-03-04 11:43:19.630838,0 days 00:00:00.025506,1.9569837269888273,32.02208358237498,0.5287184450948601,532.1710880511364,1390.5240941285028,COMPLETE
234,27.369845082549254,2024-03-04 11:43:19.805230,2024-03-04 11:43:19.829596,0 days 00:00:00.024366,1.9552319731076913,31.922898750962368,0.5299409654428209,532.3192787584991,1399.1723562130721,COMPLETE
235,25.786456000367775,2024-03-04 11:43:20.009590,2024-03-04 11:43:20.033737,0 days 00:00:00.024147,1.9587192521224157,31.953595525808847,0.5300651210337842,530.9099704280784,1396.2259442721438,COMPLETE
236,201.08346285336424,2024-03-04 11:43:20.211183,2024-03-04 11:43:20.236538,0 days 00:00:00.025355,1.9685839634809204,31.90165383736727,0.5301325545428176,515.9750356449226,1394.8116429757038,COMPLETE
237,97.31103183725997,2024-03-04 11:43:20.414325,2024-03-04 11:43:20.438466,0 days 00:00:00.024141,1.9451966932850782,31.935793557525095,0.5286698535865733,524.3392050066764,1401.8615554258313,COMPLETE
238,41.242727397683694,2024-03-04 11:43:20.623885,2024-03-04 11:43:20.650568,0 days 00:00:00.026683,1.9559988913477826,31.715120207512633,0.525059629724001,531.3817948340552,1391.0638444129197,COMPLETE
239,205.2106742268652,2024-03-04 11:43:20.830288,2024-03-04 11:43:20.855072,0 days 00:00:00.024784,1.9600496964147414,32.06860684164572,0.5309755413988706,512.9225199379144,1409.6364181404963,COMPLETE
240,122.44839349744316,2024-03-04 11:43:21.042371,2024-03-04 11:43:21.067984,0 days 00:00:00.025613,1.9389287346652446,31.34706738314553,0.5210027047023141,527.5659230748512,1388.4308875052604,COMPLETE
241,45.85741749010087,2024-03-04 11:43:21.251058,2024-03-04 11:43:21.275659,0 days 00:00:00.024601,1.9645295251449852,32.125851739273706,0.527639201381794,534.2200828255479,1396.8039490093042,COMPLETE
242,62.138507873182625,2024-03-04 11:43:21.458067,2024-03-04 11:43:21.486300,0 days 00:00:00.028233,1.9552963755346657,32.00383471899712,0.5334217561366283,537.4769792301345,1384.366330198322,COMPLETE
243,347.5537911171535,2024-03-04 11:43:21.676304,2024-03-04 11:43:21.701496,0 days 00:00:00.025192,1.9716754180031908,32.38189742363633,0.40131540757201506,532.6050917947574,1377.8879764289898,COMPLETE
244,147.6451651984047,2024-03-04 11:43:21.889572,2024-03-04 11:43:21.915726,0 days 00:00:00.026154,1.9447783578506248,31.855102387071927,0.5357496690906299,541.0803552401961,1406.182514397564,COMPLETE
245,151.2405414560057,2024-03-04 11:43:22.108473,2024-03-04 11:43:22.133003,0 days 00:00:00.024530,1.9535290261882368,32.23104896015988,0.5241078162805187,521.8424475476226,1388.5997870320675,COMPLETE
246,44.5836068893616,2024-03-04 11:43:22.318113,2024-03-04 11:43:22.344279,0 days 00:00:00.026166,1.9769172810153794,31.521256682694613,0.5304136815644058,528.4764013659458,1399.8032120436849,COMPLETE
247,130.38185033066642,2024-03-04 11:43:22.550609,2024-03-04 11:43:22.577928,0 days 00:00:00.027319,1.9306857690001211,32.4561367438361,0.5199169400957453,546.495028263997,1375.6584321934847,COMPLETE
248,193.64134014716527,2024-03-04 11:43:22.782852,2024-03-04 11:43:22.809484,0 days 00:00:00.026632,1.9854401999925844,36.66897688044384,0.5390247067714837,537.0723810164784,1394.9070271329933,COMPLETE
249,1184.6822492220397,2024-03-04 11:43:22.992847,2024-03-04 11:43:23.018112,0 days 00:00:00.025265,1.9598607678157243,32.09923490273155,0.5254172468200293,602.9204431460607,1534.6554758825403,COMPLETE
250,33.780058117630894,2024-03-04 11:43:23.216052,2024-03-04 11:43:23.241940,0 days 00:00:00.025888,1.8757213554860266,31.766073234049273,0.5339534479525875,541.637049696869,1369.1406223597821,COMPLETE
251,134.3272310544796,2024-03-04 11:43:23.434104,2024-03-04 11:43:23.459535,0 days 00:00:00.025431,1.8775396080796147,31.808175791422887,0.5292091439062144,530.5609042351382,1369.6769231571388,COMPLETE
252,35.26910415639088,2024-03-04 11:43:23.648923,2024-03-04 11:43:23.673995,0 days 00:00:00.025072,1.8731311483454267,31.566890961041143,0.5337018049340456,539.7753212754697,1386.4934026676724,COMPLETE
253,608.2518202405681,2024-03-04 11:43:23.862818,2024-03-04 11:43:23.888500,0 days 00:00:00.025682,1.8746926965848512,31.634437748658023,0.534263359217513,584.888656640443,1381.5691062035132,COMPLETE
254,116.40351668295004,2024-03-04 11:43:24.070283,2024-03-04 11:43:24.095304,0 days 00:00:00.025021,1.8827972016208123,33.4195369645233,0.4263174452144202,547.8553207787292,1374.6907213110767,COMPLETE
255,59.52143836861373,2024-03-04 11:43:24.280221,2024-03-04 11:43:24.305079,0 days 00:00:00.024858,1.8656849312224966,31.731464517122685,0.5328011864531783,534.8086485437943,1382.740356476586,COMPLETE
256,199.03843129627376,2024-03-04 11:43:24.481317,2024-03-04 11:43:24.508472,0 days 00:00:00.027155,1.87244865959175,31.44732274742145,0.5375691133937008,525.1603850563981,1371.1078880895027,COMPLETE
257,140.84784734663907,2024-03-04 11:43:24.691721,2024-03-04 11:43:24.716479,0 days 00:00:00.024758,1.8958460642861252,32.71529099434267,0.5283234393709352,540.9732728802378,1414.3446303674036,COMPLETE
258,317.60072012159327,2024-03-04 11:43:24.902281,2024-03-04 11:43:24.929596,0 days 00:00:00.027315,1.93928241923994,33.23729383181546,0.5175965540845439,507.6408998341721,1387.9568882578187,COMPLETE
259,572.3834386237259,2024-03-04 11:43:25.125589,2024-03-04 11:43:25.152919,0 days 00:00:00.027330,1.9177239698142488,31.869175194200217,0.5325394313230422,517.0803345925957,1235.6196387178666,COMPLETE
260,236.58743588413276,2024-03-04 11:43:25.343385,2024-03-04 11:43:25.368527,0 days 00:00:00.025142,1.9652261245250098,28.762009117588835,0.5533975732113268,554.5391475597771,1402.2727168374586,COMPLETE
261,79.5076414581675,2024-03-04 11:43:25.557608,2024-03-04 11:43:25.583744,0 days 00:00:00.026136,1.8930270889993766,32.52697771731847,0.5223571039103979,533.901090418508,1366.7072415076395,COMPLETE
262,180.286982931832,2024-03-04 11:43:25.775672,2024-03-04 11:43:25.802332,0 days 00:00:00.026660,1.8827529726796814,32.99106805721234,0.5368525324162507,548.7640349061081,1378.2522236378375,COMPLETE
263,142.60692825329875,2024-03-04 11:43:25.993968,2024-03-04 11:43:26.018489,0 days 00:00:00.024521,1.9888202886802082,31.975779932041565,0.5279239116740115,541.1764075847484,1396.9811257695442,COMPLETE
264,220.27971224120526,2024-03-04 11:43:26.201649,2024-03-04 11:43:26.226605,0 days 00:00:00.024956,1.8601617761483777,32.29485628705115,0.5163889159216145,523.0259804718703,1385.4806690153864,COMPLETE
265,1113.0879190595633,2024-03-04 11:43:26.415691,2024-03-04 11:43:26.440769,0 days 00:00:00.025078,1.9728950689007985,31.590298879755995,0.5321373259515327,624.6510018920908,1363.9542888651524,COMPLETE
266,249.3277653007928,2024-03-04 11:43:26.628487,2024-03-04 11:43:26.654515,0 days 00:00:00.026028,1.8706180637148102,31.733113906224357,0.5220660570266903,557.6149823624625,1392.0874470623348,COMPLETE
267,729.8765195222387,2024-03-04 11:43:26.842184,2024-03-04 11:43:26.867296,0 days 00:00:00.025112,1.9995475745731006,32.70563217744256,0.549657069005927,578.56522862042,1406.5119255121583,COMPLETE
268,1835.3483322189347,2024-03-04 11:43:27.057863,2024-03-04 11:43:27.083860,0 days 00:00:00.025997,1.9416026838882035,32.37387641498499,0.5400963996221194,688.7613085217724,1374.4610919500321,COMPLETE
269,734.5045078810323,2024-03-04 11:43:27.263347,2024-03-04 11:43:27.288330,0 days 00:00:00.024983,1.9774070339977385,32.17703514407211,0.5066771440501996,591.98605889791,1382.341468029056,COMPLETE
270,26.77682221182961,2024-03-04 11:43:27.482726,2024-03-04 11:43:27.510191,0 days 00:00:00.027465,1.9497136553240213,31.953321719135513,0.5264856446218376,536.4562569371743,1366.8288080262514,COMPLETE
271,135.16180452926204,2024-03-04 11:43:27.700532,2024-03-04 11:43:27.726313,0 days 00:00:00.025781,1.9490005555188374,31.797486093707345,0.5117303774574227,530.4017476657682,1364.9804675318853,COMPLETE
272,86.1656689746781,2024-03-04 11:43:27.899986,2024-03-04 11:43:27.928066,0 days 00:00:00.028080,1.9626635548697675,31.455853732130812,0.5193919343172494,544.8745143616267,1370.46149591949,COMPLETE
273,33.41169413324464,2024-03-04 11:43:28.106235,2024-03-04 11:43:28.131656,0 days 00:00:00.025421,1.967885903955051,32.02969432190206,0.558183210727517,534.8045697457508,1361.1731427382003,COMPLETE
274,115.146452469417,2024-03-04 11:43:28.305283,2024-03-04 11:43:28.330607,0 days 00:00:00.025324,1.9523257054781147,32.06436510785026,0.54543190545975,526.7882129370882,1359.6923367487052,COMPLETE
275,31.12666285481368,2024-03-04 11:43:28.508989,2024-03-04 11:43:28.533982,0 days 00:00:00.024993,1.9587772007668023,31.932912646878464,0.5536355168277807,535.4057879216494,1363.175180891401,COMPLETE
276,29.706695431952333,2024-03-04 11:43:28.709677,2024-03-04 11:43:28.735682,0 days 00:00:00.026005,1.959638951138411,31.94778145971716,0.5633291838078907,531.4943891238215,1359.665510439638,COMPLETE
277,184.21448881654928,2024-03-04 11:43:28.913647,2024-03-04 11:43:28.938727,0 days 00:00:00.025080,1.9589089854949742,31.964859487114964,0.5562178275132877,520.1219405521904,1357.8518810157684,COMPLETE
278,36.115715075890115,2024-03-04 11:43:29.127675,2024-03-04 11:43:29.154529,0 days 00:00:00.026854,1.9550001306348763,31.934579755819634,0.5670162886308209,531.6300455702523,1353.8472307190004,COMPLETE
279,283.109137985875,2024-03-04 11:43:29.354259,2024-03-04 11:43:29.381097,0 days 00:00:00.026838,1.9476550324507562,32.092573479477366,0.559192466431514,511.2303744660155,1361.2173455665209,COMPLETE
280,27.29293247887846,2024-03-04 11:43:29.576514,2024-03-04 11:43:29.602034,0 days 00:00:00.025520,1.971164226902897,31.93534604526153,0.5616983857234696,534.4225624210966,1343.4015529799112,COMPLETE
281,104.51712420488954,2024-03-04 11:43:29.789158,2024-03-04 11:43:29.814641,0 days 00:00:00.025483,1.9680100601215202,31.91952339720564,0.557962143529955,527.7468338806406,1347.065735452684,COMPLETE
282,22.815792901813857,2024-03-04 11:43:30.002046,2024-03-04 11:43:30.028159,0 days 00:00:00.026113,1.9672226619044566,32.14329784587088,0.5657810388138786,534.4836145293253,1343.135645670183,COMPLETE
283,182.41759203195562,2024-03-04 11:43:30.223165,2024-03-04 11:43:30.248604,0 days 00:00:00.025439,1.9685850286119642,32.20719710066759,0.5617628561653527,521.5131812962311,1340.7445412949678,COMPLETE
284,23.27156895281182,2024-03-04 11:43:30.428623,2024-03-04 11:43:30.455756,0 days 00:00:00.027133,1.9617519049758552,32.183122882744755,0.5651045355077243,535.1516682710203,1344.2912795281275,COMPLETE
285,19.92585499185982,2024-03-04 11:43:30.647213,2024-03-04 11:43:30.672718,0 days 00:00:00.025505,1.9786493524317545,33.156223117867235,0.5668396757392766,533.5457252238001,1335.3064922549377,COMPLETE
286,19.945187247403606,2024-03-04 11:43:30.851494,2024-03-04 11:43:30.877104,0 days 00:00:00.025610,1.9635135111226052,33.088507177227406,0.5651227330544348,533.1657159275811,1341.0003619155937,COMPLETE
287,105.75435406499996,2024-03-04 11:43:31.070177,2024-03-04 11:43:31.096480,0 days 00:00:00.026303,1.974612277095963,33.456338873514504,0.5658490799584928,525.5319510482915,1332.6270307184695,COMPLETE
288,64.38556261136027,2024-03-04 11:43:31.295798,2024-03-04 11:43:31.321300,0 days 00:00:00.025502,1.9600051971072328,33.18235521317252,0.5629102246535306,529.1162811655204,1339.5555831303502,COMPLETE
289,261.2090694831039,2024-03-04 11:43:31.499842,2024-03-04 11:43:31.525294,0 days 00:00:00.025452,1.9671921348326362,33.111623976560765,0.5677662508083273,515.1358859985577,1325.9472815404913,COMPLETE
290,31.448558169291804,2024-03-04 11:43:31.709067,2024-03-04 11:43:31.734580,0 days 00:00:00.025513,1.9627320029105455,32.93605848182994,0.5680870312196865,532.6608860443351,1334.3048015957843,COMPLETE
291,23.766492088620605,2024-03-04 11:43:31.924220,2024-03-04 11:43:31.951086,0 days 00:00:00.026866,1.9799381080977394,32.94089843586661,0.5720299872260733,533.3865823410865,1339.355445206695,COMPLETE
292,24.38769751580549,2024-03-04 11:43:32.150081,2024-03-04 11:43:32.176794,0 days 00:00:00.026713,1.9843259947731953,32.86757427683,0.5706918088499029,531.8817896796876,1349.9293200572636,COMPLETE
293,142.79673885407033,2024-03-04 11:43:32.363625,2024-03-04 11:43:32.389654,0 days 00:00:00.026029,1.9784664942678598,32.96268272935761,0.5708896934807752,520.949494228419,1343.3381518151239,COMPLETE
294,24.574822007853456,2024-03-04 11:43:32.566481,2024-03-04 11:43:32.593732,0 days 00:00:00.027251,1.9846474598488906,33.284238204600015,0.570482910581601,533.5826064945545,1322.8587127358353,COMPLETE
295,79.44733018911936,2024-03-04 11:43:32.817849,2024-03-04 11:43:32.847232,0 days 00:00:00.029383,1.9899322611025483,33.19460666095224,0.567942221375625,526.8940949007739,1334.556282297809,COMPLETE
296,52.47992087080737,2024-03-04 11:43:33.063382,2024-03-04 11:43:33.093363,0 days 00:00:00.029981,1.9932194308689826,32.937895348824654,0.5724987150110136,532.4298528227104,1315.0812818693846,COMPLETE
297,385.7503176302248,2024-03-04 11:43:33.299050,2024-03-04 11:43:33.332357,0 days 00:00:00.033307,1.9810683084738405,33.33704276849617,0.5734081874036377,503.8109167478019,1318.7277410842407,COMPLETE
298,195.34958312277587,2024-03-04 11:43:33.534309,2024-03-04 11:43:33.560083,0 days 00:00:00.025774,1.9753555007715697,33.01692675969782,0.575449377104601,519.3472941593857,1325.933022136989,COMPLETE
299,19.23378394512749,2024-03-04 11:43:33.737653,2024-03-04 11:43:33.763836,0 days 00:00:00.026183,1.9809623206454277,33.33736653022703,0.5633225006105141,532.9469074956955,1335.9356540361086,COMPLETE
300,111.9142188087753,2024-03-04 11:43:33.947547,2024-03-04 11:43:33.974803,0 days 00:00:00.027256,1.9870258494835014,33.68081871361365,0.5659957918978732,524.3251180261095,1331.4532050050136,COMPLETE
301,26.93553738384899,2024-03-04 11:43:34.149146,2024-03-04 11:43:34.175448,0 days 00:00:00.026302,1.983267852471797,33.34069901951312,0.5624265038949505,532.0010074493653,1334.4955888250247,COMPLETE
302,23.747664870324407,2024-03-04 11:43:34.349485,2024-03-04 11:43:34.374855,0 days 00:00:00.025370,1.9828812680361114,33.358375185696936,0.5644450412736585,530.9637235304714,1340.6214139413646,COMPLETE
303,29.502791190802736,2024-03-04 11:43:34.557137,2024-03-04 11:43:34.582881,0 days 00:00:00.025744,1.982194910318029,33.34304308687478,0.562057389135766,531.6576754106045,1335.4055425664033,COMPLETE
304,217.58130403234287,2024-03-04 11:43:34.762023,2024-03-04 11:43:34.788295,0 days 00:00:00.026272,1.9819669612354294,33.4192792860317,0.5703520997945899,514.4535538300163,1340.5426813119157,COMPLETE
305,134.32430906142707,2024-03-04 11:43:34.969472,2024-03-04 11:43:34.995782,0 days 00:00:00.026310,1.9971079434518708,33.22494356404813,0.5631411884266622,524.7196693451436,1324.0083866760472,COMPLETE
306,54.98842575011129,2024-03-04 11:43:35.179750,2024-03-04 11:43:35.206464,0 days 00:00:00.026714,1.9802925525316804,33.317373582610976,0.5636990083462659,529.0091880177715,1337.4304863636692,COMPLETE
307,161.78491759981097,2024-03-04 11:43:35.391657,2024-03-04 11:43:35.422118,0 days 00:00:00.030461,1.9851241803255948,33.63388780485369,0.5603887159607862,518.8873343591563,1345.0134447121166,COMPLETE
308,2797.296981520816,2024-03-04 11:43:35.630075,2024-03-04 11:43:35.663917,0 days 00:00:00.033842,1.9732834723374475,33.170669571774354,0.5771475613820127,788.9494929118886,1331.53428343859,COMPLETE
309,53.68155199683812,2024-03-04 11:43:35.853640,2024-03-04 11:43:35.880503,0 days 00:00:00.026863,1.9956866188571885,33.4896082533362,0.5631395715683931,531.1953908155532,1320.8807696487313,COMPLETE
310,51.69195398869398,2024-03-04 11:43:36.080437,2024-03-04 11:43:36.111655,0 days 00:00:00.031218,1.9912818914566535,33.313554877375054,0.571786794377435,534.2247052502515,1343.3708906206205,COMPLETE
311,162.90396585444307,2024-03-04 11:43:36.317798,2024-03-04 11:43:36.343865,0 days 00:00:00.026067,1.973334772334402,33.7775207247545,0.5660179784738172,524.8832719162881,1308.1173356675954,COMPLETE
312,1350.916036548352,2024-03-04 11:43:36.519368,2024-03-04 11:43:36.545247,0 days 00:00:00.025879,1.9830089109185793,33.09021239762775,0.558796845670577,644.5542134974244,1330.5261548311998,COMPLETE
313,266.9154647528701,2024-03-04 11:43:36.720254,2024-03-04 11:43:36.746312,0 days 00:00:00.026058,1.95673172567063,33.512881257075406,0.5694450978498443,511.9198939850092,1337.71099061992,COMPLETE
314,36.172430621333234,2024-03-04 11:43:36.923749,2024-03-04 11:43:36.949415,0 days 00:00:00.025666,1.9641909921497553,33.31704422934991,0.5636998696239762,534.1762687742349,1347.9641675200485,COMPLETE
315,229.4866179212791,2024-03-04 11:43:37.138473,2024-03-04 11:43:37.164794,0 days 00:00:00.026321,1.9712118161617411,33.08917070341363,0.5610640375162754,520.0569396637359,1317.0285584740982,COMPLETE
316,820.951725382825,2024-03-04 11:43:37.349518,2024-03-04 11:43:37.383920,0 days 00:00:00.034402,1.94949359244361,32.90109297426114,0.5556378301175291,600.4512809376124,1327.4985308022174,COMPLETE
317,19.88923030533064,2024-03-04 11:43:37.585251,2024-03-04 11:43:37.613674,0 days 00:00:00.028423,2.0071646336314966,33.46274887352422,0.5742355968359799,528.4587607211771,1344.0961804612691,COMPLETE
318,1227.921988692693,2024-03-04 11:43:37.788741,2024-03-04 11:43:37.815514,0 days 00:00:00.026773,2.003501213673681,33.59316109691436,0.5767112314461416,626.8768504670918,1337.8168432956174,COMPLETE
319,30.776308014259257,2024-03-04 11:43:37.989370,2024-03-04 11:43:38.015621,0 days 00:00:00.026251,1.9880925724589145,33.445678487066054,0.578914640635473,527.5352530950789,1344.1533576143522,COMPLETE
320,69.60454716977316,2024-03-04 11:43:38.189260,2024-03-04 11:43:38.215495,0 days 00:00:00.026235,1.9958082604180214,33.83294332726127,0.5726368022149634,522.9791620019319,1350.320620382308,COMPLETE
321,384.6471818837377,2024-03-04 11:43:38.398170,2024-03-04 11:43:38.424916,0 days 00:00:00.026746,2.00903266656875,33.229415513563886,0.5688356817139781,502.1078415516781,1325.5663062490876,COMPLETE
322,933.2627163337667,2024-03-04 11:43:38.603249,2024-03-04 11:43:38.629328,0 days 00:00:00.026079,1.9754233095953047,32.808415223449735,0.5651248423879988,605.5487281014147,1336.7762498850434,COMPLETE
323,20.953096073463975,2024-03-04 11:43:38.807591,2024-03-04 11:43:38.833715,0 days 00:00:00.026124,1.981307522157465,33.35798716748828,0.5691382489461093,529.6656277308547,1347.0725703407522,COMPLETE
