number,value,datetime_start,datetime_complete,duration,params_Q10,params_SPAN,params_TDWI,params_TSUM1,params_TSUM2,state
973,113.08913964730472,2024-03-04 11:46:07.679269,2024-03-04 11:46:07.724256,0 days 00:00:00.044987,2.1854080731955783,28.990327121234767,0.5881279967831212,509.2255077941619,1583.0800292770284,COMPLETE
974,1403.1984481790796,2024-03-04 11:46:07.921847,2024-03-04 11:46:07.966439,0 days 00:00:00.044592,2.0486071049947947,33.593101710466016,0.5579936559252374,642.9488211614174,1341.4911648169534,COMPLETE
975,273.13352153889696,2024-03-04 11:46:08.172450,2024-03-04 11:46:08.218547,0 days 00:00:00.046097,1.974024400586898,33.25940840911297,0.5737138631906019,518.6744305014095,1294.4172228692,COMPLETE
976,245.52044467492047,2024-03-04 11:46:08.450980,2024-03-04 11:46:08.526939,0 days 00:00:00.075959,1.9330134102913077,32.424499733491174,0.5637838991279914,535.0112497345532,1244.6394211051443,COMPLETE
977,2714.1949004813123,2024-03-04 11:46:08.738931,2024-03-04 11:46:08.782664,0 days 00:00:00.043733,2.0988119033239934,34.63879083238654,0.42814713569782,759.0297877168151,1598.3242384329226,COMPLETE
978,2571.2619855488033,2024-03-04 11:46:08.976299,2024-03-04 11:46:09.019627,0 days 00:00:00.043328,1.9798399622097822,32.82707214218884,0.552776141600145,764.6549387003536,1327.9294277143713,COMPLETE
979,1164.1092405352947,2024-03-04 11:46:09.205912,2024-03-04 11:46:09.271177,0 days 00:00:00.065265,2.060128094514995,35.46521961945518,0.5669002545708276,614.1603984966162,1353.5645121247574,COMPLETE
980,894.6927617082682,2024-03-04 11:46:09.472372,2024-03-04 11:46:09.519555,0 days 00:00:00.047183,1.9042083813894202,33.4499743501585,0.4173392704495963,638.9506828446807,1336.1816124437285,COMPLETE
981,278.41595643789634,2024-03-04 11:46:09.712014,2024-03-04 11:46:09.756122,0 days 00:00:00.044108,2.0733944886108633,34.76142579423323,0.5952706020194587,528.2613028169408,1443.153206484497,COMPLETE
982,160.74064983271666,2024-03-04 11:46:09.960238,2024-03-04 11:46:10.013406,0 days 00:00:00.053168,1.8548975829480827,31.593644272740683,0.4021012552604789,558.4603363429012,1362.4457416766,COMPLETE
983,469.46629151981205,2024-03-04 11:46:10.229863,2024-03-04 11:46:10.282916,0 days 00:00:00.053053,2.1710511015894887,33.045537468545724,0.5792374631807434,539.6679419737379,1485.7886534316249,COMPLETE
984,162.22922700774367,2024-03-04 11:46:10.493559,2024-03-04 11:46:10.548219,0 days 00:00:00.054660,2.1188353558200563,34.16033726488674,0.5999740623751377,521.6259815363813,1280.4749165253731,COMPLETE
985,526.967115426173,2024-03-04 11:46:10.785935,2024-03-04 11:46:10.841024,0 days 00:00:00.055089,1.8008544334368781,32.211904643447355,0.4948128391776213,512.6762198552946,1346.5582843642549,COMPLETE
986,117.33878064099088,2024-03-04 11:46:11.056568,2024-03-04 11:46:11.107101,0 days 00:00:00.050533,1.9588706748318345,33.27204985965757,0.5390272110765222,530.8211091898867,1324.0757273568386,COMPLETE
987,2390.3678655766557,2024-03-04 11:46:11.327394,2024-03-04 11:46:11.383193,0 days 00:00:00.055799,2.092113242252439,32.611286088450086,0.4994623937677078,752.2103552422594,1318.3417278321501,COMPLETE
988,1987.418671109984,2024-03-04 11:46:11.592868,2024-03-04 11:46:11.653112,0 days 00:00:00.060244,2.198491987950851,34.47054585862605,0.5610525313927939,695.672088276012,1337.4163727187401,COMPLETE
989,853.1547703211771,2024-03-04 11:46:11.884532,2024-03-04 11:46:11.943326,0 days 00:00:00.058794,1.9149076232766356,33.936129629752735,0.4567680070938179,620.0278518219889,1344.9535836464786,COMPLETE
990,951.6524547913092,2024-03-04 11:46:12.181456,2024-03-04 11:46:12.240633,0 days 00:00:00.059177,1.992878701676452,33.5723562655182,0.40899211336433394,602.759904435435,1566.8172286088693,COMPLETE
991,1043.9904536398374,2024-03-04 11:46:12.442657,2024-03-04 11:46:12.488480,0 days 00:00:00.045823,2.1509890619558703,31.87217238213498,0.5854114758668381,611.041237099941,1330.5418119159617,COMPLETE
992,809.525667095002,2024-03-04 11:46:12.688367,2024-03-04 11:46:12.738409,0 days 00:00:00.050042,2.0090087546841566,29.233004893609237,0.5093634909016531,581.8675308067288,1541.2697459575852,COMPLETE
993,2544.0805210930794,2024-03-04 11:46:12.930183,2024-03-04 11:46:12.974530,0 days 00:00:00.044347,2.033286560989876,35.22694518531227,0.5908858735777242,711.4723423604969,1582.3027139951275,COMPLETE
994,216.2160970866136,2024-03-04 11:46:13.158780,2024-03-04 11:46:13.201746,0 days 00:00:00.042966,2.068004636727746,32.934132960065924,0.5693753977393499,551.1701695057785,1309.696618823797,COMPLETE
995,1557.5276193337186,2024-03-04 11:46:13.388207,2024-03-04 11:46:13.432155,0 days 00:00:00.043948,2.0175531332439967,29.46161014930542,0.516457377202373,666.9216078903074,1404.5738044147715,COMPLETE
996,363.3495583903096,2024-03-04 11:46:13.622009,2024-03-04 11:46:13.678972,0 days 00:00:00.056963,2.083267161778848,33.440214371345,0.5545703339466446,526.41137700012,1209.087709608467,COMPLETE
997,1239.1819632894903,2024-03-04 11:46:13.876899,2024-03-04 11:46:13.920771,0 days 00:00:00.043872,2.1079923143493122,33.72719820339478,0.573796289001239,620.7821781996158,1355.2616243033754,COMPLETE
998,642.9001676376706,2024-03-04 11:46:14.114582,2024-03-04 11:46:14.159665,0 days 00:00:00.045083,1.9713043685923446,33.142181476620976,0.5656695033240299,573.6111435150467,1385.8902532806937,COMPLETE
999,58.60230133772158,2024-03-04 11:46:14.347399,2024-03-04 11:46:14.392201,0 days 00:00:00.044802,1.950140022706014,34.02846986443941,0.48661175778587434,536.6226359155331,1362.9390257566624,COMPLETE
1000,289.16115020890993,2024-03-04 11:46:14.585328,2024-03-04 11:46:14.636338,0 days 00:00:00.051010,1.8604306850272838,32.079049518694205,0.42672417466785784,543.6599957554349,1342.4757679344848,COMPLETE
1001,132.91503471683725,2024-03-04 11:46:14.857356,2024-03-04 11:46:14.911986,0 days 00:00:00.054630,1.9846805315086313,34.9170671872968,0.5302700363872388,518.992117565859,1370.9045028764167,COMPLETE
1002,810.0848721522792,2024-03-04 11:46:15.110551,2024-03-04 11:46:15.163188,0 days 00:00:00.052637,2.054412683753313,32.33828696297228,0.5774268737318788,576.922754468068,1427.7214174941132,COMPLETE
1003,106.22487801243031,2024-03-04 11:46:15.368182,2024-03-04 11:46:15.416488,0 days 00:00:00.048306,1.964196918133201,33.30623796285559,0.5231698882516354,532.7510955338438,1330.22831538056,COMPLETE
1004,2298.4531488509438,2024-03-04 11:46:15.609007,2024-03-04 11:46:15.656263,0 days 00:00:00.047256,1.8896650504651586,32.82436505607765,0.4776941586563362,733.6199875473578,1460.7512906876134,COMPLETE
1005,280.85989281007915,2024-03-04 11:46:15.878015,2024-03-04 11:46:15.923016,0 days 00:00:00.045001,2.043188085220471,29.50973468125893,0.5042977100116717,525.885003529496,1350.5583591795028,COMPLETE
1006,2001.9226788102449,2024-03-04 11:46:16.115542,2024-03-04 11:46:16.159903,0 days 00:00:00.044361,2.1288269409633536,32.59039563225024,0.5701583359497726,674.0311687044334,1472.1148269234907,COMPLETE
1007,117.1917712936557,2024-03-04 11:46:16.350394,2024-03-04 11:46:16.394041,0 days 00:00:00.043647,2.0789496481245933,33.05581778759038,0.5611387992131558,539.2911291814946,1338.539625656438,COMPLETE
1008,384.49111914974566,2024-03-04 11:46:16.587816,2024-03-04 11:46:16.635378,0 days 00:00:00.047562,1.981714608501612,36.0848265260788,0.5962456455169829,514.5061942959439,1232.9968530066503,COMPLETE
1009,194.68770555881082,2024-03-04 11:46:16.827884,2024-03-04 11:46:16.872574,0 days 00:00:00.044690,2.061719234097665,33.5567021179851,0.5834736332250405,529.7343964074419,1244.020698316187,COMPLETE
1010,564.802153104434,2024-03-04 11:46:17.077698,2024-03-04 11:46:17.124172,0 days 00:00:00.046474,2.0740925064434195,33.856947427254234,0.5357814295418432,506.31865210142615,1236.5501946710722,COMPLETE
1011,664.252014971321,2024-03-04 11:46:17.319755,2024-03-04 11:46:17.364793,0 days 00:00:00.045038,2.142653270958629,34.297234002725496,0.4136056253249351,523.67346030831,1222.3729311552606,COMPLETE
1012,796.7517818661579,2024-03-04 11:46:17.567993,2024-03-04 11:46:17.621359,0 days 00:00:00.053366,1.9982105490507118,30.76836496203982,0.5892184876153158,598.7170893200761,1322.7110499634693,COMPLETE
1013,23.600641889466814,2024-03-04 11:46:17.825472,2024-03-04 11:46:17.869587,0 days 00:00:00.044115,1.8841224996133215,35.68630987833599,0.5122538452782397,536.4079369707381,1376.4387484984888,COMPLETE
1014,264.6650423445221,2024-03-04 11:46:18.059763,2024-03-04 11:46:18.103324,0 days 00:00:00.043561,1.862381015828723,35.55238460131784,0.5110030516390138,545.8147402145611,1447.914767943865,COMPLETE
1015,2120.2340619055826,2024-03-04 11:46:18.291986,2024-03-04 11:46:18.336388,0 days 00:00:00.044402,1.923002279840321,35.71810440630292,0.5177497820407718,717.4036739460948,1371.1703871379666,COMPLETE
1016,468.73311365423234,2024-03-04 11:46:18.534100,2024-03-04 11:46:18.585364,0 days 00:00:00.051264,1.871596379980953,35.8880681942335,0.5191389415354293,554.3958350812562,1481.2223327185739,COMPLETE
1017,929.382130083713,2024-03-04 11:46:18.785925,2024-03-04 11:46:18.833219,0 days 00:00:00.047294,1.9075717706763047,35.76211016995465,0.5168204939178596,603.7453075724977,1384.6042954034617,COMPLETE
1018,2044.7983006174504,2024-03-04 11:46:19.035754,2024-03-04 11:46:19.086236,0 days 00:00:00.050482,2.026993741873173,35.498988919964546,0.5131822623135832,703.0697838338165,1375.9540342823725,COMPLETE
1019,307.40679130416447,2024-03-04 11:46:19.292075,2024-03-04 11:46:19.342722,0 days 00:00:00.050647,1.845208904873727,35.80852373269834,0.46545696970246986,569.4666805009581,1380.3144651173895,COMPLETE
1020,29.14574919817261,2024-03-04 11:46:19.540985,2024-03-04 11:46:19.594709,0 days 00:00:00.053724,1.933487493732312,35.61312367761934,0.5045616317244351,536.3144546917522,1373.4911076793685,COMPLETE
1021,73.49880469158245,2024-03-04 11:46:19.790982,2024-03-04 11:46:19.838355,0 days 00:00:00.047373,1.8594601247942784,35.21489933755011,0.5089186682325821,542.1109592911528,1383.2375159692624,COMPLETE
1022,850.9330758596017,2024-03-04 11:46:20.046460,2024-03-04 11:46:20.113028,0 days 00:00:00.066568,1.812511475191182,28.754635302959002,0.49962703675798653,631.4949046391729,1361.1696045897536,COMPLETE
1023,1611.0508824182562,2024-03-04 11:46:20.310453,2024-03-04 11:46:20.361603,0 days 00:00:00.051150,1.8387653639793002,36.00679941017006,0.5269851023498043,673.8591222064904,1376.1335435958076,COMPLETE
1024,79.02423753720416,2024-03-04 11:46:20.558555,2024-03-04 11:46:20.609683,0 days 00:00:00.051128,1.8702191158943482,35.44236157528067,0.5910251141983776,533.3483652997857,1366.9459655934415,COMPLETE
1025,1527.7588660390088,2024-03-04 11:46:20.817754,2024-03-04 11:46:20.865594,0 days 00:00:00.047840,1.9226875738712705,36.19032015943119,0.5117520501076772,657.784148179848,1390.8181173714572,COMPLETE
1026,144.24778540165954,2024-03-04 11:46:21.058855,2024-03-04 11:46:21.107796,0 days 00:00:00.048941,1.9138426255436993,36.35617182266201,0.4905050643869957,522.3531370040605,1396.8215507144491,COMPLETE
1027,476.709739524226,2024-03-04 11:46:21.317889,2024-03-04 11:46:21.362894,0 days 00:00:00.045005,1.8093699388770925,34.960227562608765,0.5137027533841259,549.4269894950726,1576.7985911212993,COMPLETE
1028,75.22782911974447,2024-03-04 11:46:21.557479,2024-03-04 11:46:21.605211,0 days 00:00:00.047732,1.8565530888200203,35.38078825966361,0.5465647947585803,539.4541667096506,1365.030861215973,COMPLETE
1029,327.90486802129107,2024-03-04 11:46:21.807708,2024-03-04 11:46:21.856394,0 days 00:00:00.048686,1.8883439833120503,35.09883246196815,0.5065750423957637,533.518439393448,1251.1722146251843,COMPLETE
1030,273.974784891463,2024-03-04 11:46:22.047916,2024-03-04 11:46:22.095310,0 days 00:00:00.047394,1.8843865665858894,34.7241790220478,0.5931756526534272,516.8563933668657,1590.061392436724,COMPLETE
1031,37.87118948096578,2024-03-04 11:46:22.298448,2024-03-04 11:46:22.349783,0 days 00:00:00.051335,1.879386850781909,32.45597257736801,0.48292431740628655,529.6477232677825,1474.3264506576534,COMPLETE
1032,362.6976813008857,2024-03-04 11:46:22.554353,2024-03-04 11:46:22.601652,0 days 00:00:00.047299,1.9263214662444728,35.62356216020476,0.5869191973639304,525.927210827571,1547.240730534482,COMPLETE
1033,2335.765093506244,2024-03-04 11:46:22.806101,2024-03-04 11:46:22.855661,0 days 00:00:00.049560,1.864829749078616,30.020295702511504,0.46485520828195526,786.3206548779091,1291.2348083389193,COMPLETE
1034,2295.622580360306,2024-03-04 11:46:23.062735,2024-03-04 11:46:23.111331,0 days 00:00:00.048596,1.9434986999085182,36.18015643453592,0.45175529475231563,744.9136840103924,1391.9922479606137,COMPLETE
1035,147.27161445016193,2024-03-04 11:46:23.316124,2024-03-04 11:46:23.372775,0 days 00:00:00.056651,1.9351697023243415,31.659560726382278,0.5799014078089143,544.3770905052331,1357.0415701573158,COMPLETE
1036,3053.400682235978,2024-03-04 11:46:23.575506,2024-03-04 11:46:23.625051,0 days 00:00:00.049545,1.9256867495934555,36.3593933914931,0.5949189825455683,793.8482150648979,1501.78069056629,COMPLETE
1037,457.140768299588,2024-03-04 11:46:23.819226,2024-03-04 11:46:23.864141,0 days 00:00:00.044915,1.8539775921742974,35.309113785789165,0.583266878328245,501.2917950143087,1310.3572674441732,COMPLETE
1038,208.24288129636125,2024-03-04 11:46:24.048090,2024-03-04 11:46:24.095892,0 days 00:00:00.047802,1.943161327434702,35.85113668253499,0.5739607082400384,520.2532263582347,1300.5977732282686,COMPLETE
1039,468.14462227001025,2024-03-04 11:46:24.307369,2024-03-04 11:46:24.361081,0 days 00:00:00.053712,1.885998785135052,32.23280639656653,0.4113764272573926,535.2579640485441,1318.8754594662341,COMPLETE
1040,1023.8923167955273,2024-03-04 11:46:24.566669,2024-03-04 11:46:24.618225,0 days 00:00:00.051556,2.0153063123830433,32.669639086783526,0.5219285358184801,645.6910809637991,1214.1289803588932,COMPLETE
1041,364.8251151815783,2024-03-04 11:46:24.833201,2024-03-04 11:46:24.878745,0 days 00:00:00.045544,1.8411282249821002,34.571690805095834,0.5871842114031397,561.0474672811216,1352.1644144179165,COMPLETE
1042,2295.5960545169014,2024-03-04 11:46:25.063888,2024-03-04 11:46:25.110817,0 days 00:00:00.046929,1.8983966882396457,28.660205253953308,0.4609534224391587,775.9743065596821,1330.242940909799,COMPLETE
1043,2654.8347002199102,2024-03-04 11:46:25.306845,2024-03-04 11:46:25.354647,0 days 00:00:00.047802,1.905865622690668,32.90026853470042,0.5443806022758882,772.9213161458472,1363.5847528218262,COMPLETE
1044,72.33445950248874,2024-03-04 11:46:25.550039,2024-03-04 11:46:25.594999,0 days 00:00:00.044960,1.8831658552807327,30.87481102086912,0.5971167312087883,512.6621239397747,1479.2169892293766,COMPLETE
1045,822.511138468763,2024-03-04 11:46:25.782938,2024-03-04 11:46:25.828080,0 days 00:00:00.045142,1.8109801614136962,31.86254974295843,0.4199167783214199,623.1001256318041,1444.9693777309456,COMPLETE
1046,228.50848115481386,2024-03-04 11:46:26.018569,2024-03-04 11:46:26.065883,0 days 00:00:00.047314,1.8746465225089692,32.76557015599674,0.5557633630108291,527.9265520749142,1530.871359985161,COMPLETE
1047,230.5706842303658,2024-03-04 11:46:26.262758,2024-03-04 11:46:26.308659,0 days 00:00:00.045901,1.9015141660475976,34.114210835008244,0.44070326232304635,537.8409262905826,1346.4752871626752,COMPLETE
1048,2415.839538859789,2024-03-04 11:46:26.504275,2024-03-04 11:46:26.549146,0 days 00:00:00.044871,2.007374130170087,33.75293183378781,0.5768267000128464,732.0685566486148,1380.104273136145,COMPLETE
1049,732.4414395851317,2024-03-04 11:46:26.734652,2024-03-04 11:46:26.780265,0 days 00:00:00.045613,1.8974857091415833,36.85731495564743,0.47154375481066796,633.9985581171738,1203.3170437305719,COMPLETE
1050,536.5704732060849,2024-03-04 11:46:26.973406,2024-03-04 11:46:27.019279,0 days 00:00:00.045873,1.83000440198464,30.28896874453216,0.4349042708856852,529.8515788064473,1334.7216453509518,COMPLETE
1051,286.81895078226563,2024-03-04 11:46:27.213128,2024-03-04 11:46:27.258425,0 days 00:00:00.045297,1.8682798739204949,34.41055137893845,0.5021761358212538,521.1073841208892,1353.2187664229966,COMPLETE
1052,609.2814023879553,2024-03-04 11:46:27.469004,2024-03-04 11:46:27.523666,0 days 00:00:00.054662,2.0410904286124483,34.858367672198206,0.5409877635491679,547.2327612025307,1536.3330820826507,COMPLETE
1053,134.82697227350596,2024-03-04 11:46:27.726065,2024-03-04 11:46:27.771688,0 days 00:00:00.045623,1.9127104194778226,31.497834030596326,0.5086336186607895,540.9227623310413,1323.1441216390972,COMPLETE
1054,172.8811636353891,2024-03-04 11:46:27.964574,2024-03-04 11:46:28.009867,0 days 00:00:00.045293,1.8903666968341297,31.99367351795339,0.49338621079137723,532.3816753347847,1370.0555703431335,COMPLETE
1055,541.443271962773,2024-03-04 11:46:28.203559,2024-03-04 11:46:28.249193,0 days 00:00:00.045634,1.9404253426273104,28.023041421415574,0.48017552425226834,524.7408885288104,1316.3196110916074,COMPLETE
1056,764.6660810849309,2024-03-04 11:46:28.436832,2024-03-04 11:46:28.481519,0 days 00:00:00.044687,1.8465200707611884,33.084052075190726,0.5998048770778924,583.4005286777281,1409.8423802839045,COMPLETE
1057,445.5383157280395,2024-03-04 11:46:28.677296,2024-03-04 11:46:28.722820,0 days 00:00:00.045524,1.9166553774931394,28.96082313326848,0.5494554186364362,514.8682101892384,1336.3740443667225,COMPLETE
1058,365.62325506243224,2024-03-04 11:46:28.908934,2024-03-04 11:46:28.953704,0 days 00:00:00.044770,1.8345086320429616,35.10133371997254,0.5691797512139609,506.67196271584004,1344.2031542799284,COMPLETE
1059,183.99482877769134,2024-03-04 11:46:29.140617,2024-03-04 11:46:29.187651,0 days 00:00:00.047034,1.8952511409431094,32.5444596618753,0.5317891293745036,552.8878125864217,1211.0682783993018,COMPLETE
1060,54.577106366295574,2024-03-04 11:46:29.387947,2024-03-04 11:46:29.436714,0 days 00:00:00.048767,2.0268818849456536,30.700952874020093,0.5930277032083701,534.5205589136473,1357.9379271682621,COMPLETE
1061,978.2305652858037,2024-03-04 11:46:29.633042,2024-03-04 11:46:29.684530,0 days 00:00:00.051488,1.9158646944544853,35.34035592268553,0.5259955188278009,616.7038930528065,1329.0405866034512,COMPLETE
1062,394.7317116546505,2024-03-04 11:46:29.881159,2024-03-04 11:46:29.926472,0 days 00:00:00.045313,1.9520284414694746,36.01961460621625,0.4062778387755945,527.4355175658657,1349.0761904430067,COMPLETE
1063,607.4136615698908,2024-03-04 11:46:30.123783,2024-03-04 11:46:30.169706,0 days 00:00:00.045923,1.8904780440268485,33.20521842170104,0.5822074733372263,566.5135326658623,1429.401718637541,COMPLETE
1064,202.74790887856201,2024-03-04 11:46:30.365347,2024-03-04 11:46:30.409992,0 days 00:00:00.044645,2.005492773911432,32.370419009541074,0.5161360051619982,520.6342784161116,1365.0352925109949,COMPLETE
1065,264.1212299654231,2024-03-04 11:46:30.606687,2024-03-04 11:46:30.654078,0 days 00:00:00.047391,2.0216606059059767,33.40060383374551,0.5656548494683601,540.2301700913968,1401.6103977626938,COMPLETE
1066,210.3880953706965,2024-03-04 11:46:30.864779,2024-03-04 11:46:30.912564,0 days 00:00:00.047785,2.0892680219282638,29.271683560171443,0.5730918353346784,528.9935966025728,1305.0493561659748,COMPLETE
1067,336.2785471254755,2024-03-04 11:46:31.108633,2024-03-04 11:46:31.160744,0 days 00:00:00.052111,1.95956210885607,32.92657915234926,0.4165063864087807,535.3729690190357,1341.4863723245473,COMPLETE
1068,783.7855407800662,2024-03-04 11:46:31.357674,2024-03-04 11:46:31.408428,0 days 00:00:00.050754,1.9085057803755228,33.663894961120604,0.5598534749066573,587.4259046198091,1386.6585137725356,COMPLETE
1069,298.66332200770916,2024-03-04 11:46:31.597094,2024-03-04 11:46:31.647312,0 days 00:00:00.050218,1.9302179230895211,30.26743402170737,0.5914262835378036,518.5783403116986,1325.3570804859,COMPLETE
1070,650.6950993728157,2024-03-04 11:46:31.847218,2024-03-04 11:46:31.902908,0 days 00:00:00.055690,1.8769420020137093,33.85035830044352,0.44880157338132765,605.0444316543457,1356.3379009087255,COMPLETE
1071,1870.3586904627898,2024-03-04 11:46:32.101669,2024-03-04 11:46:32.146910,0 days 00:00:00.045241,2.0507233644053082,32.749635449727464,0.5201265834646813,687.8468339998306,1376.185476868747,COMPLETE
1072,2551.919239856363,2024-03-04 11:46:32.340679,2024-03-04 11:46:32.386325,0 days 00:00:00.045646,1.934457073651252,33.15958762631743,0.5373081005054329,766.4128813912081,1333.2726595667482,COMPLETE
1073,220.44756230308593,2024-03-04 11:46:32.575471,2024-03-04 11:46:32.621773,0 days 00:00:00.046302,2.0353685572249303,33.499544077856235,0.42677348729235143,545.010618784059,1512.1539712228719,COMPLETE
1074,232.7078196966918,2024-03-04 11:46:32.807673,2024-03-04 11:46:32.852777,0 days 00:00:00.045104,1.9912297300992017,35.69611338220511,0.5874573306437367,511.983784608055,1315.6851697188788,COMPLETE
1075,2201.3611751283265,2024-03-04 11:46:33.038184,2024-03-04 11:46:33.085549,0 days 00:00:00.047365,1.8018726577515993,36.432599610135775,0.5800056192240267,737.0495396973529,1345.2261911655498,COMPLETE
1076,98.61094178640492,2024-03-04 11:46:33.270438,2024-03-04 11:46:33.316102,0 days 00:00:00.045664,2.0679027178678204,32.176094252630904,0.5708005747188419,524.9848632196592,1333.579421721857,COMPLETE
1077,605.0762249860697,2024-03-04 11:46:33.502055,2024-03-04 11:46:33.551897,0 days 00:00:00.049842,1.8146802904604336,29.429100178725093,0.43111672969511117,599.5212303497764,1500.3133407206192,COMPLETE
1078,38.180412616543755,2024-03-04 11:46:33.740187,2024-03-04 11:46:33.785248,0 days 00:00:00.045061,2.1664629271905276,36.66506991288283,0.562267918188192,534.4895790629425,1271.3258850858747,COMPLETE
1079,645.6786686923614,2024-03-04 11:46:33.984831,2024-03-04 11:46:34.031588,0 days 00:00:00.046757,1.9729276639729891,34.021566788419406,0.5135722598187734,571.5346920968803,1438.064394704492,COMPLETE
1080,98.12407182636768,2024-03-04 11:46:34.218473,2024-03-04 11:46:34.263189,0 days 00:00:00.044716,1.9996268782545639,29.270316200928484,0.505403013351834,555.8986928496679,1352.2155864006065,COMPLETE
