number,value,datetime_start,datetime_complete,duration,params_Q10,params_SPAN,params_TDWI,params_TSUM1,params_TSUM2,state
0,2796.052189255468,2024-03-04 11:42:30.884741,2024-03-04 11:42:30.892327,0 days 00:00:00.007586,2.146850959577046,33.048803335654796,0.5988673960208171,752.4167521108703,1462.203660342318,COMPLETE
1,1111.5890650536285,2024-03-04 11:42:31.074726,2024-03-04 11:42:31.080603,0 days 00:00:00.005877,1.8531579764200534,35.937684682286005,0.4008063352427137,670.0940984675096,1317.2959095414349,COMPLETE
2,587.7360273335654,2024-03-04 11:42:31.275494,2024-03-04 11:42:31.281098,0 days 00:00:00.005604,2.1122216286940083,32.039590140106625,0.40412650310646425,581.7886923261715,1505.1106972484515,COMPLETE
3,2035.3806364791897,2024-03-04 11:42:31.477062,2024-03-04 11:42:31.482721,0 days 00:00:00.005659,2.078677584516254,31.3771278537083,0.4337277316301349,716.3452698650876,1436.9139686718606,COMPLETE
4,54.75399029528218,2024-03-04 11:42:31.670640,2024-03-04 11:42:31.676649,0 days 00:00:00.006009,1.9253676217708557,35.05532405764383,0.5089306209145208,544.6997699314885,1297.338732193485,COMPLETE
5,2439.2249601563017,2024-03-04 11:42:31.872860,2024-03-04 11:42:31.878820,0 days 00:00:00.005960,2.0071079124569433,30.264645069768243,0.552480534370515,721.9874829461932,1534.5113769613945,COMPLETE
6,2218.443345200837,2024-03-04 11:42:32.073961,2024-03-04 11:42:32.080807,0 days 00:00:00.006846,1.917492584446804,36.27032633066297,0.4290677241297487,775.8218820368265,1256.025638384114,COMPLETE
7,2820.5766293964984,2024-03-04 11:42:32.265698,2024-03-04 11:42:32.271058,0 days 00:00:00.005360,2.130953321018228,32.39571562294043,0.5856683915879717,765.2660689923772,1414.3897362983896,COMPLETE
8,2151.672298295572,2024-03-04 11:42:32.466498,2024-03-04 11:42:32.472281,0 days 00:00:00.005783,2.1259710537257352,31.011435739672123,0.5348577217435204,691.3632423088903,1518.7107512242976,COMPLETE
9,606.9746318399207,2024-03-04 11:42:32.661226,2024-03-04 11:42:32.667027,0 days 00:00:00.005801,2.1830924252542228,36.89541153697925,0.49322079054496637,510.60767514269344,1208.0398134771706,COMPLETE
10,529.3926540206289,2024-03-04 11:42:32.850655,2024-03-04 11:42:32.870209,0 days 00:00:00.019554,1.814038733832909,28.095346879840026,0.4898249942735959,611.109548895321,1338.7662898036147,COMPLETE
11,627.9413313159083,2024-03-04 11:42:33.051938,2024-03-04 11:42:33.071215,0 days 00:00:00.019277,1.8051187768412083,28.447035907088477,0.4876770189735979,619.300977115467,1341.3095522085807,COMPLETE
12,78.57222217456669,2024-03-04 11:42:33.259964,2024-03-04 11:42:33.281125,0 days 00:00:00.021161,1.918509640991514,28.015258922471645,0.47610444806821817,567.009471774927,1348.7232775957928,COMPLETE
13,113.12057508505441,2024-03-04 11:42:33.470957,2024-03-04 11:42:33.491487,0 days 00:00:00.020530,1.9319166225640096,34.40334432170297,0.466162048974719,532.0020789550317,1390.3826245423381,COMPLETE
14,852.0422814023026,2024-03-04 11:42:33.686096,2024-03-04 11:42:33.705592,0 days 00:00:00.019496,1.9498162416668676,34.04880188758676,0.5215225525881383,567.2059849295403,1593.828685908398,COMPLETE
15,337.6624583108502,2024-03-04 11:42:33.889350,2024-03-04 11:42:33.909628,0 days 00:00:00.020278,1.8731633862964743,29.417804081623295,0.46881809439730143,545.8991524165835,1294.6764789772772,COMPLETE
16,391.80613013892133,2024-03-04 11:42:34.125068,2024-03-04 11:42:34.144763,0 days 00:00:00.019695,1.9966682961486182,29.836068683400416,0.5189000737437064,510.5700101759159,1374.1968711866396,COMPLETE
17,496.4382932415747,2024-03-04 11:42:34.328331,2024-03-04 11:42:34.348577,0 days 00:00:00.020246,1.9825569462328725,34.80234640849566,0.4616416092290816,596.3763315208683,1276.5376830418093,COMPLETE
18,1217.4880923558164,2024-03-04 11:42:34.531588,2024-03-04 11:42:34.551339,0 days 00:00:00.019751,1.889540789743502,33.606216107501055,0.5032825696307294,640.9110246141155,1364.460376048026,COMPLETE
19,155.78501007606656,2024-03-04 11:42:34.733585,2024-03-04 11:42:34.753259,0 days 00:00:00.019674,2.0355026387674924,32.737846518472274,0.545064791994997,560.6993294831717,1253.1310962596272,COMPLETE
20,592.1375889483129,2024-03-04 11:42:34.940306,2024-03-04 11:42:34.959908,0 days 00:00:00.019602,1.9615332925206594,35.16095561581483,0.5645050690708618,579.8405683456613,1312.8190070640046,COMPLETE
21,97.41175146872718,2024-03-04 11:42:35.138668,2024-03-04 11:42:35.159980,0 days 00:00:00.021312,1.9317484933024787,34.36206314635826,0.4651426480992673,534.8005363318689,1382.7867106932292,COMPLETE
22,66.25198547274138,2024-03-04 11:42:35.347373,2024-03-04 11:42:35.371208,0 days 00:00:00.023835,1.9187142578958045,33.563248263539464,0.5075117041716375,536.8528581018124,1349.7800908117702,COMPLETE
23,513.8466773224377,2024-03-04 11:42:35.582446,2024-03-04 11:42:35.602580,0 days 00:00:00.020134,1.896943029923016,33.43527901531747,0.5198563223803079,501.31513174985713,1335.6326214757316,COMPLETE
24,159.76399707989114,2024-03-04 11:42:35.787768,2024-03-04 11:42:35.809224,0 days 00:00:00.021456,1.9158234107427403,35.185675739557745,0.504835951978186,562.5333618404197,1286.4556069768137,COMPLETE
25,93.1232081986134,2024-03-04 11:42:35.999012,2024-03-04 11:42:36.020971,0 days 00:00:00.021959,1.8525270320964886,33.41801776413216,0.5106640555013349,537.2393659027845,1355.9789963593307,COMPLETE
26,832.229098536902,2024-03-04 11:42:36.227578,2024-03-04 11:42:36.249189,0 days 00:00:00.021611,1.8941493493420336,32.0061052884021,0.5305745882543744,597.4310225577345,1402.4897836867565,COMPLETE
27,138.2241587865083,2024-03-04 11:42:36.450117,2024-03-04 11:42:36.472723,0 days 00:00:00.022606,1.9681357826529364,28.712949511156562,0.49376307519775503,551.4159823443531,1313.1291059165662,COMPLETE
28,285.59375543657086,2024-03-04 11:42:36.674916,2024-03-04 11:42:36.696408,0 days 00:00:00.021492,1.9476657054252975,30.74920988097071,0.4806158986926559,528.337206548028,1358.288169118243,COMPLETE
29,693.9099487968211,2024-03-04 11:42:36.884814,2024-03-04 11:42:36.905101,0 days 00:00:00.020287,2.0212732243840486,33.00521630621997,0.5077279851861547,578.6815976257192,1421.1269716771656,COMPLETE
30,267.4052115003121,2024-03-04 11:42:37.086827,2024-03-04 11:42:37.107744,0 days 00:00:00.020917,1.969921960047968,29.14283487484677,0.4782450798489929,515.8796098750212,1471.1083661991945,COMPLETE
31,31.506424616809458,2024-03-04 11:42:37.298879,2024-03-04 11:42:37.321625,0 days 00:00:00.022746,1.8536903780422875,33.49976757160529,0.5066933545809416,542.8224258468086,1360.166922043709,COMPLETE
32,137.00045585465725,2024-03-04 11:42:37.518608,2024-03-04 11:42:37.540201,0 days 00:00:00.021593,1.876245482013917,33.816853950688376,0.5021446149345312,549.4774067375226,1381.2327847125184,COMPLETE
33,351.90435007473,2024-03-04 11:42:37.719131,2024-03-04 11:42:37.741447,0 days 00:00:00.022316,1.8423538597370712,33.06138807851486,0.5136994397243675,521.8168948394679,1331.327994920416,COMPLETE
34,652.1456727802853,2024-03-04 11:42:37.917325,2024-03-04 11:42:37.938651,0 days 00:00:00.021326,1.8351303262596632,31.60355084177829,0.5292842815880904,500.9238017823597,1309.0107570545617,COMPLETE
35,248.8045156755394,2024-03-04 11:42:38.114038,2024-03-04 11:42:38.134865,0 days 00:00:00.020827,1.912761300447756,32.46433296120974,0.47867724601686396,567.1076570724726,1356.0801049845118,COMPLETE
36,111.58188739244315,2024-03-04 11:42:38.327358,2024-03-04 11:42:38.349835,0 days 00:00:00.022477,1.8653858341385714,35.60648318286814,0.49787913341653656,543.2542248451113,1401.9185563558003,COMPLETE
37,473.03830074961087,2024-03-04 11:42:38.538987,2024-03-04 11:42:38.561314,0 days 00:00:00.022327,1.8311200395331424,32.013070643129396,0.45453086905040674,582.6290249581826,1439.017881921157,COMPLETE
38,441.09224399637253,2024-03-04 11:42:38.742226,2024-03-04 11:42:38.763193,0 days 00:00:00.020967,1.8648529576816335,34.14612572708366,0.4523055053504109,524.5238319049446,1323.5808731540662,COMPLETE
39,130.18475618654543,2024-03-04 11:42:38.967485,2024-03-04 11:42:38.991491,0 days 00:00:00.024006,1.9073820689862802,30.67647724247167,0.5395517829994269,552.8762565465291,1352.6080280769258,COMPLETE
40,232.22649180223152,2024-03-04 11:42:39.203832,2024-03-04 11:42:39.230390,0 days 00:00:00.026558,1.8796462468499135,31.35401712498216,0.5261816417430687,523.9529250050765,1372.032386286253,COMPLETE
41,91.29064562255661,2024-03-04 11:42:39.442098,2024-03-04 11:42:39.465684,0 days 00:00:00.023586,1.853600233792601,33.557756120297455,0.5107827993653028,538.0011732747008,1350.4678872922798,COMPLETE
42,124.3826982120794,2024-03-04 11:42:39.665198,2024-03-04 11:42:39.687696,0 days 00:00:00.022498,1.8574881190771435,33.19277513587524,0.5078150041644586,537.8138091103398,1341.9328568196845,COMPLETE
43,72.3692567994471,2024-03-04 11:42:39.872026,2024-03-04 11:42:39.892942,0 days 00:00:00.020916,1.8210122770236008,33.74001285265158,0.49453226923138593,557.5645175163447,1328.4340036829196,COMPLETE
44,293.8477244377246,2024-03-04 11:42:40.076108,2024-03-04 11:42:40.098075,0 days 00:00:00.021967,1.9252183898120863,34.48000742810773,0.4899137536474705,569.582478540335,1323.704597006458,COMPLETE
45,88.58027188808633,2024-03-04 11:42:40.289068,2024-03-04 11:42:40.311570,0 days 00:00:00.022502,1.815041525851479,33.93709400359323,0.4866856063695174,553.388597690253,1304.5851497334909,COMPLETE
46,356.70376774007656,2024-03-04 11:42:40.507265,2024-03-04 11:42:40.540162,0 days 00:00:00.032897,1.8016482666251867,32.79204331918458,0.4982424143242936,592.4223236513096,1274.7244866776348,COMPLETE
47,907.2860207775402,2024-03-04 11:42:40.724855,2024-03-04 11:42:40.748725,0 days 00:00:00.023870,1.8304264536536956,33.850248959155195,0.5152107875380135,610.4445711197641,1386.3805750830986,COMPLETE
48,412.5177664271105,2024-03-04 11:42:40.930635,2024-03-04 11:42:40.951931,0 days 00:00:00.021296,1.8901277243751053,32.33151250421705,0.5234439853675159,514.8891328705587,1326.0890604276315,COMPLETE
49,316.8357544254667,2024-03-04 11:42:41.137339,2024-03-04 11:42:41.159273,0 days 00:00:00.021934,1.9355727400291238,34.59292565794961,0.49694105301762276,561.6529355185795,1369.3192249070544,COMPLETE
50,269.52112859422834,2024-03-04 11:42:41.341361,2024-03-04 11:42:41.362536,0 days 00:00:00.021175,1.8983128411386951,36.06987546837459,0.4842851470802003,573.2689126065613,1296.5309230686235,COMPLETE
51,43.47963853053253,2024-03-04 11:42:41.552100,2024-03-04 11:42:41.573928,0 days 00:00:00.021828,1.8156294984715162,34.13781725856085,0.488547819133728,550.6058927554285,1340.7330769172545,COMPLETE
52,119.28657471766597,2024-03-04 11:42:41.753053,2024-03-04 11:42:41.774224,0 days 00:00:00.021171,1.8134065890727926,34.156545784424004,0.4745392959140493,546.7627077872564,1336.9318396525957,COMPLETE
53,184.74876377075947,2024-03-04 11:42:41.948461,2024-03-04 11:42:41.970386,0 days 00:00:00.021925,1.822525572175642,34.74605990845108,0.4918451432713656,530.6645149113045,1370.2244420110496,COMPLETE
54,167.3545394404554,2024-03-04 11:42:42.164465,2024-03-04 11:42:42.185490,0 days 00:00:00.021025,1.843039792621157,33.28544013584355,0.5019128214103022,560.9930210007058,1343.9268325293592,COMPLETE
55,259.98650839385186,2024-03-04 11:42:42.373034,2024-03-04 11:42:42.396606,0 days 00:00:00.023572,1.876297854516027,28.01788505761706,0.4869992019181235,588.2711649269818,1317.074781992884,COMPLETE
56,454.70546403303763,2024-03-04 11:42:42.579011,2024-03-04 11:42:42.600141,0 days 00:00:00.021130,1.8058336313697758,33.760203251960455,0.5168297227377173,574.5619566163514,1392.356692929788,COMPLETE
57,605.8597503957687,2024-03-04 11:42:42.773334,2024-03-04 11:42:42.796213,0 days 00:00:00.022879,1.845583087809866,34.9386782504729,0.47602410198700196,510.36295409092344,1297.674196153172,COMPLETE
58,222.93361102425538,2024-03-04 11:42:42.971964,2024-03-04 11:42:42.993086,0 days 00:00:00.021122,1.9045232429269487,34.27670650336855,0.4717799853536099,543.6651122112324,1278.3102509671708,COMPLETE
59,150.7791104837709,2024-03-04 11:42:43.170806,2024-03-04 11:42:43.192748,0 days 00:00:00.021942,1.8222053428173508,33.50153212645158,0.4933076108651787,555.5576635986969,1259.4758460105045,COMPLETE
60,193.41277493847238,2024-03-04 11:42:43.381334,2024-03-04 11:42:43.402726,0 days 00:00:00.021392,1.8593545261329743,32.884708377970945,0.5047033990440928,530.0148404778705,1361.3343275605987,COMPLETE
61,98.26928443097617,2024-03-04 11:42:43.595971,2024-03-04 11:42:43.617870,0 days 00:00:00.021899,1.822525822839703,33.916463071290956,0.4855049485960314,553.305928842948,1298.7761823201606,COMPLETE
62,115.54878791818012,2024-03-04 11:42:43.791469,2024-03-04 11:42:43.812837,0 days 00:00:00.021368,1.8003396466282773,33.97049907865425,0.4819243536789204,567.5442841680722,1310.7261279130223,COMPLETE
63,117.59270639436477,2024-03-04 11:42:43.988003,2024-03-04 11:42:44.011128,0 days 00:00:00.023125,1.816689600156591,34.46156270981541,0.49751373947192923,542.120738960588,1334.4107855033744,COMPLETE
64,142.40172649503785,2024-03-04 11:42:44.208644,2024-03-04 11:42:44.231202,0 days 00:00:00.022558,1.8385487936330924,33.23983453137509,0.5117887226153305,556.6089739458212,1350.6537439075262,COMPLETE
65,453.25467880391614,2024-03-04 11:42:44.413597,2024-03-04 11:42:44.435393,0 days 00:00:00.021796,1.9198385690902622,33.62589468827134,0.48983622074052285,582.3720224226738,1329.7499473538471,COMPLETE
66,364.16482526308675,2024-03-04 11:42:44.625296,2024-03-04 11:42:44.647068,0 days 00:00:00.021772,1.8493605333251275,32.659427717884924,0.4696298765284673,533.1462190629828,1311.0347896364083,COMPLETE
67,136.06865853364764,2024-03-04 11:42:44.834116,2024-03-04 11:42:44.857770,0 days 00:00:00.023654,1.8797391345610908,35.14651609631875,0.5183375605471661,547.3244234339062,1364.6700847608927,COMPLETE
68,258.26654363824525,2024-03-04 11:42:45.048548,2024-03-04 11:42:45.070581,0 days 00:00:00.022033,1.9385068810127373,34.110960692313824,0.5016878010644865,522.0622955286616,1342.4036007793063,COMPLETE
69,194.8469078996613,2024-03-04 11:42:45.259657,2024-03-04 11:42:45.281119,0 days 00:00:00.021462,1.866632754592507,34.71757599349108,0.4856879136197322,566.4367175338815,1319.7172055135422,COMPLETE
70,682.2168076813414,2024-03-04 11:42:45.465649,2024-03-04 11:42:45.487063,0 days 00:00:00.021414,1.8842954960919858,35.413821787273655,0.5062401291500582,601.6082363888135,1305.7078640177533,COMPLETE
71,59.50312426661633,2024-03-04 11:42:45.673348,2024-03-04 11:42:45.696092,0 days 00:00:00.022744,1.8538350656003664,33.65994042166209,0.5225234773038849,539.0276162447211,1347.4064720963722,COMPLETE
72,60.17961681504695,2024-03-04 11:42:45.878668,2024-03-04 11:42:45.902337,0 days 00:00:00.023669,1.8368674119642934,33.099619603512636,0.5252045480219131,540.4194456108545,1349.719941103182,COMPLETE
73,26.959446693001574,2024-03-04 11:42:46.081880,2024-03-04 11:42:46.103532,0 days 00:00:00.021652,1.83179039327997,33.157085302287115,0.5316829281735634,538.2601197405395,1378.3181190861808,COMPLETE
74,55.65234991927785,2024-03-04 11:42:46.289014,2024-03-04 11:42:46.310744,0 days 00:00:00.021730,1.8365666484776548,33.145891528875524,0.5340821072493425,537.9180909683569,1357.5784558346995,COMPLETE
75,369.80181155837676,2024-03-04 11:42:46.488243,2024-03-04 11:42:46.511489,0 days 00:00:00.023246,1.8364884890579058,33.198404947129696,0.5293682959216135,508.86603587755144,1380.1260195704513,COMPLETE
76,212.30233093667584,2024-03-04 11:42:46.700975,2024-03-04 11:42:46.724994,0 days 00:00:00.024019,1.8513178426816959,32.94732956495881,0.5348693385937452,518.3181996535258,1394.2837793958247,COMPLETE
77,65.90945641262459,2024-03-04 11:42:46.907035,2024-03-04 11:42:46.929035,0 days 00:00:00.022000,1.8680955020920218,33.39187755590192,0.523102321376967,532.9420188199474,1376.2124335296814,COMPLETE
78,152.10191061502627,2024-03-04 11:42:47.106748,2024-03-04 11:42:47.129079,0 days 00:00:00.022331,1.8302473899939449,32.620775585507076,0.5237897913630346,530.2236398028831,1374.8542520190847,COMPLETE
79,29.37284817617697,2024-03-04 11:42:47.323082,2024-03-04 11:42:47.346443,0 days 00:00:00.023361,1.8686074642614796,33.29905613400504,0.546620961103102,538.2993674088509,1360.1140713876675,COMPLETE
80,116.19859189085633,2024-03-04 11:42:47.540159,2024-03-04 11:42:47.563518,0 days 00:00:00.023359,1.844058746829881,33.069984694801356,0.5466070942762135,539.8616075717829,1408.1305072226305,COMPLETE
81,185.11578724714556,2024-03-04 11:42:47.754966,2024-03-04 11:42:47.777786,0 days 00:00:00.022820,1.8666429687924273,33.499468033077015,0.5347522891591376,524.0159908658727,1361.558924914906,COMPLETE
82,122.9939682089818,2024-03-04 11:42:47.971240,2024-03-04 11:42:47.993642,0 days 00:00:00.022402,1.85975839337961,33.32492354698996,0.5255730290930083,546.1383763468475,1382.5102217412325,COMPLETE
83,127.59773103562415,2024-03-04 11:42:48.185477,2024-03-04 11:42:48.208428,0 days 00:00:00.022951,1.8715637569440877,32.400885819179564,0.5201176967236292,533.7393579579748,1356.508237572742,COMPLETE
84,293.7295465730278,2024-03-04 11:42:48.400546,2024-03-04 11:42:48.423584,0 days 00:00:00.023038,1.8577736269883713,32.8512316230752,0.5422350314456897,514.4286588588185,1370.4634289415167,COMPLETE
85,420.47590966772077,2024-03-04 11:42:48.620385,2024-03-04 11:42:48.642460,0 days 00:00:00.022075,1.8315808836274916,33.691702536249096,0.551234215837414,506.0689130473634,1348.5751195875437,COMPLETE
86,160.1929258754261,2024-03-04 11:42:48.866543,2024-03-04 11:42:48.889708,0 days 00:00:00.023165,1.8511810209489914,33.09164402152193,0.5345931734335271,522.2672375918825,1394.2531333337581,COMPLETE
87,71.63248959308387,2024-03-04 11:42:49.082385,2024-03-04 11:42:49.105341,0 days 00:00:00.022956,1.8707531862243036,34.20789049628801,0.5175053372494113,538.4164384560705,1338.191897911629,COMPLETE
88,63.24967655963012,2024-03-04 11:42:49.297946,2024-03-04 11:42:49.322974,0 days 00:00:00.025028,1.8917281888200266,34.38719787952694,0.5289354454220612,528.1489505614496,1381.8880219763564,COMPLETE
89,201.1406794946871,2024-03-04 11:42:49.518111,2024-03-04 11:42:49.540431,0 days 00:00:00.022320,1.8880581578021456,34.01134957250912,0.5579491573201216,517.1743537972229,1361.8865403388183,COMPLETE
90,399.5964793324021,2024-03-04 11:42:49.729497,2024-03-04 11:42:49.751866,0 days 00:00:00.022369,1.8388321027989414,34.31650266375508,0.5376840167627878,500.86602498516834,1385.6972246390635,COMPLETE
91,87.04928474996031,2024-03-04 11:42:49.939565,2024-03-04 11:42:49.962364,0 days 00:00:00.022799,1.88914111501733,33.34081943072235,0.5303370083934121,528.619375556595,1378.0460266505768,COMPLETE
92,128.36331788263726,2024-03-04 11:42:50.138063,2024-03-04 11:42:50.160463,0 days 00:00:00.022400,1.902091524495761,33.43092978948245,0.5258088973976371,549.715223247299,1346.881709592945,COMPLETE
93,88.36177460672724,2024-03-04 11:42:50.340641,2024-03-04 11:42:50.362534,0 days 00:00:00.021893,1.875855229980434,33.70473734812772,0.5412483508866457,541.6445131155676,1369.0558856333876,COMPLETE
94,331.46599425869607,2024-03-04 11:42:50.545227,2024-03-04 11:42:50.566871,0 days 00:00:00.021644,1.8609464655941266,32.97855983169952,0.512730913631005,559.7270048440448,1414.2114262900045,COMPLETE
95,95.32319984139765,2024-03-04 11:42:50.749817,2024-03-04 11:42:50.771592,0 days 00:00:00.021775,1.8447200745866619,34.55539611261388,0.5222245974622285,526.8506062316147,1396.6444966250704,COMPLETE
96,84.09714888978634,2024-03-04 11:42:50.964920,2024-03-04 11:42:50.988484,0 days 00:00:00.023564,1.8525399704064844,33.79486760687455,0.5287822133225504,534.2991832116976,1355.8153517114479,COMPLETE
97,62.63069538979386,2024-03-04 11:42:51.165665,2024-03-04 11:42:51.188656,0 days 00:00:00.022991,1.8115723053005663,32.709459701876824,0.5144850946161288,546.5448462884901,1387.7867446396506,COMPLETE
98,49.28795234757022,2024-03-04 11:42:51.369536,2024-03-04 11:42:51.391525,0 days 00:00:00.021989,1.8119278975675328,32.5953545630857,0.513147440353876,546.0772883052442,1385.5531636893502,COMPLETE
99,114.54817037496474,2024-03-04 11:42:51.572503,2024-03-04 11:42:51.595377,0 days 00:00:00.022874,1.809672957179285,32.66638775119129,0.5062229674555779,549.7565375604347,1404.7131314269247,COMPLETE
100,270.1708171389214,2024-03-04 11:42:51.775557,2024-03-04 11:42:51.798212,0 days 00:00:00.022655,1.8008316384485379,32.581386192238135,0.5150202891343815,574.1049191041585,1326.1180112287186,COMPLETE
101,46.70238477756858,2024-03-04 11:42:51.980478,2024-03-04 11:42:52.004758,0 days 00:00:00.024280,1.8241727394842362,32.37045093311579,0.5092581168195696,540.5533711422505,1386.2327660366093,COMPLETE
102,32.9035196974862,2024-03-04 11:42:52.184560,2024-03-04 11:42:52.207363,0 days 00:00:00.022803,1.8136352187949514,32.194086641467955,0.5089152038250023,544.7461242362003,1387.9188872466123,COMPLETE
103,52.4491883814466,2024-03-04 11:42:52.393188,2024-03-04 11:42:52.416037,0 days 00:00:00.022849,1.8234251110225406,32.426459990934724,0.5108781108173414,553.543066316421,1336.9769122288942,COMPLETE
104,90.0804468083451,2024-03-04 11:42:52.599948,2024-03-04 11:42:52.622653,0 days 00:00:00.022705,1.8275963339193348,32.05473718292751,0.5098002747476466,553.6502217397602,1364.3554757043935,COMPLETE
105,96.08132579639819,2024-03-04 11:42:52.801115,2024-03-04 11:42:52.823418,0 days 00:00:00.022303,1.820304287885746,32.342127641841586,0.5002442218618055,560.0677756263528,1336.3274512294756,COMPLETE
106,137.61293850974323,2024-03-04 11:42:53.006642,2024-03-04 11:42:53.030805,0 days 00:00:00.024163,1.808426091889315,32.086592614189634,0.5093905934854553,562.3759977592316,1342.3286295721816,COMPLETE
107,52.33834699604785,2024-03-04 11:42:53.221985,2024-03-04 11:42:53.245493,0 days 00:00:00.023508,1.8268875865363423,32.799311157427084,0.5183384028660635,541.9742862979588,1399.432607412263,COMPLETE
